<?xml version="1.0" encoding="UTF-8"?>
<!-- Generated by org.testng.reporters.JUnitReportReporter -->
<testsuite hostname="DSK-4052" failures="0" tests="7" name="usedCar.HPNR.Acquisition_Quotes_HPNR_HPNR_used_car_without_maintenance_Test" time="575.686" errors="0" timestamp="2025-04-19T08:18:17 IST" skipped="0">
  <testcase classname="usedCar.HPNR.Acquisition_Quotes_HPNR_HPNR_used_car_without_maintenance_Test" name="aquisition_quotes_OTR_calculation_without_maintenance_test" time="92.244"/>
  <system-out>
    <![CDATA[<b>Clicked on Quote button </b> <br />
<b>Selecting used vehicle with registration no. = GY19XAG and mileage = 15000</b> <br />
<b>Vehicle selected</b> <br />
<b>Paint option has been selected</b> <br />
<b>Interior option has been selected</b> <br />
<b> Acquisition Contract type option = HPNR has been selected</b> <br />
<b> Customer Contract type option = HPNR has been selected</b> <br />
<b>Cost Price ex VAT and RFL from screen is 17875.0</b> <br />
<b>VAT from screen is 3575.0</b> <br />
<b>Cost Price ex VAT and RFL calculated is 17875.0</b> <br />
<b>Cost Price ex VAT and RFL verified and found OK</b> <br />]]>
  </system-out>
  <testcase classname="usedCar.HPNR.Acquisition_Quotes_HPNR_HPNR_used_car_without_maintenance_Test" name="aquisition_quotes_holding_cost_calculations_without_maintenance_test" time="51.000"/>
  <system-out>
    <![CDATA[<b>***********Entered into holding cost page ***********</b> <br />
<b>Clicked on holding cost summary</b> <br />
<b></b> <br />
<b>Verifying Holding Cost Based on CAP data</b> <br />
<b>Getting on screen values from Holding Cost Page</b> <br />
<b>Duration(Terms) =36.0</b> <br />
<b>Annual_mileage =10000.0</b> <br />
<b>Cap_residual_value_from_screen =0.0</b> <br />
<b>Writing Holding Cost Summary values to excel has been started</b> <br />
<b>Writing Holding Cost Summary values to excel has been completed</b> <br />
<b>Reading Monthly Holding Cost value from excel has been started</b> <br />
<b>Reading Monthly Holding Cost value from excel has been completed</b> <br />
<b>Total_monthly_holding_cost_from_screen =572.59</b> <br />
<b>Total_monthly_holding_cost_from_excel =572.5889766164834</b> <br />
<b>Total Monthly Holding Cost based on CAP data is Verified and Found OK</b> <br />
<b></b> <br />
<b>Editing % CAP Residual Value used</b> <br />
<b>Changing % CAP Residual Value (from test  data) to 50</b> <br />
<b>Writing Holding Cost Summary values to excel has been started</b> <br />
<b>Writing Holding Cost Summary values to excel has been completed</b> <br />
<b>Reading Monthly Holding Cost value from excel has been started</b> <br />
<b>Reading Monthly Holding Cost value from excel has been completed</b> <br />
<b>Total_monthly_holding_cost_from_screen =572.59</b> <br />
<b>Total_monthly_holding_cost_from_excel =572.5889766164834</b> <br />
<b>Total Monthly Holding Cost After Editing % Residual Value is Verified and Found OK</b> <br />
<b></b> <br />
<b>Editing Residual value used</b> <br />
<b>Changing Residual value used to =20000</b> <br />
<b>Writing Holding Cost Summary values to excel has been started</b> <br />
<b>Writing Holding Cost Summary values to excel has been completed</b> <br />
<b>Reading Monthly Holding Cost value from excel has been started</b> <br />
<b>Reading Monthly Holding Cost value from excel has been completed</b> <br />
<b>Total_monthly_holding_cost_from_screen =173.81</b> <br />
<b>Total_monthly_holding_cost_from_excel =173.80794190601443</b> <br />
<b>Total Monthly Holding Cost After Editing Residual Value is Verified and Found OK</b> <br />
<b></b> <br />
<b>Editing additional terms and mileage</b> <br />
<b>Updated Residual Value from screen  (to be sent to calculation excel) is =0.00</b> <br />
<b>Writing Holding Cost Summary values to excel has been started</b> <br />
<b>Writing Holding Cost Summary values to excel has been completed</b> <br />
<b>Reading Monthly Holding Cost value from excel has been started</b> <br />
<b>Reading Monthly Holding Cost value from excel has been completed</b> <br />
<b>Total_monthly_holding_cost_from_screen =586.74</b> <br />
<b>Total_monthly_holding_cost_from_excel =586.7389389590238</b> <br />
<b>Total Monthly Holding Cost After Editing Additional terms and mileage is Verified and Found OK</b> <br />]]>
  </system-out>
  <testcase classname="usedCar.HPNR.Acquisition_Quotes_HPNR_HPNR_used_car_without_maintenance_Test" name="aquisition_quotes_customer_quote_calculations_check_monthly_finance_payment_without_maintenance_test" time="88.937"/>
  <system-out>
    <![CDATA[<b>***********Entered in Customer Quote page ***********</b> <br />
<b>Matrix credit type A1 Credit has been selected</b> <br />
<b>Writing configuration values from property file to Excel for customer quote calculation -started</b> <br />
<b>Writing configuration values from property file to Excel for customer quote calculation -completed</b> <br />
<b>Actual Monthly Finance Payment from screen is 827.54</b> <br />
<b>Expected Monthly Finannce Rental from excel is 827.5387599754</b> <br />]]>
  </system-out>
  <testcase classname="usedCar.HPNR.Acquisition_Quotes_HPNR_HPNR_used_car_without_maintenance_Test" name="aquisition_quotes_customer_quote_part_exchange_value_edit_check_without_maintenance_test" time="54.744"/>
  <system-out>
    <![CDATA[<b>Entering the deposit Values</b> <br />
<b></b> <br />
<b>Balance To Finance Expected is 21750.003999999997</b> <br />
<b>Balance To Finance Actual is 21750.0</b> <br />
<b></b> <br />
<b>Monthly Finance Payment Expected is 757.8512971879915</b> <br />
<b>Monthly Finance Payment Actual is 757.85</b> <br />
<b></b> <br />
<b>Monthly Finance Payment verified after editing part exchange values and deposit values</b> <br />]]>
  </system-out>
  <testcase classname="usedCar.HPNR.Acquisition_Quotes_HPNR_HPNR_used_car_without_maintenance_Test" name="aquisition_quotes_customer_quote_monthly_finance_payment_after_balloon_payment_off_without_maintenance_test" time="16.327"/>
  <system-out>
    <![CDATA[<b></b> <br />
<b>Monthly Finance Payment Expected (with balloon payment toggle button off) is 757.8512971879915</b> <br />
<b>Monthly Finance Payment Actual (with balloon payment toggle button off) is 757.85</b> <br />
<b></b> <br />
<b>Monthly Finance Payment verified after making balloon payment toggle button off</b> <br />]]>
  </system-out>
  <testcase classname="usedCar.HPNR.Acquisition_Quotes_HPNR_HPNR_used_car_without_maintenance_Test" name="aquisition_quotes_verify_customer_quote_monthly_finance_payment_after_adding_referrer_commission_test" time="56.940"/>
  <system-out>
    <![CDATA[<b>Referrer Commission 1420added to the referrer commission field</b> <br />
<b></b> <br />
<b>Monthly Finance Payment Expected (after adding Referrer Commission) is 807.3293957670514</b> <br />
<b>Monthly Finance Payment Actual (after adding Referrer Commission) is 807.33</b> <br />
<b></b> <br />
<b>Monthly Finance Payment verified after adding Referrer Commission</b> <br />]]>
  </system-out>
  <testcase classname="usedCar.HPNR.Acquisition_Quotes_HPNR_HPNR_used_car_without_maintenance_Test" name="aquisition_quotes_quote_summary_values_verification_without_maintenance_test" time="215.494"/>
  <system-out>
    <![CDATA[<b>*************OTR Calulation on quote summary page has been started************</b> <br />
<b>Reading values from OTR calculation -Quote Summary Page</b> <br />
<b>Cost otr price from screen is 21450.0</b> <br />
<b>Cost price ex vat and rfl from screen is 17875.0</b> <br />
<b>Otr Vat from screen is 3575.0</b> <br />
<b>Cost otr price from excel is 21450.0</b> <br />
<b>Cost price ex vat and rfl from excel is 17875.0</b> <br />
<b>Otr Vat from excel is 3575.0</b> <br />
<b>OTR price compared</b> <br />
<b>Cost price ex vat and rfl compared</b> <br />
<b>VAT compared</b> <br />
<b>*************Holding Cost Calulation on quote summary page has been started************</b> <br />
<b>Reading values from Holding Cost summary -Quote Summary Page</b> <br />
<b></b> <br />
<b>Holding cost Terms from screen35.0</b> <br />
<b>Holding cost miles per annum from screen is 35000.0</b> <br />
<b>Holding cost monthly finance cost from screen is 586.74</b> <br />
<b>Holding cost total monthly holding cost from screen is 586.74</b> <br />
<b></b> <br />
<b>Holding cost Terms from excel is 35.0</b> <br />
<b>Holding cost miles per annum from excel is 35000.0</b> <br />
<b>Holding cost monthly finance cost from excel is 586.7389389590238</b> <br />
<b>Holding cost total monthly holding cost from excel is 586.7389389590238</b> <br />
<b>terms compared</b> <br />
<b>Miles per annum compared</b> <br />
<b>Finance cost compared</b> <br />
<b>Total Monthly Holding Cost compared</b> <br />
<b>*************Customer Quote Calulation on quote summary page has been started************</b> <br />
<b>Terms found OK</b> <br />
<b>miles found OK</b> <br />
<b>Basic Cash Price found OK</b> <br />
<b>VAT found OK</b> <br />
<b>Non VAT Items Value found OK</b> <br />
<b>Total Cash Price found OK</b> <br />
<b>Order Deposit found OK</b> <br />
<b>Finance Deposit found OK</b> <br />
<b>Total Deposit found OK</b> <br />
<b>Part Exchange Value - found OK</b> <br />
<b>Balance to Finance found OK</b> <br />
<b>Finance Charges - found OK</b> <br />
<b>Document Fee - found OK</b> <br />
<b>Balance Payable - found OK</b> <br />
<b>Option To Purchase Fee - found OK</b> <br />
<b>Initial Cash Payment - found OK</b> <br />
<b>Followed By months - found OK</b> <br />
<b>Monthly Finance Payment - found OK</b> <br />
<b>Balloon Value - found OK</b> <br />
<b>Final Payment - found OK</b> <br />
<b>Vehicle Commission - found OK</b> <br />
<b>Default Finance Commission - found wrong</b> <br />
<b>Document Fee Commission - found OK</b> <br />
<b>Total Commission - found wrong</b> <br />
<b>*************Configuration Values Verification on quote summary page has been started************</b> <br />
<b>Base Interest Rate found OK</b> <br />
<b>Finance Margin found wrong</b> <br />
<b>Deductions found OK</b> <br />
<b>Additional Margin found OK</b> <br />
<b>Total Margin found wrong</b> <br />
<b>Default Broker Margin percentage found OK</b> <br />
<b>Customer Interest Rate found OK</b> <br />
<b>Document Fee Margin found OK</b> <br />
<b>Default Broker Margin found OK</b> <br />
<b>*********Customer Quote generated successfully and Quote_ref_no is=WIO17509</b> <br />
<b>*************OTR Calulation on quote summary page has been started************</b> <br />
<b>Reading values from OTR calculation -Quote Summary Page</b> <br />
<b>Cost otr price from screen is 21450.0</b> <br />
<b>Cost price ex vat and rfl from screen is 17875.0</b> <br />
<b>Otr Vat from screen is 3575.0</b> <br />
<b>Cost otr price from excel is 21450.0</b> <br />
<b>Cost price ex vat and rfl from excel is 17875.0</b> <br />
<b>Otr Vat from excel is 3575.0</b> <br />
<b>OTR price compared</b> <br />
<b>Cost price ex vat and rfl compared</b> <br />
<b>VAT compared</b> <br />
<b>*************Holding Cost Calulation on quote summary page has been started************</b> <br />
<b>Reading values from Holding Cost summary -Quote Summary Page</b> <br />
<b></b> <br />
<b>Holding cost Terms from screen35.0</b> <br />
<b>Holding cost miles per annum from screen is 35000.0</b> <br />
<b>Holding cost monthly finance cost from screen is 586.74</b> <br />
<b>Holding cost total monthly holding cost from screen is 586.74</b> <br />
<b></b> <br />
<b>Holding cost Terms from excel is 35.0</b> <br />
<b>Holding cost miles per annum from excel is 35000.0</b> <br />
<b>Holding cost monthly finance cost from excel is 586.7389389590238</b> <br />
<b>Holding cost total monthly holding cost from excel is 586.7389389590238</b> <br />
<b>terms compared</b> <br />
<b>Miles per annum compared</b> <br />
<b>Finance cost compared</b> <br />
<b>Total Monthly Holding Cost compared</b> <br />
<b>*************Customer Quote Calulation on quote summary page has been started************</b> <br />
<b>Terms found OK</b> <br />
<b>miles found OK</b> <br />
<b>Basic Cash Price found OK</b> <br />
<b>VAT found OK</b> <br />
<b>Non VAT Items Value found OK</b> <br />
<b>Total Cash Price found OK</b> <br />
<b>Order Deposit found OK</b> <br />
<b>Finance Deposit found OK</b> <br />
<b>Total Deposit found OK</b> <br />
<b>Part Exchange Value - found OK</b> <br />
<b>Balance to Finance found OK</b> <br />
<b>Finance Charges - found OK</b> <br />
<b>Document Fee - found OK</b> <br />
<b>Balance Payable - found OK</b> <br />
<b>Option To Purchase Fee - found OK</b> <br />
<b>Initial Cash Payment - found OK</b> <br />
<b>Followed By months - found OK</b> <br />
<b>Monthly Finance Payment - found OK</b> <br />
<b>Balloon Value - found OK</b> <br />
<b>Final Payment - found OK</b> <br />
<b>Vehicle Commission - found OK</b> <br />
<b>Default Finance Commission - found wrong</b> <br />
<b>Document Fee Commission - found OK</b> <br />
<b>Total Commission - found wrong</b> <br />
<b>*************Configuration Values Verification on quote summary page has been started************</b> <br />
<b>Base Interest Rate found OK</b> <br />
<b>Finance Margin found wrong</b> <br />
<b>Deductions found OK</b> <br />
<b>Additional Margin found OK</b> <br />
<b>Total Margin found wrong</b> <br />
<b>Default Broker Margin percentage found OK</b> <br />
<b>Customer Interest Rate found OK</b> <br />
<b>Document Fee Margin found OK</b> <br />
<b>Default Broker Margin found OK</b> <br />]]>
  </system-out>
</testsuite> <!-- usedCar.HPNR.Acquisition_Quotes_HPNR_HPNR_used_car_without_maintenance_Test -->
