<?xml version="1.0" encoding="UTF-8"?>
<!-- Generated by org.testng.reporters.JUnitReportReporter -->
<testsuite hostname="DSK-4052" failures="1" tests="4" name="usedCar.FL.Acquisition_Quotes_FL_FL_used_car_with_funder_ownbook_calculation_with_maintenance_Test" time="252.316" errors="0" timestamp="2024-06-20T15:51:00 IST" skipped="1">
  <testcase classname="usedCar.FL.Acquisition_Quotes_FL_FL_used_car_with_funder_ownbook_calculation_with_maintenance_Test" name="aquisition_quotes_used_car_OTR_calculation_with_maintenance_test" time="99.129"/>
  <system-out>
    <![CDATA[<b>Clicked on Quote button </b> <br />
<b>Selecting used vehicle with registration no. = GY19XAG and mileage = 15000</b> <br />
<b>Vehicle selected</b> <br />
<b>Paint option has been selected</b> <br />
<b>Interior option has been selected</b> <br />
<b> Acquisition Contract type option = Finance Lease (FL) has been selected</b> <br />
<b> Customer Contract type option = Finance Lease (FL) has been selected</b> <br />
<b>Cost Price ex VAT and RFL from screen is 18875.0</b> <br />
<b>VAT from screen is 3775.0</b> <br />
<b>Cost Price ex VAT and RFL calculated is 18875.0</b> <br />
<b>Cost Price ex VAT and RFL verified and found OK</b> <br />]]>
  </system-out>
  <testcase classname="usedCar.FL.Acquisition_Quotes_FL_FL_used_car_with_funder_ownbook_calculation_with_maintenance_Test" name="aquisition_quotes_holding_cost_calculations_with_maintenance_test" time="45.903"/>
  <system-out>
    <![CDATA[<b>***********Entered in holding cost page ***********</b> <br />
<b>Adding funder quote</b> <br />
<b></b> <br />
<b>***Verifying Holding Cost after adding a funder based on ownbook calculation*** </b> <br />
<b>Getting on screen values from Holding Cost Page</b> <br />
<b>Duration(Terms) =36.0</b> <br />
<b>Annual_mileage =10000.0</b> <br />
<b>Residual_value_from_screen =14075.0</b> <br />
<b>Writing Holding Cost Summary values to excel has been started</b> <br />
<b>Writing Holding Cost Summary values to excel has been completed</b> <br />
<b>Reading Monthly Holding Cost value from excel has been started</b> <br />
<b>Reading Monthly Holding Cost value from excel has been completed</b> <br />
<b>Total_monthly_holding_cost_from_screen =344.14</b> <br />
<b>Total_monthly_holding_cost_from_excel =344.1401015663657</b> <br />
<b>Total Monthly Holding Cost After adding a funder based on Ownbook calculation is Verified and Found OK</b> <br />]]>
  </system-out>
  <testcase classname="usedCar.FL.Acquisition_Quotes_FL_FL_used_car_with_funder_ownbook_calculation_with_maintenance_Test" name="aquisition_quotes_customer_quote_payment_profile_calculations_with_maintenance_test" time="107.284">
    <failure message="expected [true] but found [false]" type="java.lang.AssertionError">
      <![CDATA[java.lang.AssertionError: expected [true] but found [false]
at org.testng.Assert.fail(Assert.java:99)
at org.testng.Assert.failNotEquals(Assert.java:1037)
at org.testng.Assert.assertTrue(Assert.java:45)
at org.testng.Assert.assertTrue(Assert.java:55)
at usedCar.FL.Acquisition_Quotes_FL_FL_used_car_with_funder_ownbook_calculation_with_maintenance_Test.aquisition_quotes_customer_quote_payment_profile_calculations_with_maintenance_test(Acquisition_Quotes_FL_FL_used_car_with_funder_ownbook_calculation_with_maintenance_Test.java:133)
at java.base/jdk.internal.reflect.DirectMethodHandleAccessor.invoke(DirectMethodHandleAccessor.java:104)
at java.base/java.lang.reflect.Method.invoke(Method.java:578)
at org.testng.internal.MethodInvocationHelper.invokeMethod(MethodInvocationHelper.java:133)
at org.testng.internal.TestInvoker.invokeMethod(TestInvoker.java:598)
at org.testng.internal.TestInvoker.invokeTestMethod(TestInvoker.java:173)
at org.testng.internal.MethodRunner.runInSequence(MethodRunner.java:46)
at org.testng.internal.TestInvoker$MethodInvocationAgent.invoke(TestInvoker.java:824)
at org.testng.internal.TestInvoker.invokeTestMethods(TestInvoker.java:146)
at org.testng.internal.TestMethodWorker.invokeTestMethods(TestMethodWorker.java:146)
at org.testng.internal.TestMethodWorker.run(TestMethodWorker.java:128)
at java.base/java.util.ArrayList.forEach(ArrayList.java:1511)
at org.testng.TestRunner.privateRun(TestRunner.java:794)
at org.testng.TestRunner.run(TestRunner.java:596)
at org.testng.SuiteRunner.runTest(SuiteRunner.java:377)
at org.testng.SuiteRunner.runSequentially(SuiteRunner.java:371)
at org.testng.SuiteRunner.privateRun(SuiteRunner.java:332)
at org.testng.SuiteRunner.run(SuiteRunner.java:276)
at org.testng.SuiteRunnerWorker.runSuite(SuiteRunnerWorker.java:53)
at org.testng.SuiteRunnerWorker.run(SuiteRunnerWorker.java:96)
at org.testng.TestNG.runSuitesSequentially(TestNG.java:1212)
at org.testng.TestNG.runSuitesLocally(TestNG.java:1134)
at org.testng.TestNG.runSuites(TestNG.java:1063)
at org.testng.TestNG.run(TestNG.java:1031)
at org.testng.remote.AbstractRemoteTestNG.run(AbstractRemoteTestNG.java:115)
at org.testng.remote.RemoteTestNG.initAndRun(RemoteTestNG.java:251)
at org.testng.remote.RemoteTestNG.main(RemoteTestNG.java:77)
]]>
    </failure>
  </testcase> <!-- aquisition_quotes_customer_quote_payment_profile_calculations_with_maintenance_test -->
  <system-out>
    <![CDATA[<b>Writing configuration values from property file to Excel for customer quote calculation -started</b> <br />
<b>Writing configuration values from property file to Excel for customer quote calculation -completed</b> <br />
<b>************Calculations for Customer Quote Page has been started***********</b> <br />
<b>Payment Profile Monthly in Advance option has been selected</b> <br />
<b>Writing values to Excel for customer quote calculation -started</b> <br />
<b>Writing values to Excel for customer quote calculation -completed</b> <br />
<b>Reading  Monthly Finance Rental and monthly maintenance cost from  Excel   -started</b> <br />
<b>Reading  Monthly Finance Rental and monthly maintenance cost from  Excel  -completed</b> <br />
<b>Monthly Finance Rental from Excel is =375.019431457275</b> <br />
<b>Monthly maintenance Rental from Excel is =72.0</b> <br />
<b>Monthly Finance Rental from screen is =375.02</b> <br />
<b>Monthly maintenance Rental from screen is =72.0</b> <br />
<b>Started verifying monthly payments with upsell values</b> <br />
<b>Monthly Finance Rental from screen (after submitting upsell values) is 387.47</b> <br />
<b>Writing upsell values to excel</b> <br />
<b>Monthly Finance Rental from Excel (after submitting upsell values) is 387.46969266375277</b> <br />
<b>Monthly finance (after submitting upsell values) is found OK</b> <br />
<b>Entering the deposit Values</b> <br />
<b>Monthly Finance Rental from screen (with part exchange values) is 387.47</b> <br />
<b>Monthly Mainte. Rental from screen (with part exchange values) is 72.0</b> <br />
<b>Writing part exchange values to excel</b> <br />
<b>Monthly Finance Rental from Excel (with part exchange values) is 387.46969266375277</b> <br />
<b>Monthly Mainte. Rental from Excel (with part exchange values) is 72.0</b> <br />
<b>Monthly finance and maint. rental (with part exchange values) is found OK</b> <br />
<b></b> <br />
<b>Balance Due value started verifying</b> <br />
<b>Balance due value Actual from screen is 1239.99</b> <br />
<b></b> <br />
<b>Balance due value Expected from Excel is 0.0</b> <br />
<b></b> <br />
<b>Balance due value (with part exchange values) found wrong</b> <br />
<br>----------Screenshot---------<br>
<img src="D:\Acquisition OTR\AMT_Acquisition_OTR\target\surefire-reports\html\failure_screenshots\aquisition_quotes_customer_quote_payment_profile_calculations_with_maintenance_test_20_06_2024_03_51_00.png" height="800" width="1000">]]>
  </system-out>
  <testcase classname="usedCar.FL.Acquisition_Quotes_FL_FL_used_car_with_funder_ownbook_calculation_with_maintenance_Test" name="aquisition_quotes_quote_summary_values_verification_with_maintenance_test" time="0.000">
    <skipped/>
  </testcase> <!-- aquisition_quotes_quote_summary_values_verification_with_maintenance_test -->
  <system-out/>
</testsuite> <!-- usedCar.FL.Acquisition_Quotes_FL_FL_used_car_with_funder_ownbook_calculation_with_maintenance_Test -->
