<?xml version="1.0" encoding="UTF-8"?>
<!-- Generated by org.testng.reporters.JUnitReportReporter -->
<testsuite hostname="DSK-4052" failures="0" tests="6" name="usedCar.HPNR.Acquisition_Quotes_HPNR_HPNR_used_car_without_maintenance_Test" time="668.049" errors="0" timestamp="2024-07-17T09:37:27 IST" skipped="0">
  <testcase classname="usedCar.HPNR.Acquisition_Quotes_HPNR_HPNR_used_car_without_maintenance_Test" name="aquisition_quotes_OTR_calculation_without_maintenance_test" time="99.776"/>
  <system-out>
    <![CDATA[<b>Clicked on Quote button </b> <br />
<b>Selecting used vehicle with registration no. = GY19XAG and mileage = 15000</b> <br />
<b>Vehicle selected</b> <br />
<b>Paint option has been selected</b> <br />
<b>Interior option has been selected</b> <br />
<b> Acquisition Contract type option = HPNR has been selected</b> <br />
<b> Customer Contract type option = HPNR has been selected</b> <br />
<b>Cost Price ex VAT and RFL from screen is 18125.0</b> <br />
<b>VAT from screen is 3625.0</b> <br />
<b>Cost Price ex VAT and RFL calculated is 18125.0</b> <br />
<b>Cost Price ex VAT and RFL verified and found OK</b> <br />]]>
  </system-out>
  <testcase classname="usedCar.HPNR.Acquisition_Quotes_HPNR_HPNR_used_car_without_maintenance_Test" name="aquisition_quotes_holding_cost_calculations_without_maintenance_test" time="60.317"/>
  <system-out>
    <![CDATA[<b>***********Entered into holding cost page ***********</b> <br />
<b>Clicked on holding cost summary</b> <br />
<b></b> <br />
<b>Verifying Holding Cost Based on CAP data</b> <br />
<b>Getting on screen values from Holding Cost Page</b> <br />
<b>Duration(Terms) =36.0</b> <br />
<b>Annual_mileage =10000.0</b> <br />
<b>Cap_residual_value_from_screen =13975.0</b> <br />
<b>Writing Holding Cost Summary values to excel has been started</b> <br />
<b>Writing Holding Cost Summary values to excel has been completed</b> <br />
<b>Reading Monthly Holding Cost value from excel has been started</b> <br />
<b>Reading Monthly Holding Cost value from excel has been completed</b> <br />
<b>Total_monthly_holding_cost_from_screen =263.24</b> <br />
<b>Total_monthly_holding_cost_from_excel =263.2447158582049</b> <br />
<b>Total Monthly Holding Cost based on CAP data is Verified and Found OK</b> <br />
<b></b> <br />
<b>Editing % CAP Residual Value used</b> <br />
<b>Changing % CAP Residual Value (from test  data) to 50</b> <br />
<b>Writing Holding Cost Summary values to excel has been started</b> <br />
<b>Writing Holding Cost Summary values to excel has been completed</b> <br />
<b>Reading Monthly Holding Cost value from excel has been started</b> <br />
<b>Reading Monthly Holding Cost value from excel has been completed</b> <br />
<b>Total_monthly_holding_cost_from_screen =409.38</b> <br />
<b>Total_monthly_holding_cost_from_excel =409.3789464974766</b> <br />
<b>Total Monthly Holding Cost After Editing % Residual Value is Verified and Found OK</b> <br />
<b></b> <br />
<b>Editing Residual value used</b> <br />
<b>Changing Residual value used to =20000</b> <br />
<b>Writing Holding Cost Summary values to excel has been started</b> <br />
<b>Writing Holding Cost Summary values to excel has been completed</b> <br />
<b>Reading Monthly Holding Cost value from excel has been started</b> <br />
<b>Reading Monthly Holding Cost value from excel has been completed</b> <br />
<b>Total_monthly_holding_cost_from_screen =137.24</b> <br />
<b>Total_monthly_holding_cost_from_excel =137.23988729267754</b> <br />
<b>Total Monthly Holding Cost After Editing Residual Value is Verified and Found OK</b> <br />
<b></b> <br />
<b>Editing additional terms and mileage</b> <br />
<b>Updated Residual Value from screen  (to be sent to calculation excel) is =0.00</b> <br />
<b>Writing Holding Cost Summary values to excel has been started</b> <br />
<b>Writing Holding Cost Summary values to excel has been completed</b> <br />
<b>Reading Monthly Holding Cost value from excel has been started</b> <br />
<b>Reading Monthly Holding Cost value from excel has been completed</b> <br />
<b>Total_monthly_holding_cost_from_screen =569.89</b> <br />
<b>Total_monthly_holding_cost_from_excel =569.8929065586407</b> <br />
<b>Total Monthly Holding Cost After Editing Additional terms and mileage is Verified and Found OK</b> <br />]]>
  </system-out>
  <testcase classname="usedCar.HPNR.Acquisition_Quotes_HPNR_HPNR_used_car_without_maintenance_Test" name="aquisition_quotes_customer_quote_calculations_check_monthly_finance_payment_without_maintenance_test" time="142.662"/>
  <system-out>
    <![CDATA[<b>***********Entered in Customer Quote page ***********</b> <br />
<b>Matrix credit type A1 Credit has been selected</b> <br />
<b>Writing configuration values from property file to Excel for customer quote calculation -started</b> <br />
<b>Writing configuration values from property file to Excel for customer quote calculation -completed</b> <br />
<b>Actual Monthly Finance Payment from screen is 781.09</b> <br />
<b>Expected Monthly Finannce Rental from excel is 781.0860188143114</b> <br />]]>
  </system-out>
  <testcase classname="usedCar.HPNR.Acquisition_Quotes_HPNR_HPNR_used_car_without_maintenance_Test" name="aquisition_quotes_customer_quote_part_exchange_value_edit_check_without_maintenance_test" time="87.403"/>
  <system-out>
    <![CDATA[<b>Entering the deposit Values</b> <br />
<b></b> <br />
<b>Balance To Finance Expected is 22000.0</b> <br />
<b>Balance To Finance Actual is 22000.0</b> <br />
<b></b> <br />
<b>Monthly Finance Payment Expected is 715.9955172464543</b> <br />
<b>Monthly Finance Payment Actual is 716.0</b> <br />
<b></b> <br />
<b>Monthly Finance Payment verified after editing part exchange values and deposit values</b> <br />]]>
  </system-out>
  <testcase classname="usedCar.HPNR.Acquisition_Quotes_HPNR_HPNR_used_car_without_maintenance_Test" name="aquisition_quotes_customer_quote_monthly_finance_payment_after_balloon_payment_off_without_maintenance_test" time="35.409"/>
  <system-out>
    <![CDATA[<b></b> <br />
<b>Monthly Finance Payment Expected (with balloon payment toggle button off) is 715.9955172464543</b> <br />
<b>Monthly Finance Payment Actual (with balloon payment toggle button off) is 716.0</b> <br />
<b></b> <br />
<b>Monthly Finance Payment verified after making balloon payment toggle button off</b> <br />]]>
  </system-out>
  <testcase classname="usedCar.HPNR.Acquisition_Quotes_HPNR_HPNR_used_car_without_maintenance_Test" name="aquisition_quotes_quote_summary_values_verification_without_maintenance_test" time="242.482"/>
  <system-out>
    <![CDATA[<b>*************OTR Calulation on quote summary page has been started************</b> <br />
<b>Reading values from OTR calculation -Quote Summary Page</b> <br />
<b>Cost otr price from screen is 21750.0</b> <br />
<b>Cost price ex vat and rfl from screen is 18125.0</b> <br />
<b>Otr Vat from screen is 3625.0</b> <br />
<b>Cost otr price from excel is 21750.0</b> <br />
<b>Cost price ex vat and rfl from excel is 18125.0</b> <br />
<b>Otr Vat from excel is 3625.0</b> <br />
<b>OTR price compared</b> <br />
<b>Cost price ex vat and rfl compared</b> <br />
<b>VAT compared</b> <br />
<b>*************Holding Cost Calulation on quote summary page has been started************</b> <br />
<b>Reading values from Holding Cost summary -Quote Summary Page</b> <br />
<b></b> <br />
<b>Holding cost Terms from screen35.0</b> <br />
<b>Holding cost miles per annum from screen is 35000.0</b> <br />
<b>Holding cost monthly finance cost from screen is 569.89</b> <br />
<b>Holding cost total monthly holding cost from screen is 569.89</b> <br />
<b></b> <br />
<b>Holding cost Terms from excel is 35.0</b> <br />
<b>Holding cost miles per annum from excel is 35000.0</b> <br />
<b>Holding cost monthly finance cost from excel is 569.8929065586407</b> <br />
<b>Holding cost total monthly holding cost from excel is 569.8929065586407</b> <br />
<b>terms compared</b> <br />
<b>Miles per annum compared</b> <br />
<b>Finance cost compared</b> <br />
<b>Total Monthly Holding Cost compared</b> <br />
<b>*************Customer Quote Calulation on quote summary page has been started************</b> <br />
<b>Terms found OK</b> <br />
<b>miles found OK</b> <br />
<b>Basic Cash Price found OK</b> <br />
<b>VAT found OK</b> <br />
<b>Non VAT Items Value found OK</b> <br />
<b>Total Cash Price found OK</b> <br />
<b>Order Deposit found OK</b> <br />
<b>Finance Deposit found OK</b> <br />
<b>Total Deposit found OK</b> <br />
<b>Part Exchange Value - found OK</b> <br />
<b>Balance to Finance found OK</b> <br />
<b>Finance Charges - found OK</b> <br />
<b>Document Fee - found OK</b> <br />
<b>Balance Payable - found OK</b> <br />
<b>Option To Purchase Fee - found OK</b> <br />
<b>Initial Cash Payment - found OK</b> <br />
<b>Followed By months - found OK</b> <br />
<b>Monthly Finance Payment - found OK</b> <br />
<b>Balloon Value - found OK</b> <br />
<b>Final Payment - found OK</b> <br />
<b>Vehicle Commission - found OK</b> <br />
<b>Default Finance Commission - found OK</b> <br />
<b>Document Fee Commission - found OK</b> <br />
<b>Total Commission - found OK</b> <br />
<b>*************Configuration Values Verification on quote summary page has been started************</b> <br />
<b>Base Interest Rate found OK</b> <br />
<b>Finance Margin found OK</b> <br />
<b>Deductions found OK</b> <br />
<b>Additional Margin found OK</b> <br />
<b>Total Margin found OK</b> <br />
<b>Default Broker Margin percentage found OK</b> <br />
<b>Customer Interest Rate found OK</b> <br />
<b>Document Fee Margin found OK</b> <br />
<b>Default Broker Margin found OK</b> <br />
<b>*********Customer Quote generated successfully and Quote_ref_no is=DGR08009</b> <br />
<b>*************OTR Calulation on quote summary page has been started************</b> <br />
<b>Reading values from OTR calculation -Quote Summary Page</b> <br />
<b>Cost otr price from screen is 21750.0</b> <br />
<b>Cost price ex vat and rfl from screen is 18125.0</b> <br />
<b>Otr Vat from screen is 3625.0</b> <br />
<b>Cost otr price from excel is 21750.0</b> <br />
<b>Cost price ex vat and rfl from excel is 18125.0</b> <br />
<b>Otr Vat from excel is 3625.0</b> <br />
<b>OTR price compared</b> <br />
<b>Cost price ex vat and rfl compared</b> <br />
<b>VAT compared</b> <br />
<b>*************Holding Cost Calulation on quote summary page has been started************</b> <br />
<b>Reading values from Holding Cost summary -Quote Summary Page</b> <br />
<b></b> <br />
<b>Holding cost Terms from screen35.0</b> <br />
<b>Holding cost miles per annum from screen is 35000.0</b> <br />
<b>Holding cost monthly finance cost from screen is 569.89</b> <br />
<b>Holding cost total monthly holding cost from screen is 569.89</b> <br />
<b></b> <br />
<b>Holding cost Terms from excel is 35.0</b> <br />
<b>Holding cost miles per annum from excel is 35000.0</b> <br />
<b>Holding cost monthly finance cost from excel is 569.8929065586407</b> <br />
<b>Holding cost total monthly holding cost from excel is 569.8929065586407</b> <br />
<b>terms compared</b> <br />
<b>Miles per annum compared</b> <br />
<b>Finance cost compared</b> <br />
<b>Total Monthly Holding Cost compared</b> <br />
<b>*************Customer Quote Calulation on quote summary page has been started************</b> <br />
<b>Terms found OK</b> <br />
<b>miles found OK</b> <br />
<b>Basic Cash Price found OK</b> <br />
<b>VAT found OK</b> <br />
<b>Non VAT Items Value found OK</b> <br />
<b>Total Cash Price found OK</b> <br />
<b>Order Deposit found OK</b> <br />
<b>Finance Deposit found OK</b> <br />
<b>Total Deposit found OK</b> <br />
<b>Part Exchange Value - found OK</b> <br />
<b>Balance to Finance found OK</b> <br />
<b>Finance Charges - found OK</b> <br />
<b>Document Fee - found OK</b> <br />
<b>Balance Payable - found OK</b> <br />
<b>Option To Purchase Fee - found OK</b> <br />
<b>Initial Cash Payment - found OK</b> <br />
<b>Followed By months - found OK</b> <br />
<b>Monthly Finance Payment - found OK</b> <br />
<b>Balloon Value - found OK</b> <br />
<b>Final Payment - found OK</b> <br />
<b>Vehicle Commission - found OK</b> <br />
<b>Default Finance Commission - found OK</b> <br />
<b>Document Fee Commission - found OK</b> <br />
<b>Total Commission - found OK</b> <br />
<b>*************Configuration Values Verification on quote summary page has been started************</b> <br />
<b>Base Interest Rate found OK</b> <br />
<b>Finance Margin found OK</b> <br />
<b>Deductions found OK</b> <br />
<b>Additional Margin found OK</b> <br />
<b>Total Margin found OK</b> <br />
<b>Default Broker Margin percentage found OK</b> <br />
<b>Customer Interest Rate found OK</b> <br />
<b>Document Fee Margin found OK</b> <br />
<b>Default Broker Margin found OK</b> <br />]]>
  </system-out>
</testsuite> <!-- usedCar.HPNR.Acquisition_Quotes_HPNR_HPNR_used_car_without_maintenance_Test -->
