<?xml version="1.0" encoding="UTF-8"?>
<!-- Generated by org.testng.reporters.JUnitReportReporter -->
<testsuite hostname="DSK-4052" failures="0" tests="5" name="usedCar.CP.Acquisition_Quotes_CP_PCH_used_car_with_funder_quote_addition_without_maintenance_Test" time="402.202" errors="0" timestamp="2025-05-15T00:06:58 IST" skipped="0">
  <testcase classname="usedCar.CP.Acquisition_Quotes_CP_PCH_used_car_with_funder_quote_addition_without_maintenance_Test" name="aquisition_quotes_used_car_OTR_calculation_with_maintenance_test" time="92.627"/>
  <system-out>
    <![CDATA[<b>Clicked on Quote button </b> <br />
<b>Selecting used vehicle with registration no. = GY19XAG and mileage = 15000</b> <br />
<b>Vehicle selected</b> <br />
<b>Paint option has been selected</b> <br />
<b>Interior option has been selected</b> <br />
<b> Acquisition Contract type option = Contract Purchase has been selected</b> <br />
<b> Customer Contract type option = Personal Contract Hire(BCH) has been selected</b> <br />
<b>Cost Price ex VAT and RFL from screen is 17500.0</b> <br />
<b>VAT from screen is 3500.0</b> <br />
<b>Cost Price ex VAT and RFL calculated is 17500.0</b> <br />
<b>Cost Price ex VAT and RFL verified and found OK</b> <br />]]>
  </system-out>
  <testcase classname="usedCar.CP.Acquisition_Quotes_CP_PCH_used_car_with_funder_quote_addition_without_maintenance_Test" name="aquisition_quotes_used_car_edit_cost_price_and_check_OTR_with_maintenance_test" time="0.000"/>
  <system-out/>
  <testcase classname="usedCar.CP.Acquisition_Quotes_CP_PCH_used_car_with_funder_quote_addition_without_maintenance_Test" name="aquisition_quotes_holding_cost_calculations_without_maintenance_test" time="31.050"/>
  <system-out>
    <![CDATA[<b>***********Entered in holding cost page ***********</b> <br />
<b>***********Holding Cost Calculations has been Started*************</b> <br />
<b>Writing Holding Cost Summary values to excel has been completed</b> <br />
<b>Reading Monthly Holding Cost value from excel</b> <br />
<b>Total_monthly_holding_cost_from_screen =294.34</b> <br />
<b>Total_monthly_holding_cost_from_excel =294.3333333333333</b> <br />]]>
  </system-out>
  <testcase classname="usedCar.CP.Acquisition_Quotes_CP_PCH_used_car_with_funder_quote_addition_without_maintenance_Test" name="aquisition_quotes_customer_quote_payment_profile_calculations_without_maintenance_test" time="78.206"/>
  <system-out>
    <![CDATA[<b>Writing configuration values from property file to Excel for customer quote calculation -started</b> <br />
<b>Writing configuration values from property file to Excel for customer quote calculation -completed</b> <br />
<b>************Calculations for Customer Quote Page has been started***********</b> <br />
<b>Payment Profile Monthly in Advance option has been selected</b> <br />
<b>Writing values to Excel for customer quote calculation -started</b> <br />
<b>Writing values to Excel for customer quote calculation -completed</b> <br />
<b>Reading  Monthly Finance Rental from  Excel   -started</b> <br />
<b>Reading  Monthly Finance Rental from  Excel   -completed</b> <br />
<b>Monthly Finance Rental from Excel is =585.3129933173625</b> <br />
<b>Monthly Finance Rental from screen is 585.32</b> <br />
<b>Monthly Finance Rental from screen (after submitting upsell values) is 632.72</b> <br />
<b>Writing upsell values to excel</b> <br />
<b>Monthly Finance Rental from Excel (after submitting upsell values) is 632.7129948007441</b> <br />
<b>Monthly finance (after submitting upsell values) is found OK</b> <br />
<b>Entering the deposit values in the part Exchange Section</b> <br />
<b>Expected Monthly Finance Rental From Excel is =632.7129948007441</b> <br />
<b>Actuacl Monthly Finance Rental From screen is =632.72</b> <br />
<b></b> <br />
<b>Balance Due value started verifying</b> <br />
<b>Balance due value Actual from screen is 1239.99</b> <br />
<b></b> <br />
<b>Balance due value Expected from Excel is 1239.99</b> <br />
<b></b> <br />
<b>Balance due value (with part exchange values) is verified and found ok</b> <br />
<b>Monthly Finance Rental from screen (after updating customer quote summary upsell value) is 656.42</b> <br />
<b>Writing upsell values to excel</b> <br />
<b>Monthly Finance Rental from Excel (after submitting upsell values) is 656.412995542435</b> <br />
<b>Monthly finance rental (after updating customer quote summary upsell value) is found OK</b> <br />]]>
  </system-out>
  <testcase classname="usedCar.CP.Acquisition_Quotes_CP_PCH_used_car_with_funder_quote_addition_without_maintenance_Test" name="aquisition_quotes_quote_summary_values_verification_without_maintenance_test" time="200.319"/>
  <system-out>
    <![CDATA[<b>*************OTR Calulation on quote summary page has been started************</b> <br />
<b>Reading values from OTR calculation -Quote Summary Page</b> <br />
<b></b> <br />
<b>Cost otr price from screen is 21000.0</b> <br />
<b>Cost price ex vat and rfl from screen is 17500.0</b> <br />
<b>Otr Vat from screen is 3500.0</b> <br />
<b></b> <br />
<b>Cost otr price from excel is 21000.0</b> <br />
<b>Cost price ex vat and rfl from excel is 17500.0</b> <br />
<b>Otr Vat from excel is 3500.0</b> <br />
<b>OTR price compared</b> <br />
<b>Cost price ex vat and rfl compared</b> <br />
<b>VAT compared</b> <br />
<b>*************Holding Cost Calulation on quote summary page has been started************</b> <br />
<b>Reading values from Holding Cost summary -Quote Summary Page</b> <br />
<b></b> <br />
<b>Holding cost Terms from screen12.0</b> <br />
<b>Holding cost miles per annum from screen is 5000.0</b> <br />
<b>Holding cost monthly finance cost from screen is 294.34</b> <br />
<b>Holding cost total monthly holding cost from screen is 294.34</b> <br />
<b></b> <br />
<b>Holding cost Terms from excel is 12.0</b> <br />
<b>Holding cost miles per annum from excel is 5000.0</b> <br />
<b>Holding cost monthly finance cost from excel is 294.3333333333333</b> <br />
<b>Holding cost total monthly holding cost from excel is 294.3333333333333</b> <br />
<b>terms compared</b> <br />
<b>Miles per annum compared</b> <br />
<b>Finance cost compared</b> <br />
<b>Total Monthly Holding Cost compared</b> <br />
<b>*************Customer Quote Calulation on quote summary page has been started************</b> <br />
<b>Terms found OK</b> <br />
<b>miles found OK</b> <br />
<b>Monthly Finance Rental found OK</b> <br />
<b>Initial Finance Rental found OK</b> <br />
<b>Followed By months - found OK</b> <br />
<b>Part Exchange Value - found OK</b> <br />
<b>Pence per excess mile finance - found OK</b> <br />
<b>Document Fee - found OK</b> <br />
<b>Upsell - found OK</b> <br />
<b>Default Finance Commission - found OK</b> <br />
<b>Upsell Commission - found OK</b> <br />
<b>Document Fee Commission - found OK</b> <br />
<b>Total Commission - found OK</b> <br />
<b>Referrer Commission - found OK</b> <br />
<b>*************Configuration Values Verification on quote summary page has been started************</b> <br />
<b>Finance Margin found OK</b> <br />
<b>Deductions found OK</b> <br />
<b>Additional Margin found OK</b> <br />
<b>Total Margin found OK</b> <br />
<b>Default Broker Margin percentage found OK</b> <br />
<b>Broker Upsell Margin percentage found OK</b> <br />
<b>Broker Upsell Margin  found OK</b> <br />
<b>Document Fee Margin  found OK</b> <br />
<b>Refferer Margin  found OK</b> <br />
<b>*********Customer Quote generated successfully and Quote_ref_no is=JBQ85443</b> <br />
<b>*************OTR Calulation on quote summary page has been started************</b> <br />
<b>Reading values from OTR calculation -Quote Summary Page</b> <br />
<b></b> <br />
<b>Cost otr price from screen is 21000.0</b> <br />
<b>Cost price ex vat and rfl from screen is 17500.0</b> <br />
<b>Otr Vat from screen is 3500.0</b> <br />
<b></b> <br />
<b>Cost otr price from excel is 21000.0</b> <br />
<b>Cost price ex vat and rfl from excel is 17500.0</b> <br />
<b>Otr Vat from excel is 3500.0</b> <br />
<b>OTR price compared</b> <br />
<b>Cost price ex vat and rfl compared</b> <br />
<b>VAT compared</b> <br />
<b>*************Holding Cost Calulation on quote summary page has been started************</b> <br />
<b>Reading values from Holding Cost summary -Quote Summary Page</b> <br />
<b></b> <br />
<b>Holding cost Terms from screen12.0</b> <br />
<b>Holding cost miles per annum from screen is 5000.0</b> <br />
<b>Holding cost monthly finance cost from screen is 294.34</b> <br />
<b>Holding cost total monthly holding cost from screen is 294.34</b> <br />
<b></b> <br />
<b>Holding cost Terms from excel is 12.0</b> <br />
<b>Holding cost miles per annum from excel is 5000.0</b> <br />
<b>Holding cost monthly finance cost from excel is 294.3333333333333</b> <br />
<b>Holding cost total monthly holding cost from excel is 294.3333333333333</b> <br />
<b>terms compared</b> <br />
<b>Miles per annum compared</b> <br />
<b>Finance cost compared</b> <br />
<b>Total Monthly Holding Cost compared</b> <br />
<b>*************Customer Quote Calulation on quote summary page has been started************</b> <br />
<b>Terms found OK</b> <br />
<b>miles found OK</b> <br />
<b>Monthly Finance Rental found OK</b> <br />
<b>Initial Finance Rental found OK</b> <br />
<b>Followed By months - found OK</b> <br />
<b>Part Exchange Value - found OK</b> <br />
<b>Pence per excess mile finance - found OK</b> <br />
<b>Document Fee - found OK</b> <br />
<b>Upsell - found OK</b> <br />
<b>Default Finance Commission - found OK</b> <br />
<b>Upsell Commission - found OK</b> <br />
<b>Document Fee Commission - found OK</b> <br />
<b>Total Commission - found OK</b> <br />
<b>Referrer Commission - found OK</b> <br />
<b>*************Configuration Values Verification on quote summary page has been started************</b> <br />
<b>Finance Margin found OK</b> <br />
<b>Deductions found OK</b> <br />
<b>Additional Margin found OK</b> <br />
<b>Total Margin found OK</b> <br />
<b>Default Broker Margin percentage found OK</b> <br />
<b>Broker Upsell Margin percentage found OK</b> <br />
<b>Broker Upsell Margin  found OK</b> <br />
<b>Document Fee Margin  found OK</b> <br />
<b>Refferer Margin  found OK</b> <br />
<b>*************Editing Finance Margin and Verifying Values on quote summary page has been started************</b> <br />
<b>Finance margin changed to 10000</b> <br />
<b>Monthly Finance Rental after changing finance margin -  found OK</b> <br />
<b>Initial Finance Rental found OK</b> <br />]]>
  </system-out>
</testsuite> <!-- usedCar.CP.Acquisition_Quotes_CP_PCH_used_car_with_funder_quote_addition_without_maintenance_Test -->
