<?xml version="1.0" encoding="UTF-8"?>
<!-- Generated by org.testng.reporters.JUnitReportReporter -->
<testsuite hostname="DSK-4052" failures="0" tests="4" name="usedLCV.BCH.Acquisition_Quotes_BCH_PCH_used_LCV_with_maintenance_Test" time="479.581" errors="0" timestamp="2024-06-29T07:53:17 IST" skipped="0">
  <testcase classname="usedLCV.BCH.Acquisition_Quotes_BCH_PCH_used_LCV_with_maintenance_Test" name="aquisition_quotes_OTR_calculation_with_maintenance_test" time="89.955"/>
  <system-out>
    <![CDATA[<b>Clicked on Quote button </b> <br />
<b>Selecting used vehicle with registration no. = HK21YPJ and mileage = 10000</b> <br />
<b>Vehicle selected</b> <br />
<b>Paint option has been selected</b> <br />
<b>Interior option has been selected</b> <br />
<b> Acquisition Contract type option = Business Contract Hire(BCH) has been selected</b> <br />
<b> Customer Contract type option = Personal Contract Hire(PCH) has been selected</b> <br />
<b>Cost Price ex VAT and RFL from screen is 15708.33</b> <br />
<b>VAT from screen is 3141.67</b> <br />
<b>Cost Price ex VAT and RFL calculated is 15708.33</b> <br />
<b>Cost Price ex VAT and RFL verified and found OK</b> <br />
<b>****************************************************************</b> <br />
<b>**********Assertion Passed For OTR Price Check**********</b> <br />
<b>****************************************************************</b> <br />]]>
  </system-out>
  <testcase classname="usedLCV.BCH.Acquisition_Quotes_BCH_PCH_used_LCV_with_maintenance_Test" name="aquisition_quotes_holding_cost_calculations_with_maintenance_test" time="41.204"/>
  <system-out>
    <![CDATA[<b>***********Entered in holding cost page ***********</b> <br />
<b>Funder added successfully</b> <br />
<b>Holding cost verified successfully</b> <br />
<b>****************************************************************</b> <br />
<b>***************Assertion Passed For Holding Cost****************</b> <br />
<b>****************************************************************</b> <br />]]>
  </system-out>
  <testcase classname="usedLCV.BCH.Acquisition_Quotes_BCH_PCH_used_LCV_with_maintenance_Test" name="aquisition_quotes_customer_quote_payment_profile_calculations_with_maintenance_test" time="94.310"/>
  <system-out>
    <![CDATA[<b>Writing configuration values from property file to Excel for customer quote calculation -started</b> <br />
<b>Writing configuration values from property file to Excel for customer quote calculation -completed</b> <br />
<b>************Calculations for Customer Quote Page has been started***********</b> <br />
<b>Payment Profile Monthly in Advance option has been selected</b> <br />
<b>Writing values to Excel for customer quote calculation -started</b> <br />
<b>Writing values to Excel for customer quote calculation -completed</b> <br />
<b>Reading  Monthly Finance Rental and monthly maintenance cost from  Excel   -started</b> <br />
<b>Reading  Monthly Finance Rental and monthly maintenance cost from  Excel  -completed</b> <br />
<b>Monthly Finance Rental from Excel is =804.7914098822108</b> <br />
<b>Monthly maintenance Rental from Excel is =72.0</b> <br />
<b>Monthly Finance Rental from screen is =804.79</b> <br />
<b>Monthly maintenance Rental from screen is =72.0</b> <br />
<b>****************************************************************</b> <br />
<b>***********Assertion Passed For Monthly Finance Rental***********</b> <br />
<b>****************************************************************</b> <br />
<b>Monthly Finance Rental from screen (after submitting upsell values) is 849.55</b> <br />
<b>Monthly Mainte. Rental from screen (after submitting upsell values) is 72.0</b> <br />
<b>Writing upsell values to excel</b> <br />
<b>Monthly Finance Rental from Excel (after submitting upsell values) is 849.5496009090583</b> <br />
<b>Monthly Mainte. Rental from Excel (after submitting upsell values) is 72.0</b> <br />
<b>Monthly finance and maint. rental (after submitting upsell values) is found OK</b> <br />
<b>***********Assertion Passed For Monthly Finance Rental on adding upsell values***********</b> <br />
<b>****************************************************************</b> <br />
<b>Entering the deposit values in the part Exchange Section</b> <br />
<b>Monthly Finance Rental from screen (with part exchange values) is 849.55</b> <br />
<b>Monthly Mainte. Rental from screen (with part exchange values) is 72.0</b> <br />
<b>Writing part exchange values to excel</b> <br />
<b>Monthly finance and maint. rental (with part exchage values) is found OK</b> <br />
<b>*****Assertion Passed For Monthly Finance And Maint. Rental*****</b> <br />
<b>****************************************************************</b> <br />
<b>Started verifying Balance Due value</b> <br />
<b>Balance due value (with part exchange values) is verified and found ok</b> <br />
<b>*************Assertion Passed For Balance Due Value*************</b> <br />
<b>****************************************************************</b> <br />
<b>Monthly Finance Rental from screen (after updating customer quote summary upsell value) is 871.93</b> <br />
<b>Monthly Mainte. Rental from screen (after updating customer quote summary upsell value) is 72.0</b> <br />
<b>Writing upsell values to excel</b> <br />
<b>Monthly Finance Rental from Excel (after updating customer quote summary upsell value) is 871.9286964224833</b> <br />
<b>Monthly Mainte. Rental from Excel (after updating customer quote summary upsell value) is 72.0</b> <br />
<b>Monthly finance and maint. rental (after updating customer quote summary upsell value) is found OK</b> <br />
<b>***********Assertion Passed For Monthly Finance Rental on updating upsell values***********</b> <br />
<b>****************************************************************</b> <br />]]>
  </system-out>
  <testcase classname="usedLCV.BCH.Acquisition_Quotes_BCH_PCH_used_LCV_with_maintenance_Test" name="aquisition_quotes_quote_summary_values_verification_with_maintenance_test" time="254.112"/>
  <system-out>
    <![CDATA[<b>*************OTR Calulation on quote summary page has been started************</b> <br />
<b>Reading values from OTR calculation -Quote Summary Page</b> <br />
<b>OTR_calculation_cost_otr_price_from_screen =18850.0</b> <br />
<b>OTR_calculation_cost_price_ex_vat_and_rfl_from_screen =15708.33</b> <br />
<b>OTR_calculation_otr_vat_from_screen =3141.67</b> <br />
<b>OTR_calculation_cost_otr_price_from_excel =18849.996</b> <br />
<b>OTR_calculation_cost_price_ex_vat_and_rfl_from_excel =15708.33</b> <br />
<b>OTR_calculation_otr_vat_from_excel =3141.666</b> <br />
<b>OTR_calculation_otr_rfl_and_frf_from_excel =0.0</b> <br />
<b>OTR price compared</b> <br />
<b>Cost price ex vat and rfl compared</b> <br />
<b>VAT compared</b> <br />
<b>*************Holding Cost Calulation on quote summary page has been started************</b> <br />
<b>Reading values from Holding Cost summary -Quote Summary Page</b> <br />
<b>holding_cost_terms_from_screen12.0</b> <br />
<b>holding_cost_miles_per_annum_from_screen5000.0</b> <br />
<b>holding_cost_monthly_finance_cost_from_screen501.0</b> <br />
<b>holding_cost_monthly_maint_cost_used_from_screen50.0</b> <br />
<b>holding_cost_CAP_monthly_maint_cost_from_screen36.33</b> <br />
<b>holding_cost_total_monthly_holding_cost_from_screen =551.0</b> <br />
<b>terms compared</b> <br />
<b>Miles per annum compared</b> <br />
<b>Finance cost compared</b> <br />
<b>Maint cost used  compared</b> <br />
<b>Total Monthly Holding Cost compared</b> <br />
<b>*************Customer Quote Calulation on quote summary page has been started************</b> <br />
<b>Terms found OK</b> <br />
<b>miles found OK</b> <br />
<b>Monthly Finance Rental found OK</b> <br />
<b>Monthly Maintenance Rental found OK</b> <br />
<b>Initial Finance Rental found OK</b> <br />
<b>Initial Maint Rental found OK</b> <br />
<b>Initial Total Rental found OK</b> <br />
<b>Part Exchange Value - found OK</b> <br />
<b>Followed By months - found OK</b> <br />
<b>Pence per excess mile finance - found OK</b> <br />
<b>Pence per excess mile Maintenance - found OK</b> <br />
<b>Pence per excess mile total - found OK</b> <br />
<b>Document Fee - found OK</b> <br />
<b>Upsell - found OK</b> <br />
<b>Default Finance Commission - found OK</b> <br />
<b>Upsell Commission - found OK</b> <br />
<b>Maintenance Commission - found OK</b> <br />
<b>Document Fee Commission - found OK</b> <br />
<b>Total Commission - found OK</b> <br />
<b>Referrer Commission - found OK</b> <br />
<b>*************Configuration Values Verification on quote summary page has been started************</b> <br />
<b>Finance Margin found OK</b> <br />
<b>Deductions found OK</b> <br />
<b>Additional Margin found OK</b> <br />
<b>Total Margin found OK</b> <br />
<b>Default Broker Margin percentage found OK</b> <br />
<b>Broker Upsell Margin percentage found OK</b> <br />
<b>Broker Upsell Margin  found OK</b> <br />
<b>Maintenance Margin  found OK</b> <br />
<b>Document Fee Margin  found OK</b> <br />
<b>Refferer Margin  found OK</b> <br />
<b>*********Customer Quote generated successfully and Quote_ref_no is=HAL80825</b> <br />
<b>*************OTR Calulation on quote summary page has been started************</b> <br />
<b>Reading values from OTR calculation -Quote Summary Page</b> <br />
<b>OTR_calculation_cost_otr_price_from_screen =18850.0</b> <br />
<b>OTR_calculation_cost_price_ex_vat_and_rfl_from_screen =15708.33</b> <br />
<b>OTR_calculation_otr_vat_from_screen =3141.67</b> <br />
<b>OTR_calculation_cost_otr_price_from_excel =18849.996</b> <br />
<b>OTR_calculation_cost_price_ex_vat_and_rfl_from_excel =15708.33</b> <br />
<b>OTR_calculation_otr_vat_from_excel =3141.666</b> <br />
<b>OTR_calculation_otr_rfl_and_frf_from_excel =0.0</b> <br />
<b>OTR price compared</b> <br />
<b>Cost price ex vat and rfl compared</b> <br />
<b>VAT compared</b> <br />
<b>*************Holding Cost Calulation on quote summary page has been started************</b> <br />
<b>Reading values from Holding Cost summary -Quote Summary Page</b> <br />
<b>holding_cost_terms_from_screen12.0</b> <br />
<b>holding_cost_miles_per_annum_from_screen5000.0</b> <br />
<b>holding_cost_monthly_finance_cost_from_screen501.0</b> <br />
<b>holding_cost_monthly_maint_cost_used_from_screen50.0</b> <br />
<b>holding_cost_CAP_monthly_maint_cost_from_screen36.33</b> <br />
<b>holding_cost_total_monthly_holding_cost_from_screen =551.0</b> <br />
<b>terms compared</b> <br />
<b>Miles per annum compared</b> <br />
<b>Finance cost compared</b> <br />
<b>Maint cost used  compared</b> <br />
<b>Total Monthly Holding Cost compared</b> <br />
<b>*************Customer Quote Calulation on quote summary page has been started************</b> <br />
<b>Terms found OK</b> <br />
<b>miles found OK</b> <br />
<b>Monthly Finance Rental found OK</b> <br />
<b>Monthly Maintenance Rental found OK</b> <br />
<b>Initial Finance Rental found OK</b> <br />
<b>Initial Maint Rental found OK</b> <br />
<b>Initial Total Rental found OK</b> <br />
<b>Part Exchange Value - found OK</b> <br />
<b>Followed By months - found OK</b> <br />
<b>Pence per excess mile finance - found OK</b> <br />
<b>Pence per excess mile Maintenance - found OK</b> <br />
<b>Pence per excess mile total - found OK</b> <br />
<b>Document Fee - found OK</b> <br />
<b>Upsell - found OK</b> <br />
<b>Default Finance Commission - found OK</b> <br />
<b>Upsell Commission - found OK</b> <br />
<b>Maintenance Commission - found OK</b> <br />
<b>Document Fee Commission - found OK</b> <br />
<b>Total Commission - found OK</b> <br />
<b>Referrer Commission - found OK</b> <br />
<b>*************Configuration Values Verification on quote summary page has been started************</b> <br />
<b>Finance Margin found OK</b> <br />
<b>Deductions found OK</b> <br />
<b>Additional Margin found OK</b> <br />
<b>Total Margin found OK</b> <br />
<b>Default Broker Margin percentage found OK</b> <br />
<b>Broker Upsell Margin percentage found OK</b> <br />
<b>Broker Upsell Margin  found OK</b> <br />
<b>Maintenance Margin  found OK</b> <br />
<b>Document Fee Margin  found OK</b> <br />
<b>Refferer Margin  found OK</b> <br />
<b>*************Editing Finance Margin and Verifying Values on quote summary page has been started************</b> <br />
<b>Finance margin changed to 10000</b> <br />
<b>*********Customer Quote generated successfully and Quote_ref_no is=HAL80825</b> <br />
<b>Monthly Finance Rental after changing finance margin -  found OK</b> <br />
<b>Initial Finance Rental found OK</b> <br />
<b>*************Editing Maintenance Margin and Verifying Values on quote summary page has been started************</b> <br />
<b>Finance margin changed to 30 %</b> <br />
<b>Monthly Maint Rental after changing finance margin -  found OK</b> <br />
<b>Initial Maint Rental found OK</b> <br />
<b>****************************************************************</b> <br />
<b>************Assertion Passed For Quote Summary Page**************</b> <br />
<b>****************************************************************</b> <br />]]>
  </system-out>
</testsuite> <!-- usedLCV.BCH.Acquisition_Quotes_BCH_PCH_used_LCV_with_maintenance_Test -->
