<?xml version="1.0" encoding="UTF-8"?>
<!-- Generated by org.testng.reporters.JUnitReportReporter -->
<testsuite hostname="DSK-4052" failures="0" tests="5" name="usedLCV.HPNR.Acquisition_Quotes_HPNR_PCH_used_LCV_without_maintenance_Test" time="0.000" errors="0" timestamp="2024-11-20T02:50:28 IST" skipped="5">
  <testcase classname="usedLCV.HPNR.Acquisition_Quotes_HPNR_PCH_used_LCV_without_maintenance_Test" name="aquisition_quotes_HPNR_PCH_used_LCV_OTR_calculation_without_maintenance_test" time="0.000">
    <skipped/>
  </testcase> <!-- aquisition_quotes_HPNR_PCH_used_LCV_OTR_calculation_without_maintenance_test -->
  <system-out/>
  <testcase classname="usedLCV.HPNR.Acquisition_Quotes_HPNR_PCH_used_LCV_without_maintenance_Test" name="aquisition_quotes_HPNR_PCH_used_LCV_edit_cost_price_and_check_OTR_without_maintenance_test" time="0.000">
    <skipped/>
  </testcase> <!-- aquisition_quotes_HPNR_PCH_used_LCV_edit_cost_price_and_check_OTR_without_maintenance_test -->
  <system-out/>
  <testcase classname="usedLCV.HPNR.Acquisition_Quotes_HPNR_PCH_used_LCV_without_maintenance_Test" name="aquisition_quotes_HPNR_PCH_used_LCV_holding_cost_calculations_without_maintenance_test" time="0.000">
    <skipped/>
  </testcase> <!-- aquisition_quotes_HPNR_PCH_used_LCV_holding_cost_calculations_without_maintenance_test -->
  <system-out/>
  <testcase classname="usedLCV.HPNR.Acquisition_Quotes_HPNR_PCH_used_LCV_without_maintenance_Test" name="aquisition_quotes_HPNR_PCH_customer_quote_payment_profile_calculations_without_maintenance_test" time="0.000">
    <skipped/>
  </testcase> <!-- aquisition_quotes_HPNR_PCH_customer_quote_payment_profile_calculations_without_maintenance_test -->
  <system-out/>
  <testcase classname="usedLCV.HPNR.Acquisition_Quotes_HPNR_PCH_used_LCV_without_maintenance_Test" name="aquisition_quotes_HPNR_PCH_quote_summary_values_verification_without_maintenance_test" time="0.000">
    <skipped/>
  </testcase> <!-- aquisition_quotes_HPNR_PCH_quote_summary_values_verification_without_maintenance_test -->
  <system-out/>
</testsuite> <!-- usedLCV.HPNR.Acquisition_Quotes_HPNR_PCH_used_LCV_without_maintenance_Test -->
