<?xml version="1.0" encoding="UTF-8"?>
<!-- Generated by org.testng.reporters.JUnitReportReporter -->
<testsuite hostname="DSK-4052" failures="1" tests="4" name="usedLCV.BCH.Acquisition_Quotes_BCH_PCH_used_LCV_with_maintenance_Test" time="318.470" errors="0" timestamp="2024-11-20T02:50:28 IST" skipped="0">
  <testcase classname="usedLCV.BCH.Acquisition_Quotes_BCH_PCH_used_LCV_with_maintenance_Test" name="aquisition_quotes_OTR_calculation_with_maintenance_test" time="92.451"/>
  <system-out>
    <![CDATA[<b>Clicked on Quote button </b> <br />
<b>Selecting used vehicle with registration no. = HK21YPJ and mileage = 10000</b> <br />
<b>Vehicle selected</b> <br />
<b>Paint option has been selected</b> <br />
<b>Interior option has been selected</b> <br />
<b> Acquisition Contract type option = Business Contract Hire(BCH) has been selected</b> <br />
<b> Customer Contract type option = Personal Contract Hire(PCH) has been selected</b> <br />
<b>Cost Price ex VAT and RFL from screen is 14041.67</b> <br />
<b>VAT from screen is 2808.33</b> <br />
<b>Cost Price ex VAT and RFL calculated is 14041.67</b> <br />
<b>Cost Price ex VAT and RFL verified and found OK</b> <br />
<b>****************************************************************</b> <br />
<b>**********Assertion Passed For OTR Price Check**********</b> <br />
<b>****************************************************************</b> <br />]]>
  </system-out>
  <testcase classname="usedLCV.BCH.Acquisition_Quotes_BCH_PCH_used_LCV_with_maintenance_Test" name="aquisition_quotes_holding_cost_calculations_with_maintenance_test" time="33.255"/>
  <system-out>
    <![CDATA[<b>***********Entered in holding cost page ***********</b> <br />
<b>Funder added successfully</b> <br />
<b>Holding cost verified successfully</b> <br />
<b>****************************************************************</b> <br />
<b>***************Assertion Passed For Holding Cost****************</b> <br />
<b>****************************************************************</b> <br />]]>
  </system-out>
  <testcase classname="usedLCV.BCH.Acquisition_Quotes_BCH_PCH_used_LCV_with_maintenance_Test" name="aquisition_quotes_customer_quote_payment_profile_calculations_with_maintenance_test" time="109.782"/>
  <system-out>
    <![CDATA[<b>Writing configuration values from property file to Excel for customer quote calculation -started</b> <br />
<b>Writing configuration values from property file to Excel for customer quote calculation -completed</b> <br />
<b>************Calculations for Customer Quote Page has been started***********</b> <br />
<b>Payment Profile Monthly in Advance option has been selected</b> <br />
<b>Writing values to Excel for customer quote calculation -started</b> <br />
<b>Writing values to Excel for customer quote calculation -completed</b> <br />
<b>Reading  Monthly Finance Rental and monthly maintenance cost from  Excel   -started</b> <br />
<b>Reading  Monthly Finance Rental and monthly maintenance cost from  Excel  -completed</b> <br />
<b>Monthly Finance Rental from Excel is =786.0601633327958</b> <br />
<b>Monthly maintenance Rental from Excel is =72.0</b> <br />
<b>Monthly Finance Rental from screen is =786.06</b> <br />
<b>Monthly maintenance Rental from screen is =72.0</b> <br />
<b>****************************************************************</b> <br />
<b>***********Assertion Passed For Monthly Finance Rental***********</b> <br />
<b>****************************************************************</b> <br />
<b>Monthly Finance Rental from screen (after submitting upsell values) is 830.82</b> <br />
<b>Monthly Mainte. Rental from screen (after submitting upsell values) is 72.0</b> <br />
<b>Writing upsell values to excel</b> <br />
<b>Monthly Finance Rental from Excel (after submitting upsell values) is 830.8183543596442</b> <br />
<b>Monthly Mainte. Rental from Excel (after submitting upsell values) is 72.0</b> <br />
<b>Monthly finance and maint. rental (after submitting upsell values) is found OK</b> <br />
<b>***********Assertion Passed For Monthly Finance Rental on adding upsell values***********</b> <br />
<b>****************************************************************</b> <br />
<b>Entering the deposit values in the part Exchange Section</b> <br />
<b>Monthly Finance Rental from screen (with part exchange values) is 830.82</b> <br />
<b>Monthly Mainte. Rental from screen (with part exchange values) is 72.0</b> <br />
<b>Writing part exchange values to excel</b> <br />
<b>Monthly finance and maint. rental (with part exchage values) is found OK</b> <br />
<b>*****Assertion Passed For Monthly Finance And Maint. Rental*****</b> <br />
<b>****************************************************************</b> <br />
<b>Started verifying Balance Due value</b> <br />
<b>Balance due value (with part exchange values) is verified and found ok</b> <br />
<b>*************Assertion Passed For Balance Due Value*************</b> <br />
<b>****************************************************************</b> <br />
<b>Monthly Finance Rental from screen (after updating customer quote summary upsell value) is 853.2</b> <br />
<b>Monthly Mainte. Rental from screen (after updating customer quote summary upsell value) is 72.0</b> <br />
<b>Writing upsell values to excel</b> <br />
<b>Monthly Finance Rental from Excel (after updating customer quote summary upsell value) is 853.1974498730667</b> <br />
<b>Monthly Mainte. Rental from Excel (after updating customer quote summary upsell value) is 72.0</b> <br />
<b>Monthly finance and maint. rental (after updating customer quote summary upsell value) is found OK</b> <br />
<b>***********Assertion Passed For Monthly Finance Rental on updating upsell values***********</b> <br />
<b>****************************************************************</b> <br />]]>
  </system-out>
  <testcase classname="usedLCV.BCH.Acquisition_Quotes_BCH_PCH_used_LCV_with_maintenance_Test" name="aquisition_quotes_quote_summary_values_verification_with_maintenance_test" time="82.982">
    <failure message="expected [true] but found [false]" type="java.lang.AssertionError">
      <![CDATA[java.lang.AssertionError: expected [true] but found [false]
at org.testng.Assert.fail(Assert.java:99)
at org.testng.Assert.failNotEquals(Assert.java:1037)
at org.testng.Assert.assertTrue(Assert.java:45)
at org.testng.Assert.assertTrue(Assert.java:55)
at usedLCV.BCH.Acquisition_Quotes_BCH_PCH_used_LCV_with_maintenance_Test.aquisition_quotes_quote_summary_values_verification_with_maintenance_test(Acquisition_Quotes_BCH_PCH_used_LCV_with_maintenance_Test.java:215)
at java.base/jdk.internal.reflect.DirectMethodHandleAccessor.invoke(DirectMethodHandleAccessor.java:104)
at java.base/java.lang.reflect.Method.invoke(Method.java:578)
at org.testng.internal.MethodInvocationHelper.invokeMethod(MethodInvocationHelper.java:133)
at org.testng.internal.TestInvoker.invokeMethod(TestInvoker.java:598)
at org.testng.internal.TestInvoker.invokeTestMethod(TestInvoker.java:173)
at org.testng.internal.MethodRunner.runInSequence(MethodRunner.java:46)
at org.testng.internal.TestInvoker$MethodInvocationAgent.invoke(TestInvoker.java:824)
at org.testng.internal.TestInvoker.invokeTestMethods(TestInvoker.java:146)
at org.testng.internal.TestMethodWorker.invokeTestMethods(TestMethodWorker.java:146)
at org.testng.internal.TestMethodWorker.run(TestMethodWorker.java:128)
at java.base/java.util.ArrayList.forEach(ArrayList.java:1511)
at org.testng.TestRunner.privateRun(TestRunner.java:794)
at org.testng.TestRunner.run(TestRunner.java:596)
at org.testng.SuiteRunner.runTest(SuiteRunner.java:377)
at org.testng.SuiteRunner.runSequentially(SuiteRunner.java:371)
at org.testng.SuiteRunner.privateRun(SuiteRunner.java:332)
at org.testng.SuiteRunner.run(SuiteRunner.java:276)
at org.testng.SuiteRunnerWorker.runSuite(SuiteRunnerWorker.java:53)
at org.testng.SuiteRunnerWorker.run(SuiteRunnerWorker.java:96)
at org.testng.TestNG.runSuitesSequentially(TestNG.java:1212)
at org.testng.TestNG.runSuitesLocally(TestNG.java:1134)
at org.testng.TestNG.runSuites(TestNG.java:1063)
at org.testng.TestNG.run(TestNG.java:1031)
at org.testng.remote.AbstractRemoteTestNG.run(AbstractRemoteTestNG.java:115)
at org.testng.remote.RemoteTestNG.initAndRun(RemoteTestNG.java:251)
at org.testng.remote.RemoteTestNG.main(RemoteTestNG.java:77)
]]>
    </failure>
  </testcase> <!-- aquisition_quotes_quote_summary_values_verification_with_maintenance_test -->
  <system-out>
    <![CDATA[<b>*************OTR Calulation on quote summary page has been started************</b> <br />
<b>Reading values from OTR calculation -Quote Summary Page</b> <br />
<b></b> <br />
<b>Cost otr price from screen is 16850.0</b> <br />
<b>Cost price ex vat and rfl from screen is 14041.67</b> <br />
<b>Otr Vat from screen is 2808.33</b> <br />
<b></b> <br />
<b>Cost otr price from excel is 16850.004</b> <br />
<b>Cost price ex vat and rfl from excel is 14041.67</b> <br />
<b>Otr Vat from excel is 2808.334</b> <br />
<b>OTR price compared</b> <br />
<b>Cost price ex vat and rfl compared</b> <br />
<b>VAT compared</b> <br />
<b>*************Holding Cost Calulation on quote summary page has been started************</b> <br />
<b>Reading values from Holding Cost summary -Quote Summary Page</b> <br />
<b>holding_cost_terms_from_screen12.0</b> <br />
<b>holding_cost_miles_per_annum_from_screen5000.0</b> <br />
<b>holding_cost_monthly_finance_cost_from_screen501.0</b> <br />
<b>holding_cost_monthly_maint_cost_used_from_screen50.0</b> <br />
<b>holding_cost_CAP_monthly_maint_cost_from_screen27.25</b> <br />
<b>holding_cost_total_monthly_holding_cost_from_screen =551.0</b> <br />
<b>terms compared</b> <br />
<b>Miles per annum compared</b> <br />
<b>Finance cost compared</b> <br />
<b>Maint cost used  compared</b> <br />
<b>Total Monthly Holding Cost compared</b> <br />
<b>*************Customer Quote Calulation on quote summary page has been started************</b> <br />
<b>Terms found OK</b> <br />
<b>miles found OK</b> <br />
<b>Monthly Finance Rental found OK</b> <br />
<b>Monthly Maintenance Rental found OK</b> <br />
<b>Initial Finance Rental found OK</b> <br />
<b>Initial Maint Rental found OK</b> <br />
<b>Initial Total Rental found OK</b> <br />
<b>Part Exchange Value - found OK</b> <br />
<b>Followed By months - found OK</b> <br />
<b>Pence per excess mile finance - found OK</b> <br />
<b>Pence per excess mile Maintenance - found OK</b> <br />
<b>Pence per excess mile total - found OK</b> <br />
<b>Document Fee - found wrong</b> <br />
<b>Upsell - found OK</b> <br />
<b>Default Finance Commission - found OK</b> <br />
<b>Upsell Commission - found OK</b> <br />
<b>Maintenance Commission - found OK</b> <br />
<b>Document Fee Commission - found OK</b> <br />
<b>Total Commission - found OK</b> <br />
<b>Referrer Commission - found OK</b> <br />
<br>----------Screenshot---------<br>
<img src="D:\Acquisition OTR\AMT_Acquisition_OTR\target\surefire-reports\html\failure_screenshots\aquisition_quotes_quote_summary_values_verification_with_maintenance_test_20_11_2024_01_00_59.png" height="800" width="1000">]]>
  </system-out>
</testsuite> <!-- usedLCV.BCH.Acquisition_Quotes_BCH_PCH_used_LCV_with_maintenance_Test -->
