<?xml version="1.0" encoding="UTF-8"?>
<!-- Generated by org.testng.reporters.JUnitReportReporter -->
<testsuite hostname="DSK-4052" failures="0" tests="3" name="usedCar.BROKER.Acquisition_Quotes_Broker_PCH_used_car_with_maintenance_Test" time="157.682" errors="0" timestamp="2024-09-28T07:36:27 IST" skipped="0">
  <testcase classname="usedCar.BROKER.Acquisition_Quotes_Broker_PCH_used_car_with_maintenance_Test" name="aquisition_quotes_user_flow_broker_pch_OTR_calculation_with_maintenance_test" time="97.290"/>
  <system-out>
    <![CDATA[<b>Clicked on Quote button </b> <br />
<b>Selecting used vehicle with registration no. = GY19XAG and mileage = 15000</b> <br />
<b>Vehicle selected</b> <br />
<b>Paint option has been selected</b> <br />
<b>Interior option has been selected</b> <br />
<b>Acquisition Contract type option selected = Broker </b> <br />
<b> Customer Contract type option = Personal Contract Hire(PCH) has been selected</b> <br />
<b>Cost Price ex VAT and RFL from screen is 18500.0</b> <br />
<b>VAT from screen is 3700.0</b> <br />
<b>Cost Price ex VAT and RFL calculated is 18500.0</b> <br />
<b>Cost Price ex VAT and RFL verified and found OK</b> <br />]]>
  </system-out>
  <testcase classname="usedCar.BROKER.Acquisition_Quotes_Broker_PCH_used_car_with_maintenance_Test" name="aquisition_quotes_user_flow_broker_pch_with_maintenance_test" time="37.260"/>
  <system-out>
    <![CDATA[<b>Funder quote added successfully</b> <br />
<b></b> <br />
<b>Started verifying Balance Due Value</b> <br />
<b>Balance Due Value Expected = 1400.0</b> <br />
<b>Balance Due Value Actual from screen = 1400.0</b> <br />
<b>Balance Due Value verified and found OK</b> <br />]]>
  </system-out>
  <testcase classname="usedCar.BROKER.Acquisition_Quotes_Broker_PCH_used_car_with_maintenance_Test" name="aquisition_quotes_user_flow_broker_pch_quote_summary_values_verification_with_maintenance_test" time="23.132"/>
  <system-out>
    <![CDATA[<b>*************OTR Calulation on quote summary page has been started************</b> <br />
<b>Reading values from OTR calculation -Quote Summary Page</b> <br />
<b>OTR_calculation_cost_otr_price_from_screen =22200.0</b> <br />
<b>OTR_calculation_cost_price_ex_vat_and_rfl_from_screen =18500.0</b> <br />
<b>OTR_calculation_otr_vat_from_screen =3700.0</b> <br />
<b>OTR_calculation_cost_otr_price_from_excel =22200.0</b> <br />
<b>OTR_calculation_cost_price_ex_vat_and_rfl_from_excel =18500.0</b> <br />
<b>OTR_calculation_otr_vat_from_excel =3700.0</b> <br />
<b>OTR_calculation_otr_rfl_and_frf_from_excel =0.0</b> <br />
<b>OTR price compared</b> <br />
<b>Cost price ex vat and rfl compared</b> <br />
<b>VAT compared</b> <br />]]>
  </system-out>
</testsuite> <!-- usedCar.BROKER.Acquisition_Quotes_Broker_PCH_used_car_with_maintenance_Test -->
