<?xml version="1.0" encoding="UTF-8"?>
<!-- Generated by org.testng.reporters.JUnitReportReporter -->
<testsuite hostname="DSK-4052" failures="1" tests="8" name="newCar.CP.Acquisition_Quotes_CP_PCP_without_maintenance_Test" time="584.095" errors="0" timestamp="2025-08-05T08:26:33 IST" skipped="0">
  <testcase classname="newCar.CP.Acquisition_Quotes_CP_PCP_without_maintenance_Test" name="aquisition_quotes_CP_PCP_OTR_calculation_without_maintenance_test" time="159.462"/>
  <system-out>
    <![CDATA[<b>Clicked on Quote button </b> <br />
<b>Manufacture =AUDI has been selected</b> <br />
<b>Model range =A6 has been selected</b> <br />
<b>Vehicle has been selected</b> <br />
<b>Paint option has been selected</b> <br />
<b>Interior option has been selected</b> <br />
<b> Acquisition Contract type option = Contract Purchase (CP) has been selected</b> <br />
<b> Customer Contract type option = Personal Contract Purchase (PCP) has been selected</b> <br />
<b>Getting Basic Price- Vehicle value is  =44008.33</b> <br />
<b>Getting Basic Price - Paint  value is  =0.00</b> <br />
<b>Getting  Basic Price - Options value is   =0.00</b> <br />
<b>Getting Discount- Vehicle value is  =2.00</b> <br />
<b>Getting   Discount - Paint value is   =0.00</b> <br />
<b>Getting  Discount- Options value is   =0.00</b> <br />
<b>Getting Additional Discount- Vehicle value is  =0.00</b> <br />
<b>Getting  Additional Discount - paint value is  =0.00</b> <br />
<b>Getting  Additional Discount - Options value is  =0.00</b> <br />
<b>Writing OTR table values to excel sheet -Started </b> <br />
<b>Writing OTR table values to excel sheet -Completed </b> <br />
<b>Reading Subtotal After Discount from excel sheet -Started </b> <br />
<b>Reading Subtotal After Discount from excel sheet -Started </b> <br />
<b>Subtotal After Discount from excel sheet is =43128.163400000005</b> <br />
<b>Subtotal after discount actual value from screen =Â£ 43,128.16</b> <br />]]>
  </system-out>
  <testcase classname="newCar.CP.Acquisition_Quotes_CP_PCP_without_maintenance_Test" name="aquisition_quotes_CP_PCP_after_discount_calculations_without_maintenance_test" time="4.080"/>
  <system-out>
    <![CDATA[<b>*********Calculations for On Road Price has been started***********</b> <br />
<b>Started getting On screen values from after discount table </b> <br />
<b>Manufacture_delivery_charges =150.00</b> <br />
<b>Road_tax_first_year =1,040.00</b> <br />
<b>First_registration_fee =55.00</b> <br />
<b>Rebate =0.00</b> <br />
<b>Writing After discount values to excel has been started</b> <br />
<b>Writing After discount values to excel has been completed</b> <br />
<b>Reading On Road Price for invoice from excel has been Started</b> <br />
<b>Reading On Road Price for invoice from excel has been completed</b> <br />
<b>Expected on the road price from excel is =53028.8</b> <br />
<b>Actual on the road price from screen is =53028.79</b> <br />]]>
  </system-out>
  <testcase classname="newCar.CP.Acquisition_Quotes_CP_PCP_without_maintenance_Test" name="aquisition_quotes_CP_PCP_holding_cost_calculations_without_maintenance_test" time="38.786"/>
  <system-out>
    <![CDATA[<b>***********Entered in holding cost page ***********</b> <br />
<b>Clicked on holding cost summary</b> <br />
<b></b> <br />
<b>Verifying Holding Cost Based on CAP data</b> <br />
<b>Getting on screen values from Holding Cost Page</b> <br />
<b>Duration(Terms) =24.0</b> <br />
<b>Annual_mileage =8000.0</b> <br />
<b>Cap_residual_value_from_screen =25825.0</b> <br />
<b>Writing Holding Cost Summary values to excel has been started</b> <br />
<b>Writing Holding Cost Summary values to excel has been completed</b> <br />
<b>Reading Monthly Holding Cost value from excel has been started</b> <br />
<b>Reading Monthly Holding Cost value from excel has been completed</b> <br />
<b>Total_monthly_holding_cost_from_screen =1226.05</b> <br />
<b>Total_monthly_holding_cost_from_excel =1226.049377732062</b> <br />
<b>Total Monthly Holding Cost based on CAP data is Verified and Found OK</b> <br />
<b></b> <br />
<b>Editing % CAP Residual Value used</b> <br />
<b>Changing % CAP Residual Value (from test  data) to 30</b> <br />
<b>Writing Holding Cost Summary values to excel has been started</b> <br />
<b>Writing Holding Cost Summary values to excel has been completed</b> <br />
<b>Reading Monthly Holding Cost value from excel has been started</b> <br />
<b>Reading Monthly Holding Cost value from excel has been completed</b> <br />
<b>Total_monthly_holding_cost_from_screen =1793.97</b> <br />
<b>Total_monthly_holding_cost_from_excel =1793.9747231976637</b> <br />
<b>Total Monthly Holding Cost After Editing % Residual Value is Verified and Found OK</b> <br />
<b></b> <br />
<b>Editing Residual value used</b> <br />
<b>Changing Residual value used to =10000</b> <br />
<b>Writing Holding Cost Summary values to excel has been started</b> <br />
<b>Writing Holding Cost Summary values to excel has been completed</b> <br />
<b>Reading Monthly Holding Cost value from excel has been started</b> <br />
<b>Reading Monthly Holding Cost value from excel has been completed</b> <br />
<b>Total_monthly_holding_cost_from_screen =1723.21</b> <br />
<b>Total_monthly_holding_cost_from_excel =1723.2098585503768</b> <br />
<b>Total Monthly Holding Cost After Editing Residual Value is Verified and Found OK</b> <br />
<b></b> <br />
<b>Editing additional terms and mileage</b> <br />
<b>Updated Residual Value from screen  (to be sent to calculation excel) is =4425.00</b> <br />
<b>Writing Holding Cost Summary values to excel has been started</b> <br />
<b>Writing Holding Cost Summary values to excel has been completed</b> <br />
<b>Reading Monthly Holding Cost value from excel has been started</b> <br />
<b>Reading Monthly Holding Cost value from excel has been completed</b> <br />
<b>Total_monthly_holding_cost_from_screen =1,365.40</b> <br />
<b>Total_monthly_holding_cost_from_excel =1365.4029635757427</b> <br />
<b>Total Monthly Holding Cost After Editing Additional terms and mileage is Verified and Found OK</b> <br />]]>
  </system-out>
  <testcase classname="newCar.CP.Acquisition_Quotes_CP_PCP_without_maintenance_Test" name="aquisition_quotes_CP_PCP_customer_quote_calculations_check_monthly_finance_payment_without_maintenance_test" time="124.195"/>
  <system-out>
    <![CDATA[<b>***********Entered in Customer Quote page ***********</b> <br />
<b>Matrix credit type Limited Credit has been selected</b> <br />
<b>Writing configuration values from property file to Excel for customer quote calculation -started</b> <br />
<b>Writing configuration values from property file to Excel for customer quote calculation -completed</b> <br />
<b>Actual Monthly Finance Payment from screen is 1868.42</b> <br />
<b>Writing screen values to Excel for customer quote calculation -started</b> <br />
<b>Writing screen values to Excel for customer quote calculation -completed</b> <br />
<b>Expected Monthly Finannce Rental from excel is 1868.4163289688706</b> <br />
<b></b> <br />
<b>Started Verifying Sales price discount not to be greater than cost price discount</b> <br />
<b>Sales discount price entered greater than Cost discount prices and verified that sales discount input field doesn't accept greater values than cost discount prices</b> <br />
<b></b> <br />
<b>Started Updating Sales price discount</b> <br />
<b>Actual Sales Total Price from screen (on updating sales discount prices) is 53556.9</b> <br />
<b>Expected Sales Total Price from excel (on updating sales discount prices) is 53556.89604000001</b> <br />
<b>Actual Vehicle Profit from screen (on updating sales discount prices) is 440.09</b> <br />
<b>Expected Vehicle Profit from excel (on updating sales discount prices) is 440.08330000000024</b> <br />
<b>Actual Monthly Finance Payment from screen is 1888.03</b> <br />
<b>Expected Monthly Finance Payment from excel is 1888.0309771933294</b> <br />
<b>1. Sales Total Price , 2.Vehicel Profit , 3.Monthly Finance Rental , Verified on updating sales discount and found OK</b> <br />]]>
  </system-out>
  <testcase classname="newCar.CP.Acquisition_Quotes_CP_PCP_without_maintenance_Test" name="aquisition_quotes_CP_PCP_customer_quote_vehicle_profit_edit_check_without_maintenance_test" time="48.202"/>
  <system-out>
    <![CDATA[<b></b> <br />
<b>Actual Monthly Finance Payment after editing vehicle profit = 1912.99</b> <br />
<b>Expected  Monthly Finance Payment after editing vehicle profit = 1912.9863383428205</b> <br />
<b></b> <br />
<b>Monthly Finance Payment verified after editing vehicle profit</b> <br />
<b></b> <br />
<b>Verifying Vehicle profit and Total Monthly Payment on editing Vehicle Sales Price</b> <br />
<b>Sending 63634.548 to sales total input field</b> <br />
<b></b> <br />
<b>Vehicle Profit Expected is 8838.131666666668</b> <br />
<b>Vehicle Profit Actual is 8838.12</b> <br />
<b></b> <br />
<b>Monthly Total Payment Expected is 2262.3337608446705</b> <br />
<b>Monthly Total Payment Actual is 2262.33</b> <br />
<b></b> <br />
<b>Vehicle profit and Total Monthly Payment verified on editing Vehicle Sales Price</b> <br />]]>
  </system-out>
  <testcase classname="newCar.CP.Acquisition_Quotes_CP_PCP_without_maintenance_Test" name="aquisition_quotes_CP_PCP_customer_quote_part_exchange_value_edit_check_without_maintenance_test" time="57.362"/>
  <system-out>
    <![CDATA[<b>Entering the deposit Values</b> <br />
<b></b> <br />
<b>Balance To Finance Expected is 61634.532040000006</b> <br />
<b>Balance To Finance Actual is 61634.54</b> <br />
<b></b> <br />
<b>Monthly Finance Payment Expected is 2188.0499141863206</b> <br />
<b>Monthly Finance Payment Actual is 2188.05</b> <br />
<b></b> <br />
<b>Monthly Finance Payment verified after editing part exchange values and deposit values</b> <br />]]>
  </system-out>
  <testcase classname="newCar.CP.Acquisition_Quotes_CP_PCP_without_maintenance_Test" name="aquisition_quotes_verify_customer_quote_monthly_finance_payment_after_adding_referrer_commission_test" time="59.835"/>
  <system-out>
    <![CDATA[<b>Referrer Commission 3100added to the referrer commission field</b> <br />
<b></b> <br />
<b>Monthly Finance Payment Expected (after adding Referrer Commission) is 2303.189876506771</b> <br />
<b>Monthly Finance Payment Actual (after adding Referrer Commission) is 2303.19</b> <br />
<b></b> <br />
<b>Monthly Finance Payment verified after adding Referrer Commission</b> <br />]]>
  </system-out>
  <testcase classname="newCar.CP.Acquisition_Quotes_CP_PCP_without_maintenance_Test" name="aquisition_quotes_CP_PCP_quote_summary_values_verification_without_maintenance_test" time="92.173">
    <failure message="expected [true] but found [false]" type="java.lang.AssertionError">
      <![CDATA[java.lang.AssertionError: expected [true] but found [false]
at org.testng.Assert.fail(Assert.java:99)
at org.testng.Assert.failNotEquals(Assert.java:1037)
at org.testng.Assert.assertTrue(Assert.java:45)
at org.testng.Assert.assertTrue(Assert.java:55)
at newCar.CP.Acquisition_Quotes_CP_PCP_without_maintenance_Test.aquisition_quotes_CP_PCP_quote_summary_values_verification_without_maintenance_test(Acquisition_Quotes_CP_PCP_without_maintenance_Test.java:269)
at java.base/jdk.internal.reflect.DirectMethodHandleAccessor.invoke(DirectMethodHandleAccessor.java:104)
at java.base/java.lang.reflect.Method.invoke(Method.java:578)
at org.testng.internal.MethodInvocationHelper.invokeMethod(MethodInvocationHelper.java:133)
at org.testng.internal.TestInvoker.invokeMethod(TestInvoker.java:598)
at org.testng.internal.TestInvoker.invokeTestMethod(TestInvoker.java:173)
at org.testng.internal.MethodRunner.runInSequence(MethodRunner.java:46)
at org.testng.internal.TestInvoker$MethodInvocationAgent.invoke(TestInvoker.java:824)
at org.testng.internal.TestInvoker.invokeTestMethods(TestInvoker.java:146)
at org.testng.internal.TestMethodWorker.invokeTestMethods(TestMethodWorker.java:146)
at org.testng.internal.TestMethodWorker.run(TestMethodWorker.java:128)
at java.base/java.util.ArrayList.forEach(ArrayList.java:1511)
at org.testng.TestRunner.privateRun(TestRunner.java:794)
at org.testng.TestRunner.run(TestRunner.java:596)
at org.testng.SuiteRunner.runTest(SuiteRunner.java:377)
at org.testng.SuiteRunner.runSequentially(SuiteRunner.java:371)
at org.testng.SuiteRunner.privateRun(SuiteRunner.java:332)
at org.testng.SuiteRunner.run(SuiteRunner.java:276)
at org.testng.SuiteRunnerWorker.runSuite(SuiteRunnerWorker.java:53)
at org.testng.SuiteRunnerWorker.run(SuiteRunnerWorker.java:96)
at org.testng.TestNG.runSuitesSequentially(TestNG.java:1212)
at org.testng.TestNG.runSuitesLocally(TestNG.java:1134)
at org.testng.TestNG.runSuites(TestNG.java:1063)
at org.testng.TestNG.run(TestNG.java:1031)
at org.testng.remote.AbstractRemoteTestNG.run(AbstractRemoteTestNG.java:115)
at org.testng.remote.RemoteTestNG.initAndRun(RemoteTestNG.java:251)
at org.testng.remote.RemoteTestNG.main(RemoteTestNG.java:77)
]]>
    </failure>
  </testcase> <!-- aquisition_quotes_CP_PCP_quote_summary_values_verification_without_maintenance_test -->
  <system-out>
    <![CDATA[<b>*************OTR Calulation on quote summary page has been started************</b> <br />
<b>Clicking on Quote summary</b> <br />
<b>Reading values from OTR calculation -Quote Summary Page</b> <br />
<b></b> <br />
<b>Cost otr price from screen is 53028.79</b> <br />
<b>Cost price ex vat and rfl from screen is 43278.16</b> <br />
<b>Otr Vat from screen is 8655.63</b> <br />
<b>Otr rfl and frf from screen is 1095.0</b> <br />
<b></b> <br />
<b>Cost otr price from excel is 53028.79608000001</b> <br />
<b>Cost price ex vat and rfl from excel is 43278.163400000005</b> <br />
<b>Otr Vat from excel is 8655.63268</b> <br />
<b>Otr rfl and frf from excel is 1095.0</b> <br />
<b></b> <br />
<b>OTR price compared</b> <br />
<b>Cost price ex vat and rfl compared</b> <br />
<b>VAT compared</b> <br />
<b>RFL & FRF compared</b> <br />
<b>*************Holding Cost Calulation on quote summary page has been started************</b> <br />
<b>Reading values from Holding Cost summary -Quote Summary Page</b> <br />
<b>holding_cost_terms_from_screen35.0</b> <br />
<b>holding_cost_miles_per_annum_from_screen35000.0</b> <br />
<b>holding_cost_monthly_finance_cost_from_screen1365.4</b> <br />
<b>holding_cost_total_monthly_holding_cost_from_screen =1365.4</b> <br />
<b>terms compared</b> <br />
<b>Miles per annum compared</b> <br />
<b>Finance cost compared</b> <br />
<b>Total Monthly Holding Cost compared</b> <br />
<b>*************Customer Quote Calulation on quote summary page has been started************</b> <br />
<b>Terms found OK</b> <br />
<b>miles found OK</b> <br />
<b>Basic Cash Price found OK</b> <br />
<b>VAT found OK</b> <br />
<b>Non VAT Items Value found OK</b> <br />
<b>Total Cash Price found OK</b> <br />
<b>Order Deposit found OK</b> <br />
<b>Finance Deposit found OK</b> <br />
<b>Total Deposit found OK</b> <br />
<b>Part Exchange Value - found OK</b> <br />
<b>Balance to Finance found OK</b> <br />
<b>Finance Charges - found OK</b> <br />
<b>Document Fee - found OK</b> <br />
<b>Balance Payable - found OK</b> <br />
<b>Option To Purchase Fee - found OK</b> <br />
<b>Initial Cash Payment - found OK</b> <br />
<b>Followed By months - found OK</b> <br />
<b>Monthly Finance Payment - found OK</b> <br />
<b>Guaranteed Future Value - found OK</b> <br />
<b>Optional Final Payment - found OK</b> <br />
<b>Pence Per Excess Mile Finance - found OK</b> <br />
<b>Vehicle Commission - found OK</b> <br />
<b>Default Finance Commission - found OK</b> <br />
<b>Document Fee Commission - found OK</b> <br />
<b>Total Commission - found OK</b> <br />
<b>*************Configuration Values Verification on quote summary page has been started************</b> <br />
<b>Base Interest Rate found OK</b> <br />
<b>Finance Margin found OK</b> <br />
<b>Deductions found wrong</b> <br />
<b>Additional Margin found OK</b> <br />
<b>Total Margin found wrong</b> <br />
<b>Default Broker Margin percentage found OK</b> <br />
<b>Customer Interest Rate found OK</b> <br />
<b>Document Fee Margin found OK</b> <br />
<b>Default Broker Margin found OK</b> <br />
<br>----------Screenshot---------<br>
<img src="D:\Acquisition OTR\AMT_Acquisition_OTR\target\surefire-reports\html\failure_screenshots\aquisition_quotes_CP_PCP_quote_summary_values_verification_without_maintenance_test_05_08_2025_12_13_08.png" height="800" width="1000">]]>
  </system-out>
</testsuite> <!-- newCar.CP.Acquisition_Quotes_CP_PCP_without_maintenance_Test -->
