<?xml version="1.0" encoding="UTF-8"?>
<!-- Generated by org.testng.reporters.JUnitReportReporter -->
<testsuite hostname="DSK-4052" failures="0" tests="5" name="usedLCV.BROKER.Acquisition_Quotes_Broker_HPR_used_LCV_Test" time="158.146" errors="0" timestamp="2024-06-29T07:53:17 IST" skipped="0">
  <testcase classname="usedLCV.BROKER.Acquisition_Quotes_Broker_HPR_used_LCV_Test" name="aquisition_quotes_user_flow_broker_HPNR_OTR_calculation_test" time="93.603"/>
  <system-out>
    <![CDATA[<b>Clicked on Quote button </b> <br />
<b>Selecting used vehicle with registration no. = HK21YPJ and mileage = 15000</b> <br />
<b>Vehicle selected</b> <br />
<b>Paint option has been selected</b> <br />
<b>Interior option has been selected</b> <br />
<b>Acquisition Contract type option selected = Broker </b> <br />
<b>Customer Contract type option selected =  Hire Purchase Regulated(HPNR)</b> <br />
<b>Cost Price ex VAT and RFL from screen is 15333.33</b> <br />
<b>VAT from screen is 3066.67</b> <br />
<b>Cost Price ex VAT and RFL calculated is 15333.33</b> <br />
<b>Cost Price ex VAT and RFL verified and found OK</b> <br />]]>
  </system-out>
  <testcase classname="usedLCV.BROKER.Acquisition_Quotes_Broker_HPR_used_LCV_Test" name="aquisition_quotes_used_car_edit_cost_price_and_check_OTR_with_maintenance_test" time="0.001"/>
  <system-out/>
  <testcase classname="usedLCV.BROKER.Acquisition_Quotes_Broker_HPR_used_LCV_Test" name="aquisition_quotes_user_flow_broker_HPNR_vehicle_profit_check_test" time="19.722"/>
  <system-out>
    <![CDATA[<b>Vehicle profit from test data 1200.0 added to otr cost price 18400.0</b> <br />
<b>After adding profit to otr price 18400.0 sales price is shown as (considering VAT%) 19840.0</b> <br />
<b>Vehicle profit verified</b> <br />
<b></b> <br />
<b>Verifying Vehicle profit and Total Monthly Payment on editing Vehicle Sales Price</b> <br />
<b>Sending 22080.0 to sales total input field</b> <br />
<b>Vehicle profit verified on editing Vehicle Sales Price</b> <br />]]>
  </system-out>
  <testcase classname="usedLCV.BROKER.Acquisition_Quotes_Broker_HPR_used_LCV_Test" name="aquisition_quotes_user_flow_broker_HPNR_balance_to_finance_check_test" time="26.861"/>
  <system-out>
    <![CDATA[<b></b> <br />
<b>Adding Funder Quote Values to Screen</b> <br />
<b>Funder Quote Added Successfully</b> <br />
<b></b> <br />
<b>Started verifying Balance To Finance Value</b> <br />
<b></b> <br />
<b>Started verifying Balance To Finance</b> <br />
<b>Balance To Finance Expected is =21180.0</b> <br />
<b>Balance To Finance Actual From Screen is =21180.0</b> <br />
<b>Balance to finance value from customer quote summary - verified</b> <br />]]>
  </system-out>
  <testcase classname="usedLCV.BROKER.Acquisition_Quotes_Broker_HPR_used_LCV_Test" name="aquisition_quotes_user_flow_broker_HPNR_quote_summary_values_verification_test" time="17.959"/>
  <system-out>
    <![CDATA[<b>*************Calculations for Quote Summary page has been started************</b> <br />
<b>Reading values from sceen -Quote Summary Page</b> <br />
<b>Getting values from screen</b> <br />
<b>Quote_summary_cost_otr_price =18,400.00</b> <br />
<b>Customer contract_type =Hire Purchase Regulated</b> <br />
<b>Customer Quote generated successfully and Quote_ref_no =GUA51884</b> <br />
<b>Reading values from excel sheet to compare it with quote summary on screen values</b> <br />
<b>Comparing excel values with actual values on screen</b> <br />
<b>OTR price compared</b> <br />]]>
  </system-out>
</testsuite> <!-- usedLCV.BROKER.Acquisition_Quotes_Broker_HPR_used_LCV_Test -->
