<?xml version="1.0" encoding="UTF-8"?>
<!-- Generated by org.testng.reporters.JUnitReportReporter -->
<testsuite hostname="DSK-4052" failures="0" tests="5" name="newCar.FL.Acquisition_Quotes_FL_PCH_with_maintenance_Test" time="559.876" errors="0" timestamp="2024-06-22T09:56:10 IST" skipped="0">
  <testcase classname="newCar.FL.Acquisition_Quotes_FL_PCH_with_maintenance_Test" name="aquisition_quotes_FL_PCH_OTR_calculation_with_maintenance_test" time="114.101"/>
  <system-out>
    <![CDATA[<b>Clicked on Quote button </b> <br />
<b>Manufacture =AUDI has been selected</b> <br />
<b>Model range =A7 has been selected</b> <br />
<b>Vehicle has been selected</b> <br />
<b>Paint option has been selected</b> <br />
<b>Interior option has been selected</b> <br />
<b> Acquisition Contract type option = Finance Lease has been selected</b> <br />
<b> Customer Contract type option = Personal Contract Hire(PCH) has been selected</b> <br />
<b>Getting Basic Price- Vehicle value is  =55495.83</b> <br />
<b>Getting Basic Price - Paint  value is  =0.00</b> <br />
<b>Getting  Basic Price - Options value is   =833.33</b> <br />
<b>Getting Discount- Vehicle value is  =0.00</b> <br />
<b>Getting   Discount - Paint value is   =0.00</b> <br />
<b>Getting  Discount- Options value is   =0.00</b> <br />
<b>Getting Additional Discount- Vehicle value is  =0.00</b> <br />
<b>Getting  Additional Discount - paint value is  =0.00</b> <br />
<b>Getting  Additional Discount - Options value is  =0.00</b> <br />
<b>Writing OTR table values to excel sheet -Started </b> <br />
<b>Writing OTR table values to excel sheet -Completed </b> <br />
<b>Reading Subtotal After Discount from excel sheet -Started </b> <br />
<b>Reading Subtotal After Discount from excel sheet -Started </b> <br />
<b>Subtotal After Discount from excel sheet is =56329.16</b> <br />
<b>Subtotal after discount actual value from screen =Â£ 56,329.16</b> <br />]]>
  </system-out>
  <testcase classname="newCar.FL.Acquisition_Quotes_FL_PCH_with_maintenance_Test" name="aquisition_quotes_FL_PCH_after_discount_calculations_with_maintenance_test" time="4.152"/>
  <system-out>
    <![CDATA[<b>*********Calculations for On Road Price has been started***********</b> <br />
<b>Started getting On screen values from after discount table </b> <br />
<b>Manufacture_delivery_charges =645.83</b> <br />
<b>Road_tax_first_year =585.0</b> <br />
<b>First_registration_fee =65.0</b> <br />
<b>Rebate =0.0</b> <br />
<b>Writing After discount values to excel has been started</b> <br />
<b>Writing After discount values to excel has been completed</b> <br />
<b>Reading On Road Price for invoice from excel has been Started</b> <br />
<b>Reading On Road Price for invoice from excel has been completed</b> <br />
<b>Expected on the road price from excel is =69019.99</b> <br />
<b>Actual on the road price from screen is =69019.99</b> <br />]]>
  </system-out>
  <testcase classname="newCar.FL.Acquisition_Quotes_FL_PCH_with_maintenance_Test" name="aquisition_quotes_FL_PCH_holding_cost_calculations_with_maintenance_test" time="71.426"/>
  <system-out>
    <![CDATA[<b>***********Entered in holding cost page ***********</b> <br />
<b>Clicked on holding cost summary</b> <br />
<b>Clicked on holding_cost_maintenance_toggle_button</b> <br />
<b></b> <br />
<b>***Verifying Holding Cost before editing CAP data*** </b> <br />
<b>Getting on screen values from Holding Cost Page</b> <br />
<b>Duration(Terms) =36.0</b> <br />
<b>Annual_mileage =10000.0</b> <br />
<b>Residual_value_from_screen =28050.0</b> <br />
<b>Writing Holding Cost Summary values to excel has been started</b> <br />
<b>Writing Holding Cost Summary values to excel has been completed</b> <br />
<b>Reading Monthly Holding Cost value from excel has been started</b> <br />
<b>Reading Monthly Holding Cost value from excel has been completed</b> <br />
<b>Total_monthly_holding_cost_from_screen =1,219.06</b> <br />
<b>Total_monthly_holding_cost_from_excel =1219.060195262566</b> <br />
<b>Total Monthly Holding Cost based on CAP data is Verified and Found OK</b> <br />
<b></b> <br />
<b>Editing % CAP Residual Value and % CAP Maintenance cost used</b> <br />
<b>Changing % CAP Residual Value (from test  data) to 100</b> <br />
<b>Changing % CAP Maintenance cost (from test  data) to 100</b> <br />
<b>Writing Holding Cost Summary values to excel has been started</b> <br />
<b>Writing Holding Cost Summary values to excel has been completed</b> <br />
<b>Reading Monthly Holding Cost value from excel has been started</b> <br />
<b>Reading Monthly Holding Cost value from excel has been completed</b> <br />
<b>Total_monthly_holding_cost_from_screen =1,219.06</b> <br />
<b>Total_monthly_holding_cost_from_excel =1219.060195262566</b> <br />
<b>Total Monthly Holding Cost After Editing % Residual Value and % Maintenance Cost is Verified and Found OK</b> <br />
<b></b> <br />
<b>Editing Residual value and Maintenance cost used</b> <br />
<b>Changing Residual Value (from test data) to  =20000</b> <br />
<b>Changing Maintenance Cost used (from test data) to =150</b> <br />
<b>Writing Holding Cost Summary values to excel has been started</b> <br />
<b>Writing Holding Cost Summary values to excel has been completed</b> <br />
<b>Reading Monthly Holding Cost value from excel has been started</b> <br />
<b>Reading Monthly Holding Cost value from excel has been completed</b> <br />
<b>Total_monthly_holding_cost_from_screen =1,497.88</b> <br />
<b>Total_monthly_holding_cost_from_excel =1497.8751944248024</b> <br />
<b>Total Monthly Holding Cost After Editing Residual Value and Maintenance Cost is Verified and Found OK</b> <br />
<b></b> <br />
<b>Editing additional terms and mileage</b> <br />
<b>Updated Residual Value from screen  (to be sent to calculation excel) is =29450.00</b> <br />
<b>Updated Maintenance Cost from screen  (to be sent to calculation excel) is =101.40</b> <br />
<b>Writing Holding Cost Summary values to excel has been started</b> <br />
<b>Writing Holding Cost Summary values to excel has been completed</b> <br />
<b>Reading Monthly Holding Cost value from excel has been started</b> <br />
<b>Reading Monthly Holding Cost value from excel has been completed</b> <br />
<b>Total_monthly_holding_cost_from_screen =1,839.24</b> <br />
<b>Total_monthly_holding_cost_from_excel =1839.240724486186</b> <br />
<b>Total Monthly Holding Cost After Editing Additional terms and mileage is Verified and Found OK</b> <br />]]>
  </system-out>
  <testcase classname="newCar.FL.Acquisition_Quotes_FL_PCH_with_maintenance_Test" name="aquisition_quotes_FL_PCH_customer_quote_payment_profile_calculations_with_maintenance_test" time="109.392"/>
  <system-out>
    <![CDATA[<b>Writing configuration values from property file to Excel for customer quote calculation -started</b> <br />
<b>Writing configuration values from property file to Excel for customer quote calculation -completed</b> <br />
<b>************Calculations for Customer Quote Page has been started***********</b> <br />
<b>Payment Profile Monthly in Advance option has been selected</b> <br />
<b>Writing values to Excel for customer quote calculation -started</b> <br />
<b>Writing values to Excel for customer quote calculation -completed</b> <br />
<b>Reading  Monthly Finance Rental and monthly maintenance cost from  Excel   -started</b> <br />
<b>Reading  Monthly Finance Rental and monthly maintenance cost from  Excel  -completed</b> <br />
<b>Monthly Finance Rental from Excel is =2483.0381947157907</b> <br />
<b>Monthly maintenance Rental from Excel is =146.016</b> <br />
<b>Monthly Finance Rental from screen is =2483.04</b> <br />
<b>Monthly maintenance Rental from screen is =146.02</b> <br />
<b>Monthly Finance Rental from screen (after submitting upsell values) is 2507.45</b> <br />
<b>Monthly Mainte. Rental from screen ((after submitting upsell values) is 146.02</b> <br />
<b>Writing upsell values to excel</b> <br />
<b>Monthly Finance Rental from Excel (after submitting upsell values) is 2507.451753457709</b> <br />
<b>Monthly Mainte. Rental from Excel ((after submitting upsell values) is 146.016</b> <br />
<b>Monthly finance and maint. rental (after submitting upsell values) is found OK</b> <br />
<b>Entering the deposit values in the part Exchange Section</b> <br />
<b>Monthly Finance Rental from screen (with part exchange values) is 2507.45</b> <br />
<b>Monthly Mainte. Rental from screen (with part exchange values) is 146.02</b> <br />
<b>Writing part exchange values to excel</b> <br />
<b>Monthly Finance Rental from Excel (with part exchange values) is 2507.451753457709</b> <br />
<b>Monthly Mainte. Rental from Excel (with part exchange values) is 146.016</b> <br />
<b>Monthly finance and maint. rental (with part exchange values) is found OK</b> <br />
<b></b> <br />
<b>********Balance Due value started verifying**********</b> <br />
<b>Balance due value Actual from screen is 1239.99</b> <br />
<b></b> <br />
<b>Balance due value Expected from Excel is 1239.99</b> <br />
<b></b> <br />
<b>Balance due value (with part exchange values) is verified and found ok</b> <br />
<b>Monthly Finance Rental from screen (after submitting upsell values) is 2519.66</b> <br />
<b>Monthly Mainte. Rental from screen ((after submitting upsell values) is 146.02</b> <br />
<b>Writing upsell values to excel</b> <br />
<b>Monthly Finance Rental from Excel (after submitting upsell values) is 2519.6585328286683</b> <br />
<b>Monthly Mainte. Rental from Excel (after submitting upsell values) is 146.016</b> <br />
<b>Monthly finance and maint. rental (after updating customer quote summary upsell value) is found OK</b> <br />]]>
  </system-out>
  <testcase classname="newCar.FL.Acquisition_Quotes_FL_PCH_with_maintenance_Test" name="aquisition_quotes_FL_PCH_quote_summary_values_verification_with_maintenance_test" time="260.805"/>
  <system-out>
    <![CDATA[<b>*************OTR Calulation on quote summary page has been started************</b> <br />
<b>Reading values from OTR calculation -Quote Summary Page</b> <br />
<b></b> <br />
<b>Cost otr price from screen is 69019.99</b> <br />
<b>Cost price ex vat and rfl from screen is 56974.99</b> <br />
<b>Otr Vat from screen is 11395.0</b> <br />
<b>Otr rfl and frf from screen is 650.0</b> <br />
<b></b> <br />
<b>Cost otr price from excel is 69019.98800000001</b> <br />
<b>Cost price ex vat and rfl from excel is 56974.99000000001</b> <br />
<b>Otr Vat from excel is 11394.998</b> <br />
<b>Otr rfl and frf from excel is 650.0</b> <br />
<b></b> <br />
<b>OTR price compared</b> <br />
<b>Cost price ex vat and rfl compared</b> <br />
<b>VAT compared</b> <br />
<b>RFL & FRF compared</b> <br />
<b>*************Holding Cost Calulation on quote summary page has been started************</b> <br />
<b>Reading values from Holding Cost summary -Quote Summary Page</b> <br />
<b>holding_cost_terms_from_screen 22.0</b> <br />
<b>holding_cost_miles_per_annum_from_screen 22000.0</b> <br />
<b>holding_cost_monthly_finance_cost_from_screen 1737.84</b> <br />
<b>holding_cost_monthly_maint_cost_used_from_screen 101.4</b> <br />
<b>holding_cost_CAP_monthly_maint_cost_from_screen 101.4</b> <br />
<b>holding_cost_total_monthly_holding_cost_from_screen =1839.24</b> <br />
<b>terms compared</b> <br />
<b>Miles per annum compared</b> <br />
<b>Finance cost compared</b> <br />
<b>Maint cost used  compared</b> <br />
<b>Total Monthly Holding Cost compared</b> <br />
<b>*************Customer Quote Calulation on quote summary page has been started************</b> <br />
<b>Terms found OK</b> <br />
<b>miles found OK</b> <br />
<b>Monthly Finance Rental found OK</b> <br />
<b>Monthly Maintenance Rental found OK</b> <br />
<b>Initial Finance Rental found OK</b> <br />
<b>Initial Maint Rental found OK</b> <br />
<b>Initial Total Rental found OK</b> <br />
<b>Part Exchange Value - found OK</b> <br />
<b>Followed By months - found OK</b> <br />
<b>Pence per excess mile finance - found OK</b> <br />
<b>Pence per excess mile Maintenance - found OK</b> <br />
<b>Pence per excess mile total - found OK</b> <br />
<b>Document Fee - found OK</b> <br />
<b>Upsell - found OK</b> <br />
<b>Default Finance Commission - found OK</b> <br />
<b>Upsell Commission - found OK</b> <br />
<b>Maintenance Commission - found OK</b> <br />
<b>Document Fee Commission - found OK</b> <br />
<b>Total Commission - found OK</b> <br />
<b>Referrer Commission - found OK</b> <br />
<b>*************Configuration Values Verification on quote summary page has been started************</b> <br />
<b>Base Interest Rate found OK</b> <br />
<b>Finance Margin found OK</b> <br />
<b>Deductions found OK</b> <br />
<b>Additional Margin found OK</b> <br />
<b>Total Margin found OK</b> <br />
<b>Default Broker Margin percentage found OK</b> <br />
<b>Broker Upsell Margin percentage found OK</b> <br />
<b>Broker Upsell Margin  found OK</b> <br />
<b>Maintenance Margin  found OK</b> <br />
<b>Document Fee Margin  found OK</b> <br />
<b>Refferer Margin  found OK</b> <br />
<b>*********Customer Quote generated successfully and Quote_ref_no is=FLG21849</b> <br />
<b>*************OTR Calulation on quote summary page has been started************</b> <br />
<b>Reading values from OTR calculation -Quote Summary Page</b> <br />
<b></b> <br />
<b>Cost otr price from screen is 69019.99</b> <br />
<b>Cost price ex vat and rfl from screen is 56974.99</b> <br />
<b>Otr Vat from screen is 11395.0</b> <br />
<b>Otr rfl and frf from screen is 650.0</b> <br />
<b></b> <br />
<b>Cost otr price from excel is 69019.98800000001</b> <br />
<b>Cost price ex vat and rfl from excel is 56974.99000000001</b> <br />
<b>Otr Vat from excel is 11394.998</b> <br />
<b>Otr rfl and frf from excel is 650.0</b> <br />
<b></b> <br />
<b>OTR price compared</b> <br />
<b>Cost price ex vat and rfl compared</b> <br />
<b>VAT compared</b> <br />
<b>RFL & FRF compared</b> <br />
<b>*************Holding Cost Calulation on quote summary page has been started************</b> <br />
<b>Reading values from Holding Cost summary -Quote Summary Page</b> <br />
<b>holding_cost_terms_from_screen 22.0</b> <br />
<b>holding_cost_miles_per_annum_from_screen 22000.0</b> <br />
<b>holding_cost_monthly_finance_cost_from_screen 1737.84</b> <br />
<b>holding_cost_monthly_maint_cost_used_from_screen 101.4</b> <br />
<b>holding_cost_CAP_monthly_maint_cost_from_screen 101.4</b> <br />
<b>holding_cost_total_monthly_holding_cost_from_screen =1839.24</b> <br />
<b>terms compared</b> <br />
<b>Miles per annum compared</b> <br />
<b>Finance cost compared</b> <br />
<b>Maint cost used  compared</b> <br />
<b>Total Monthly Holding Cost compared</b> <br />
<b>*************Customer Quote Calulation on quote summary page has been started************</b> <br />
<b>Terms found OK</b> <br />
<b>miles found OK</b> <br />
<b>Monthly Finance Rental found OK</b> <br />
<b>Monthly Maintenance Rental found OK</b> <br />
<b>Initial Finance Rental found OK</b> <br />
<b>Initial Maint Rental found OK</b> <br />
<b>Initial Total Rental found OK</b> <br />
<b>Part Exchange Value - found OK</b> <br />
<b>Followed By months - found OK</b> <br />
<b>Pence per excess mile finance - found OK</b> <br />
<b>Pence per excess mile Maintenance - found OK</b> <br />
<b>Pence per excess mile total - found OK</b> <br />
<b>Document Fee - found OK</b> <br />
<b>Upsell - found OK</b> <br />
<b>Default Finance Commission - found OK</b> <br />
<b>Upsell Commission - found OK</b> <br />
<b>Maintenance Commission - found OK</b> <br />
<b>Document Fee Commission - found OK</b> <br />
<b>Total Commission - found OK</b> <br />
<b>Referrer Commission - found OK</b> <br />
<b>*************Configuration Values Verification on quote summary page has been started************</b> <br />
<b>Base Interest Rate found OK</b> <br />
<b>Finance Margin found OK</b> <br />
<b>Deductions found OK</b> <br />
<b>Additional Margin found OK</b> <br />
<b>Total Margin found OK</b> <br />
<b>Default Broker Margin percentage found OK</b> <br />
<b>Broker Upsell Margin percentage found OK</b> <br />
<b>Broker Upsell Margin  found OK</b> <br />
<b>Maintenance Margin  found OK</b> <br />
<b>Document Fee Margin  found OK</b> <br />
<b>Refferer Margin  found OK</b> <br />
<b>*************Editing Base Interest Rate and Verifying  Values on quote summary page has been started************</b> <br />
<b>Base Interest Rate changed to 7.0 %</b> <br />
<b>Holding Cost after changing Base Int. Rate -  found OK</b> <br />
<b>Monthly Finance Rental after changing Base Int. Rate -  found OK</b> <br />
<b>Initial Finance Rental found OK</b> <br />
<b>Base Interest Rate changed to default</b> <br />
<b>*************Editing Fianance Margin and Verifying Values on quote summary page has been started************</b> <br />
<b>Finance margin changed to 10000</b> <br />
<b>Monthly Finance Rental after changing finance margin -  found OK</b> <br />
<b>Initial Finance Rental found OK</b> <br />
<b>*************Editing Maintenance Margin and Verifying Values on quote summary page has been started************</b> <br />
<b>Maintenance margin changed to 30 %</b> <br />
<b>Monthly Maint Rental after changing Maintenance margin -  found OK</b> <br />
<b>Initial Maint Rental found OK</b> <br />]]>
  </system-out>
</testsuite> <!-- newCar.FL.Acquisition_Quotes_FL_PCH_with_maintenance_Test -->
