<?xml version="1.0" encoding="UTF-8"?>
<!-- Generated by org.testng.reporters.JUnitReportReporter -->
<testsuite hostname="DSK-4052" failures="0" tests="6" name="usedCar.OP.Acquisition_Quotes_Outright_PCP_used_car_with_maintenance_Test" time="884.971" errors="0" timestamp="2025-07-02T05:29:53 IST" skipped="0">
  <testcase classname="usedCar.OP.Acquisition_Quotes_Outright_PCP_used_car_with_maintenance_Test" name="aquisition_quotes_OTR_calculation_with_maintenance_test" time="94.606"/>
  <system-out>
    <![CDATA[<b>Clicked on Quote button </b> <br />
<b>Selecting used vehicle with registration no. = GY19XAG and mileage = 15000</b> <br />
<b>Vehicle selected</b> <br />
<b>Paint option has been selected</b> <br />
<b>Interior option has been selected</b> <br />
<b> Acquisition Contract type option = Outright Purchase (OP) has been selected</b> <br />
<b> Customer Contract type option = PCP has been selected</b> <br />
<b>Cost Price ex VAT and RFL from screen is 17333.33</b> <br />
<b>VAT from screen is 3466.67</b> <br />
<b>Cost Price ex VAT and RFL calculated is 17333.33</b> <br />
<b>Cost Price ex VAT and RFL verified and found OK</b> <br />]]>
  </system-out>
  <testcase classname="usedCar.OP.Acquisition_Quotes_Outright_PCP_used_car_with_maintenance_Test" name="aquisition_quotes_holding_cost_calculations_with_maintenance_test" time="24.834"/>
  <system-out>
    <![CDATA[<b>***********Entered in holding cost page ***********</b> <br />
<b>Clicked on holding cost summary</b> <br />
<b>Clicked on holding_cost_maintenance_toggle_button</b> <br />
<b></b> <br />
<b>***Verifying Holding Cost before editing CAP data*** </b> <br />
<b>Getting on screen values from Holding Cost Page</b> <br />
<b>Duration(Terms) =36.0</b> <br />
<b>Annual_mileage =10000.0</b> <br />
<b>Residual_value_from_screen =0.0</b> <br />
<b>Total_cap_maintenance_value_annual =0.0</b> <br />
<b>Writing Holding Cost Summary values to excel has been started</b> <br />
<b>Writing Holding Cost Summary values to excel has been completed</b> <br />
<b>Reading Monthly Holding Cost value from excel has been started</b> <br />
<b>Reading Monthly Holding Cost value from excel has been completed</b> <br />
<b>Total_monthly_holding_cost_from_screen =539.17</b> <br />
<b>Total_monthly_holding_cost_from_excel =539.1743444306408</b> <br />
<b>Total Monthly Holding Cost based on CAP data is Verified and Found OK</b> <br />]]>
  </system-out>
  <testcase classname="usedCar.OP.Acquisition_Quotes_Outright_PCP_used_car_with_maintenance_Test" name="aquisition_quotes_customer_quote_calculations_check_monthly_finance_payment_with_maintenance_test" time="172.244"/>
  <system-out>
    <![CDATA[<b>***********Entered in Customer Quote page ***********</b> <br />
<b>Matrix credit type A1 Credit has been selected</b> <br />
<b>Writing configuration values from property file to Excel for customer quote calculation -started</b> <br />
<b>Writing configuration values from property file to Excel for customer quote calculation -completed</b> <br />
<b>Writing configuration values from property file to Excel for customer quote calculation -started</b> <br />
<b>Writing configuration values from property file to Excel for customer quote calculation -completed</b> <br />
<b>Actual Monthly Finance Payment from screen is 767.52</b> <br />
<b>Expected Monthly Finannce Rental from excel is 767.5186213694371</b> <br />]]>
  </system-out>
  <testcase classname="usedCar.OP.Acquisition_Quotes_Outright_PCP_used_car_with_maintenance_Test" name="aquisition_quotes_customer_quote_part_exchange_value_edit_check_with_maintenance_test" time="89.954"/>
  <system-out>
    <![CDATA[<b>Entering the deposit Values</b> <br />
<b></b> <br />
<b>Balance To Finance Expected is 22850.0</b> <br />
<b>Balance To Finance Actual is 22850.0</b> <br />
<b></b> <br />
<b>Monthly Finance Payment Expected is 754.3139999265229</b> <br />
<b>Monthly Finance Payment Actual is 754.31</b> <br />
<b></b> <br />
<b>Monthly Finance Payment verified after editing part exchange values and deposit values</b> <br />]]>
  </system-out>
  <testcase classname="usedCar.OP.Acquisition_Quotes_Outright_PCP_used_car_with_maintenance_Test" name="aquisition_quotes_verify_customer_quote_monthly_finance_payment_after_adding_referrer_commission_test" time="58.964"/>
  <system-out>
    <![CDATA[<b>Referrer Commission 1420added to the referrer commission field</b> <br />
<b></b> <br />
<b>Monthly Finance Payment Expected (after adding Referrer Commission) is 801.1904060488686</b> <br />
<b>Monthly Finance Payment Actual (after adding Referrer Commission) is 801.19</b> <br />
<b></b> <br />
<b>Monthly Finance Payment verified after adding Referrer Commission</b> <br />]]>
  </system-out>
  <testcase classname="usedCar.OP.Acquisition_Quotes_Outright_PCP_used_car_with_maintenance_Test" name="aquisition_quotes_quote_summary_values_verification_with_maintenance_test" time="444.369"/>
  <system-out>
    <![CDATA[<b>*************OTR Calulation on quote summary page has been started************</b> <br />
<b>Reading values from OTR calculation -Quote Summary Page</b> <br />
<b>Cost otr price from screen is 20800.0</b> <br />
<b>Cost price ex vat and rfl from screen is 17333.33</b> <br />
<b>Otr Vat from screen is 3466.67</b> <br />
<b>Cost otr price from excel is 20799.996000000003</b> <br />
<b>Cost price ex vat and rfl from excel is 17333.33</b> <br />
<b>Otr Vat from excel is 3466.666</b> <br />
<b>OTR price compared</b> <br />
<b>Cost price ex vat and rfl compared</b> <br />
<b>VAT compared</b> <br />
<b>*************Holding Cost Calulation on quote summary page has been started************</b> <br />
<b>Reading values from Holding Cost summary -Quote Summary Page</b> <br />
<b></b> <br />
<b>Holding cost Terms from screen36.0</b> <br />
<b>Holding cost miles per annum from screen is 10000.0</b> <br />
<b>Holding cost monthly finance cost from screen is 539.17</b> <br />
<b>Holding cost monthly maint cost used from screen is 0.0</b> <br />
<b>Holding cost total monthly holding cost from screen is 539.17</b> <br />
<b></b> <br />
<b>Holding cost Terms from excel is 36.0</b> <br />
<b>Holding cost miles per annum from excel is 10000.0</b> <br />
<b>Holding cost monthly finance cost from excel is 539.1743444306408</b> <br />
<b>Holding cost monthly maint cost used from excel is 0.0</b> <br />
<b>Holding cost total monthly holding cost from excel is 539.1743444306408</b> <br />
<b>terms compared</b> <br />
<b>Miles per annum compared</b> <br />
<b>Finance cost compared</b> <br />
<b>Maint cost used  compared</b> <br />
<b>Total Monthly Holding Cost compared</b> <br />
<b>*************Customer Quote Calulation on quote summary page has been started************</b> <br />
<b>Terms found OK</b> <br />
<b>miles found OK</b> <br />
<b>Basic Cash Price found OK</b> <br />
<b>VAT found OK</b> <br />
<b>Non VAT Items Value found OK</b> <br />
<b>Total Cash Price found OK</b> <br />
<b>Order Deposit found OK</b> <br />
<b>Finance Deposit found OK</b> <br />
<b>Total Deposit found OK</b> <br />
<b>Part Exchange Value - found OK</b> <br />
<b>Balance to Finance found OK</b> <br />
<b>Finance Charges - found OK</b> <br />
<b>Document Fee - found OK</b> <br />
<b>Balance Payable - found OK</b> <br />
<b>Option To Purchase Fee - found OK</b> <br />
<b>Initial Cash Payment - found OK</b> <br />
<b>Followed By months - found OK</b> <br />
<b>Monthly Finance Payment - found OK</b> <br />
<b>Guaranteed Future Value - found OK</b> <br />
<b>Optional Final Payment - found OK</b> <br />
<b>Pence Per Excess Mile Finance - found OK</b> <br />
<b>Vehicle Commission - found OK</b> <br />
<b>Default Finance Commission - found OK</b> <br />
<b>Document Fee Commission - found OK</b> <br />
<b>Total Commission - found OK</b> <br />
<b>*************Configuration Values Verification on quote summary page has been started************</b> <br />
<b>Base Interest Rate found OK</b> <br />
<b>Finance Margin found OK</b> <br />
<b>Deductions found OK</b> <br />
<b>Additional Margin found OK</b> <br />
<b>Total Margin found OK</b> <br />
<b>Default Broker Margin percentage found OK</b> <br />
<b>Customer Interest Rate found OK</b> <br />
<b>Document Fee Margin found OK</b> <br />
<b>Default Broker Margin found OK</b> <br />
<b>*********Customer Quote generated successfully and Quote_ref_no is=LAB80192</b> <br />
<b>*************OTR Calulation on quote summary page has been started************</b> <br />
<b>Reading values from OTR calculation -Quote Summary Page</b> <br />
<b>Cost otr price from screen is 20800.0</b> <br />
<b>Cost price ex vat and rfl from screen is 17333.33</b> <br />
<b>Otr Vat from screen is 3466.67</b> <br />
<b>Cost otr price from excel is 20799.996000000003</b> <br />
<b>Cost price ex vat and rfl from excel is 17333.33</b> <br />
<b>Otr Vat from excel is 3466.666</b> <br />
<b>OTR price compared</b> <br />
<b>Cost price ex vat and rfl compared</b> <br />
<b>VAT compared</b> <br />
<b>*************Holding Cost Calulation on quote summary page has been started************</b> <br />
<b>Reading values from Holding Cost summary -Quote Summary Page</b> <br />
<b></b> <br />
<b>Holding cost Terms from screen36.0</b> <br />
<b>Holding cost miles per annum from screen is 10000.0</b> <br />
<b>Holding cost monthly finance cost from screen is 539.17</b> <br />
<b>Holding cost monthly maint cost used from screen is 0.0</b> <br />
<b>Holding cost total monthly holding cost from screen is 539.17</b> <br />
<b></b> <br />
<b>Holding cost Terms from excel is 36.0</b> <br />
<b>Holding cost miles per annum from excel is 10000.0</b> <br />
<b>Holding cost monthly finance cost from excel is 539.1743444306408</b> <br />
<b>Holding cost monthly maint cost used from excel is 0.0</b> <br />
<b>Holding cost total monthly holding cost from excel is 539.1743444306408</b> <br />
<b>terms compared</b> <br />
<b>Miles per annum compared</b> <br />
<b>Finance cost compared</b> <br />
<b>Maint cost used  compared</b> <br />
<b>Total Monthly Holding Cost compared</b> <br />
<b>*************Customer Quote Calulation on quote summary page has been started************</b> <br />
<b>Terms found OK</b> <br />
<b>miles found OK</b> <br />
<b>Basic Cash Price found OK</b> <br />
<b>VAT found OK</b> <br />
<b>Non VAT Items Value found OK</b> <br />
<b>Total Cash Price found OK</b> <br />
<b>Order Deposit found OK</b> <br />
<b>Finance Deposit found OK</b> <br />
<b>Total Deposit found OK</b> <br />
<b>Part Exchange Value - found OK</b> <br />
<b>Balance to Finance found OK</b> <br />
<b>Finance Charges - found OK</b> <br />
<b>Document Fee - found OK</b> <br />
<b>Balance Payable - found OK</b> <br />
<b>Option To Purchase Fee - found OK</b> <br />
<b>Initial Cash Payment - found OK</b> <br />
<b>Followed By months - found OK</b> <br />
<b>Monthly Finance Payment - found OK</b> <br />
<b>Guaranteed Future Value - found OK</b> <br />
<b>Optional Final Payment - found OK</b> <br />
<b>Pence Per Excess Mile Finance - found OK</b> <br />
<b>Vehicle Commission - found OK</b> <br />
<b>Default Finance Commission - found OK</b> <br />
<b>Document Fee Commission - found OK</b> <br />
<b>Total Commission - found OK</b> <br />
<b>*************Configuration Values Verification on quote summary page has been started************</b> <br />
<b>Base Interest Rate found OK</b> <br />
<b>Finance Margin found OK</b> <br />
<b>Deductions found OK</b> <br />
<b>Additional Margin found wrong</b> <br />
<b>Total Margin found OK</b> <br />
<b>Default Broker Margin percentage found OK</b> <br />
<b>Customer Interest Rate found OK</b> <br />
<b>Document Fee Margin  found wrong</b> <br />
<b>Default Broker Margin found OK</b> <br />
<b>*************Editing Base Interest Rate and Verifying  Values on quote summary page has been started************</b> <br />
<b>Base Interest Rate changed to 7.0 %</b> <br />
<b>Holding Cost after changing Base Int. Rate -  found wrong</b> <br />
<b>Monthly Finance Rental after changing Base Int. Rate -  found OK</b> <br />
<b>Finance Charges - found OK</b> <br />
<b>Balance Payable - found OK</b> <br />
<b>*************Editing Customer Rate Over Base and Verifying Values on quote summary page has been started************</b> <br />
<b>Customer Base Over Rate changed to 5.0 %</b> <br />
<b>Monthly Finance Rental after changing Customer Base Over Rate -  found OK</b> <br />
<b>Finance Charges - found OK</b> <br />
<b>Balance Payable - found OK</b> <br />
<b>*************Editing Maintenance Margin and Verifying Values on quote summary page has been started************</b> <br />
<b></b> <br />
<b>Maintenance margin can not be changed as there is no maintennace for this vehicle</b> <br />
<b></b> <br />]]>
  </system-out>
</testsuite> <!-- usedCar.OP.Acquisition_Quotes_Outright_PCP_used_car_with_maintenance_Test -->
