<?xml version="1.0" encoding="UTF-8"?>
<!-- Generated by org.testng.reporters.JUnitReportReporter -->
<testsuite hostname="DSK-4052" failures="0" tests="4" name="usedCar.FL.Acquisition_Quotes_FL_FL_used_car_with_funder_ownbook_calculation_with_maintenance_Test" time="481.615" errors="1" timestamp="2024-07-09T12:35:18 IST" skipped="0">
  <testcase classname="usedCar.FL.Acquisition_Quotes_FL_FL_used_car_with_funder_ownbook_calculation_with_maintenance_Test" name="aquisition_quotes_used_car_OTR_calculation_with_maintenance_test" time="97.003"/>
  <system-out>
    <![CDATA[<b>Clicked on Quote button </b> <br />
<b>Selecting used vehicle with registration no. = GY19XAG and mileage = 15000</b> <br />
<b>Vehicle selected</b> <br />
<b>Paint option has been selected</b> <br />
<b>Interior option has been selected</b> <br />
<b> Acquisition Contract type option = Finance Lease (FL) has been selected</b> <br />
<b> Customer Contract type option = Finance Lease (FL) has been selected</b> <br />
<b>Cost Price ex VAT and RFL from screen is 18125.0</b> <br />
<b>VAT from screen is 3625.0</b> <br />
<b>Cost Price ex VAT and RFL calculated is 18125.0</b> <br />
<b>Cost Price ex VAT and RFL verified and found OK</b> <br />]]>
  </system-out>
  <testcase classname="usedCar.FL.Acquisition_Quotes_FL_FL_used_car_with_funder_ownbook_calculation_with_maintenance_Test" name="aquisition_quotes_holding_cost_calculations_with_maintenance_test" time="44.836"/>
  <system-out>
    <![CDATA[<b>***********Entered in holding cost page ***********</b> <br />
<b>Adding funder quote</b> <br />
<b></b> <br />
<b>***Verifying Holding Cost after adding a funder based on ownbook calculation*** </b> <br />
<b>Getting on screen values from Holding Cost Page</b> <br />
<b>Duration(Terms) =36.0</b> <br />
<b>Annual_mileage =10000.0</b> <br />
<b>Residual_value_from_screen =13975.0</b> <br />
<b>Writing Holding Cost Summary values to excel has been started</b> <br />
<b>Writing Holding Cost Summary values to excel has been completed</b> <br />
<b>Reading Monthly Holding Cost value from excel has been started</b> <br />
<b>Reading Monthly Holding Cost value from excel has been completed</b> <br />
<b>Total_monthly_holding_cost_from_screen =323.24</b> <br />
<b>Total_monthly_holding_cost_from_excel =323.2447158582049</b> <br />
<b>Total Monthly Holding Cost After adding a funder based on Ownbook calculation is Verified and Found OK</b> <br />]]>
  </system-out>
  <testcase classname="usedCar.FL.Acquisition_Quotes_FL_FL_used_car_with_funder_ownbook_calculation_with_maintenance_Test" name="aquisition_quotes_customer_quote_payment_profile_calculations_with_maintenance_test" time="135.852"/>
  <system-out>
    <![CDATA[<b>Writing configuration values from property file to Excel for customer quote calculation -started</b> <br />
<b>Writing configuration values from property file to Excel for customer quote calculation -completed</b> <br />
<b>************Calculations for Customer Quote Page has been started***********</b> <br />
<b>Payment Profile Monthly in Advance option has been selected</b> <br />
<b>Writing values to Excel for customer quote calculation -started</b> <br />
<b>Writing values to Excel for customer quote calculation -completed</b> <br />
<b>Reading  Monthly Finance Rental and monthly maintenance cost from  Excel   -started</b> <br />
<b>Reading  Monthly Finance Rental and monthly maintenance cost from  Excel  -completed</b> <br />
<b>Monthly Finance Rental from Excel is =351.2998008520278</b> <br />
<b>Monthly maintenance Rental from Excel is =72.0</b> <br />
<b>Monthly Finance Rental from screen is =351.3</b> <br />
<b>Monthly maintenance Rental from screen is =72.0</b> <br />
<b>Started verifying monthly payments with upsell values</b> <br />
<b>Monthly Finance Rental from screen (after submitting upsell values) is 363.75</b> <br />
<b>Writing upsell values to excel</b> <br />
<b>Monthly Finance Rental from Excel (after submitting upsell values) is 363.7500620585083</b> <br />
<b>Monthly finance (after submitting upsell values) is found OK</b> <br />
<b>Entering the deposit Values</b> <br />
<b>Monthly Finance Rental from screen (with part exchange values) is 363.75</b> <br />
<b>Monthly Mainte. Rental from screen (with part exchange values) is 72.0</b> <br />
<b>Writing part exchange values to excel</b> <br />
<b>Monthly Finance Rental from Excel (with part exchange values) is 363.7500620585083</b> <br />
<b>Monthly Mainte. Rental from Excel (with part exchange values) is 72.0</b> <br />
<b>Monthly finance and maint. rental (with part exchange values) is found OK</b> <br />
<b></b> <br />
<b>Balance Due value started verifying</b> <br />
<b>Balance due value Actual from screen is 1239.99</b> <br />
<b></b> <br />
<b>Balance due value Expected from Excel is 1239.988</b> <br />
<b></b> <br />
<b>Balance due value (with part exchange values) is verified and found ok</b> <br />
<b>Monthly Finance Rental from screen (after updating customer quote summary upsell value) is 369.97</b> <br />
<b>Writing upsell values to excel</b> <br />
<b>Monthly Finance Rental from Excel (after updating customer quote summary upsell value) is 369.97519266175</b> <br />
<b>Monthly finance rental (after updating customer quote summary upsell value) is found OK</b> <br />]]>
  </system-out>
  <testcase classname="usedCar.FL.Acquisition_Quotes_FL_FL_used_car_with_funder_ownbook_calculation_with_maintenance_Test" name="aquisition_quotes_quote_summary_values_verification_with_maintenance_test" time="203.924">
    <error message="Expected condition failed: waiting for visibility of [[ChromeDriver: chrome on WINDOWS (f6c2c57bd3b15f94dfd1c94490ac204d)] -&gt; xpath: //app-hire-customer-quote-summary-detail//*[normalize-space()=&#039;Initial finance rental&#039;]//ancestor::div[1]//div/p/strong] (tried for 20 second(s) with 500 milliseconds interval)
Build info: version: &#039;4.1.0&#039;, revision: &#039;87802e897b&#039;
System info: host: &#039;DSK-4052&#039;, ip: &#039;172.16.1.80&#039;, os.name: &#039;Windows 10&#039;, os.arch: &#039;amd64&#039;, os.version: &#039;10.0&#039;, java.version: &#039;19.0.1&#039;
Driver info: org.openqa.selenium.chrome.ChromeDriver
Capabilities {acceptInsecureCerts: false, browserName: chrome, browserVersion: 126.0.6478.127, chrome: {chromedriverVersion: 125.0.6422.141 (4b1e8393712..., userDataDir: C:\Users\NITEIN~1.KUR\AppDa...}, fedcm:accounts: true, goog:chromeOptions: {debuggerAddress: localhost:58990}, javascriptEnabled: true, networkConnectionEnabled: false, pageLoadStrategy: normal, platform: WINDOWS, platformName: WINDOWS, proxy: Proxy(), se:cdp: ws://localhost:58990/devtoo..., se:cdpVersion: 126.0.6478.127, setWindowRect: true, strictFileInteractability: false, timeouts: {implicit: 0, pageLoad: 300000, script: 30000}, unhandledPromptBehavior: dismiss and notify, webauthn:extension:credBlob: true, webauthn:extension:largeBlob: true, webauthn:extension:minPinLength: true, webauthn:extension:prf: true, webauthn:virtualAuthenticators: true}
Session ID: f6c2c57bd3b15f94dfd1c94490ac204d" type="org.openqa.selenium.TimeoutException">
      <![CDATA[org.openqa.selenium.TimeoutException: Expected condition failed: waiting for visibility of [[ChromeDriver: chrome on WINDOWS (f6c2c57bd3b15f94dfd1c94490ac204d)] -> xpath: //app-hire-customer-quote-summary-detail//*[normalize-space()='Initial finance rental']//ancestor::div[1]//div/p/strong] (tried for 20 second(s) with 500 milliseconds interval)
Build info: version: '4.1.0', revision: '87802e897b'
System info: host: 'DSK-4052', ip: '172.16.1.80', os.name: 'Windows 10', os.arch: 'amd64', os.version: '10.0', java.version: '19.0.1'
Driver info: org.openqa.selenium.chrome.ChromeDriver
Capabilities {acceptInsecureCerts: false, browserName: chrome, browserVersion: 126.0.6478.127, chrome: {chromedriverVersion: 125.0.6422.141 (4b1e8393712..., userDataDir: C:\Users\NITEIN~1.KUR\AppDa...}, fedcm:accounts: true, goog:chromeOptions: {debuggerAddress: localhost:58990}, javascriptEnabled: true, networkConnectionEnabled: false, pageLoadStrategy: normal, platform: WINDOWS, platformName: WINDOWS, proxy: Proxy(), se:cdp: ws://localhost:58990/devtoo..., se:cdpVersion: 126.0.6478.127, setWindowRect: true, strictFileInteractability: false, timeouts: {implicit: 0, pageLoad: 300000, script: 30000}, unhandledPromptBehavior: dismiss and notify, webauthn:extension:credBlob: true, webauthn:extension:largeBlob: true, webauthn:extension:minPinLength: true, webauthn:extension:prf: true, webauthn:virtualAuthenticators: true}
Session ID: f6c2c57bd3b15f94dfd1c94490ac204d
at org.openqa.selenium.support.ui.WebDriverWait.timeoutException(WebDriverWait.java:138)
at org.openqa.selenium.support.ui.FluentWait.until(FluentWait.java:231)
at com.amt.testUtil.ExplicitWait.visibleElement(ExplicitWait.java:23)
at com.amt.QuoteSummaryPages.QuoteSummary_HPNR_BCHPage.quote_summary_customer_quote_summary_value_verification_with_maintenance(QuoteSummary_HPNR_BCHPage.java:1443)
at usedCar.FL.Acquisition_Quotes_FL_FL_used_car_with_funder_ownbook_calculation_with_maintenance_Test.aquisition_quotes_quote_summary_values_verification_with_maintenance_test(Acquisition_Quotes_FL_FL_used_car_with_funder_ownbook_calculation_with_maintenance_Test.java:201)
at java.base/jdk.internal.reflect.DirectMethodHandleAccessor.invoke(DirectMethodHandleAccessor.java:104)
at java.base/java.lang.reflect.Method.invoke(Method.java:578)
at org.testng.internal.MethodInvocationHelper.invokeMethod(MethodInvocationHelper.java:133)
at org.testng.internal.TestInvoker.invokeMethod(TestInvoker.java:598)
at org.testng.internal.TestInvoker.invokeTestMethod(TestInvoker.java:173)
at org.testng.internal.MethodRunner.runInSequence(MethodRunner.java:46)
at org.testng.internal.TestInvoker$MethodInvocationAgent.invoke(TestInvoker.java:824)
at org.testng.internal.TestInvoker.invokeTestMethods(TestInvoker.java:146)
at org.testng.internal.TestMethodWorker.invokeTestMethods(TestMethodWorker.java:146)
at org.testng.internal.TestMethodWorker.run(TestMethodWorker.java:128)
at java.base/java.util.ArrayList.forEach(ArrayList.java:1511)
at org.testng.TestRunner.privateRun(TestRunner.java:794)
at org.testng.TestRunner.run(TestRunner.java:596)
at org.testng.SuiteRunner.runTest(SuiteRunner.java:377)
at org.testng.SuiteRunner.runSequentially(SuiteRunner.java:371)
at org.testng.SuiteRunner.privateRun(SuiteRunner.java:332)
at org.testng.SuiteRunner.run(SuiteRunner.java:276)
at org.testng.SuiteRunnerWorker.runSuite(SuiteRunnerWorker.java:53)
at org.testng.SuiteRunnerWorker.run(SuiteRunnerWorker.java:96)
at org.testng.TestNG.runSuitesSequentially(TestNG.java:1212)
at org.testng.TestNG.runSuitesLocally(TestNG.java:1134)
at org.testng.TestNG.runSuites(TestNG.java:1063)
at org.testng.TestNG.run(TestNG.java:1031)
at org.testng.remote.AbstractRemoteTestNG.run(AbstractRemoteTestNG.java:115)
at org.testng.remote.RemoteTestNG.initAndRun(RemoteTestNG.java:251)
at org.testng.remote.RemoteTestNG.main(RemoteTestNG.java:77)
]]>
    </error>
  </testcase> <!-- aquisition_quotes_quote_summary_values_verification_with_maintenance_test -->
  <system-out>
    <![CDATA[<b>*************OTR Calulation on quote summary page has been started************</b> <br />
<b>Reading values from OTR calculation -Quote Summary Page</b> <br />
<b></b> <br />
<b>Cost otr price from screen is 21750.0</b> <br />
<b>Cost price ex vat and rfl from screen is 18125.0</b> <br />
<b>Otr Vat from screen is 3625.0</b> <br />
<b></b> <br />
<b>Cost otr price from excel is 21750.0</b> <br />
<b>Cost price ex vat and rfl from excel is 18125.0</b> <br />
<b>Otr Vat from excel is 3625.0</b> <br />
<b>OTR price compared</b> <br />
<b>Cost price ex vat and rfl compared</b> <br />
<b>VAT compared</b> <br />
<b>*************Holding Cost Calulation on quote summary page has been started************</b> <br />
<b>Reading values from Holding Cost summary -Quote Summary Page</b> <br />
<b></b> <br />
<b>Holding cost Terms from screen36.0</b> <br />
<b>Holding cost miles per annum from screen is 10000.0</b> <br />
<b>Holding cost monthly finance cost from screen is 263.24</b> <br />
<b>Holding cost monthly maint cost used from screen is 60.0</b> <br />
<b>Holding cost total monthly holding cost from screen is 323.24</b> <br />
<b></b> <br />
<b>Holding cost Terms from excel is 36.0</b> <br />
<b>Holding cost miles per annum from excel is 10000.0</b> <br />
<b>Holding cost monthly finance cost from excel is 263.2447158582049</b> <br />
<b>Holding cost monthly maint cost used from excel is 60.0</b> <br />
<b>Holding cost total monthly holding cost from excel is 323.2447158582049</b> <br />
<b>terms compared</b> <br />
<b>Miles per annum compared</b> <br />
<b>Finance cost compared</b> <br />
<b>Maint cost used  compared</b> <br />
<b>Total Monthly Holding Cost compared</b> <br />
<b>*************Customer Quote Calulation on quote summary page has been started************</b> <br />
<b>Terms found OK</b> <br />
<b>miles found OK</b> <br />
<b>Monthly Finance Rental found OK</b> <br />
<b>Monthly Maintenance Rental found OK</b> <br />
<b>Initial Finance Rental found OK</b> <br />
<b>Initial Maint Rental found OK</b> <br />
<b>Initial Total Rental found OK</b> <br />
<b>Part Exchange Value - found OK</b> <br />
<b>Followed By months - found OK</b> <br />
<b>Pence per excess mile finance - found OK</b> <br />
<b>Pence per excess mile Maintenance - found OK</b> <br />
<b>Pence per excess mile total - found OK</b> <br />
<b>Document Fee - found OK</b> <br />
<b>Upsell - found OK</b> <br />
<b>Default Finance Commission - found OK</b> <br />
<b>Upsell Commission - found OK</b> <br />
<b>Maintenance Commission - found OK</b> <br />
<b>Document Fee Commission - found OK</b> <br />
<b>Total Commission - found OK</b> <br />
<b>Referrer Commission - found OK</b> <br />
<b>*************Configuration Values Verification on quote summary page has been started************</b> <br />
<b>Base Interest Rate found OK</b> <br />
<b>Finance Margin found OK</b> <br />
<b>Deductions found OK</b> <br />
<b>Additional Margin found OK</b> <br />
<b>Total Margin found OK</b> <br />
<b>Default Broker Margin percentage found OK</b> <br />
<b>Broker Upsell Margin percentage found OK</b> <br />
<b>Broker Upsell Margin  found OK</b> <br />
<b>Maintenance Margin  found OK</b> <br />
<b>Document Fee Margin  found OK</b> <br />
<b>Refferer Margin  found OK</b> <br />
<b>*********Customer Quote generated successfully and Quote_ref_no is=ZPI31136</b> <br />
<b>*************OTR Calulation on quote summary page has been started************</b> <br />
<b>Reading values from OTR calculation -Quote Summary Page</b> <br />
<b></b> <br />
<b>Cost otr price from screen is 21750.0</b> <br />
<b>Cost price ex vat and rfl from screen is 18125.0</b> <br />
<b>Otr Vat from screen is 3625.0</b> <br />
<b></b> <br />
<b>Cost otr price from excel is 21750.0</b> <br />
<b>Cost price ex vat and rfl from excel is 18125.0</b> <br />
<b>Otr Vat from excel is 3625.0</b> <br />
<b>OTR price compared</b> <br />
<b>Cost price ex vat and rfl compared</b> <br />
<b>VAT compared</b> <br />
<b>*************Holding Cost Calulation on quote summary page has been started************</b> <br />
<b>Reading values from Holding Cost summary -Quote Summary Page</b> <br />
<b></b> <br />
<b>Holding cost Terms from screen36.0</b> <br />
<b>Holding cost miles per annum from screen is 10000.0</b> <br />
<b>Holding cost monthly finance cost from screen is 263.24</b> <br />
<b>Holding cost monthly maint cost used from screen is 60.0</b> <br />
<b>Holding cost total monthly holding cost from screen is 323.24</b> <br />
<b></b> <br />
<b>Holding cost Terms from excel is 36.0</b> <br />
<b>Holding cost miles per annum from excel is 10000.0</b> <br />
<b>Holding cost monthly finance cost from excel is 263.2447158582049</b> <br />
<b>Holding cost monthly maint cost used from excel is 60.0</b> <br />
<b>Holding cost total monthly holding cost from excel is 323.2447158582049</b> <br />
<b>terms compared</b> <br />
<b>Miles per annum compared</b> <br />
<b>Finance cost compared</b> <br />
<b>Maint cost used  compared</b> <br />
<b>Total Monthly Holding Cost compared</b> <br />
<b>*************Customer Quote Calulation on quote summary page has been started************</b> <br />
<br>----------Screenshot---------<br>
<img src="D:\Acquisition OTR\AMT_Acquisition_OTR\target\surefire-reports\html\failure_screenshots\aquisition_quotes_quote_summary_values_verification_with_maintenance_test_09_07_2024_12_35_16.png" height="800" width="1000">]]>
  </system-out>
</testsuite> <!-- usedCar.FL.Acquisition_Quotes_FL_FL_used_car_with_funder_ownbook_calculation_with_maintenance_Test -->
