<?xml version="1.0" encoding="UTF-8"?>
<!-- Generated by org.testng.reporters.JUnitReportReporter -->
<testsuite hostname="DSK-4052" failures="0" tests="5" name="newLCV.FL.Acquisition_Quotes_FL_FL_LCV_without_maintenance_Test" time="360.321" errors="1" timestamp="2025-04-25T07:57:06 IST" skipped="0">
  <testcase classname="newLCV.FL.Acquisition_Quotes_FL_FL_LCV_without_maintenance_Test" name="aquisition_quotes_FL_FL_OTR_calculation_without_maintenance_test" time="171.909"/>
  <system-out>
    <![CDATA[<b>Clicked on Quote button </b> <br />
<b>Manufacture =FIAT has been selected</b> <br />
<b>Model range =FIORINO has been selected</b> <br />
<b>Vehicle has been selected</b> <br />
<b>Paint option has been selected</b> <br />
<b>Interior option has been selected</b> <br />
<b> Acquisition Contract type option = Finance Lease has been selected</b> <br />
<b> Customer Contract type option = Finance Lease(FL) has been selected</b> <br />
<b>Getting Basic Price- Vehicle value is  =20945.00</b> <br />
<b>Getting Basic Price - Paint  value is  =0.00</b> <br />
<b>Getting  Basic Price - Options value is   =0.00</b> <br />
<b>Getting Discount- Vehicle value is  =0.00</b> <br />
<b>Getting   Discount - Paint value is   =0.00</b> <br />
<b>Getting  Discount- Options value is   =0.00</b> <br />
<b>Getting Additional Discount- Vehicle value is  =0.00</b> <br />
<b>Getting  Additional Discount - paint value is  =0.00</b> <br />
<b>Getting  Additional Discount - Options value is  =0.00</b> <br />
<b>Writing OTR table values to excel sheet -Started </b> <br />
<b>Writing OTR table values to excel sheet -Completed </b> <br />
<b>Reading Subtotal After Discount from excel sheet -Started </b> <br />
<b>Reading Subtotal After Discount from excel sheet -Started </b> <br />
<b>Subtotal After Discount from excel sheet is =20945.0</b> <br />
<b>Subtotal after discount actual value from screen =Â£ 20,945.00</b> <br />]]>
  </system-out>
  <testcase classname="newLCV.FL.Acquisition_Quotes_FL_FL_LCV_without_maintenance_Test" name="aquisition_quotes_FL_FL_after_discount_calculations_without_maintenance_test" time="3.784"/>
  <system-out>
    <![CDATA[<b>*********Calculations for On Road Price has been started***********</b> <br />
<b>Started getting On screen values from after discount table </b> <br />
<b>Manufacture_delivery_charges =995.0</b> <br />
<b>Road_tax_first_year =290.0</b> <br />
<b>First_registration_fee =55.0</b> <br />
<b>Rebate =0.0</b> <br />
<b>Writing After discount values to excel has been started</b> <br />
<b>Writing After discount values to excel has been completed</b> <br />
<b>Reading On Road Price for invoice from excel has been Started</b> <br />
<b>Reading On Road Price for invoice from excel has been completed</b> <br />
<b>Expected on the road price from excel is =26673.0</b> <br />
<b>Actual on the road price from screen is =26673.00</b> <br />]]>
  </system-out>
  <testcase classname="newLCV.FL.Acquisition_Quotes_FL_FL_LCV_without_maintenance_Test" name="aquisition_quotes_FL_FL_holding_cost_calculations_without_maintenance_test" time="46.015"/>
  <system-out>
    <![CDATA[<b>***********Entered in holding cost page ***********</b> <br />
<b>Clicked on holding cost summary</b> <br />
<b></b> <br />
<b>Verifying Holding Cost Based on CAP data</b> <br />
<b>Getting on screen values from Holding Cost Page</b> <br />
<b>Duration(Terms) =36.0</b> <br />
<b>Annual_mileage =10000.0</b> <br />
<b>Cap_residual_value_from_screen =8425.0</b> <br />
<b>Writing Holding Cost Summary values to excel has been started</b> <br />
<b>Writing Holding Cost Summary values to excel has been completed</b> <br />
<b>Reading Monthly Holding Cost value from excel has been started</b> <br />
<b>Reading Monthly Holding Cost value from excel has been completed</b> <br />
<b>Total_monthly_holding_cost_from_screen =512.27</b> <br />
<b>Total_monthly_holding_cost_from_excel =512.2704719271907</b> <br />
<b>Total Monthly Holding Cost based on CAP data is Verified and Found OK</b> <br />
<b></b> <br />
<b>Editing % CAP Residual Value used</b> <br />
<b>Changing % CAP Residual Value (from test  data) to 100</b> <br />
<b>Writing Holding Cost Summary values to excel has been started</b> <br />
<b>Writing Holding Cost Summary values to excel has been completed</b> <br />
<b>Reading Monthly Holding Cost value from excel has been started</b> <br />
<b>Reading Monthly Holding Cost value from excel has been completed</b> <br />
<b>Total_monthly_holding_cost_from_screen =512.27</b> <br />
<b>Total_monthly_holding_cost_from_excel =512.2704719271907</b> <br />
<b>Total Monthly Holding Cost After Editing % Residual Value is Verified and Found OK</b> <br />
<b></b> <br />
<b>Editing Residual value used</b> <br />
<b>Changing Residual value used to =20000</b> <br />
<b>Writing Holding Cost Summary values to excel has been started</b> <br />
<b>Writing Holding Cost Summary values to excel has been completed</b> <br />
<b>Reading Monthly Holding Cost value from excel has been started</b> <br />
<b>Reading Monthly Holding Cost value from excel has been completed</b> <br />
<b>Total_monthly_holding_cost_from_screen =235.32</b> <br />
<b>Total_monthly_holding_cost_from_excel =235.31704332077155</b> <br />
<b>Total Monthly Holding Cost After Editing Residual Value is Verified and Found OK</b> <br />
<b></b> <br />
<b>Editing additional terms and mileage</b> <br />
<b>Updated Residual Value from screen  (to be sent to calculation excel) is =9525.00</b> <br />
<b>Writing Holding Cost Summary values to excel has been started</b> <br />
<b>Writing Holding Cost Summary values to excel has been completed</b> <br />
<b>Reading Monthly Holding Cost value from excel has been started</b> <br />
<b>Reading Monthly Holding Cost value from excel has been completed</b> <br />
<b>Total_monthly_holding_cost_from_screen =712.79</b> <br />
<b>Total_monthly_holding_cost_from_excel =712.7935367644926</b> <br />
<b>Total Monthly Holding Cost After Editing Additional terms and mileage is Verified and Found OK</b> <br />]]>
  </system-out>
  <testcase classname="newLCV.FL.Acquisition_Quotes_FL_FL_LCV_without_maintenance_Test" name="aquisition_quotes_FL_FL_customer_quote_payment_profile_calculations_without_maintenance_test" time="73.435"/>
  <system-out>
    <![CDATA[<b>Writing configuration values from property file to Excel for customer quote calculation -started</b> <br />
<b>Writing configuration values from property file to Excel for customer quote calculation -completed</b> <br />
<b>************Calculations for Customer Quote Page has been started***********</b> <br />
<b>Payment Profile Monthly in Advance option has been selected</b> <br />
<b>Writing values to Excel for customer quote calculation -started</b> <br />
<b>Writing values to Excel for customer quote calculation -completed</b> <br />
<b>Reading  Monthly Finance Rental from  Excel   -started</b> <br />
<b>Reading  Monthly Finance Rental from  Excel   -completed</b> <br />
<b>Monthly Finance Rental from Excel is =851.1407921457909</b> <br />
<b>Monthly Finance Rental from screen is 851.14</b> <br />
<b>Monthly Finance Rental from screen (after submitting upsell values) is 871.51</b> <br />
<b>Writing upsell values to excel</b> <br />
<b>Monthly Finance Rental from Excel (after submitting upsell values) is 871.5139468473045</b> <br />
<b>Monthly finance (after submitting upsell values) is found OK</b> <br />
<b>Entering the deposit values in the part Exchange Section</b> <br />
<b>Monthly Finance Rental from screen (after making part exchange toggle on) is 871.51</b> <br />
<b>Writing part exchange values to excel</b> <br />
<b>Monthly Finance Rental from Excel (with part exchange values) is 871.5139468473045</b> <br />
<b>Monthly finance rental (with part exchange values) is found OK</b> <br />
<b></b> <br />
<b>********Balance Due value started verifying**********</b> <br />
<b>Balance due value Actual from screen is 1000.0</b> <br />
<b></b> <br />
<b>Balance due value Expected from Excel is 1000.0</b> <br />
<b></b> <br />
<b>Balance due value (with part exchange values) is verified and found ok</b> <br />
<b>Monthly Finance Rental from screen (after submitting upsell values) is 881.7</b> <br />
<b>Writing upsell values to excel</b> <br />
<b>Monthly Finance Rental from Excel (after submitting upsell values) is 881.700524198059</b> <br />
<b>Monthly finance rental (after updating customer quote summary upsell value) is found OK</b> <br />]]>
  </system-out>
  <testcase classname="newLCV.FL.Acquisition_Quotes_FL_FL_LCV_without_maintenance_Test" name="aquisition_quotes_FL_FL_quote_summary_values_verification_without_maintenance_test" time="65.178">
    <error message="Cannot invoke &quot;String.trim()&quot; because &quot;in&quot; is null" type="java.lang.NullPointerException">
      <![CDATA[java.lang.NullPointerException: Cannot invoke "String.trim()" because "in" is null
at java.base/jdk.internal.math.FloatingDecimal.readJavaFormatString(FloatingDecimal.java:1838)
at java.base/jdk.internal.math.FloatingDecimal.parseDouble(FloatingDecimal.java:110)
at java.base/java.lang.Double.parseDouble(Double.java:735)
at com.amt.QuoteSummaryPages.QuoteSummary_FL_FLPage.quote_summary_configuration_value_verification_without_maintenance(QuoteSummary_FL_FLPage.java:2386)
at newLCV.FL.Acquisition_Quotes_FL_FL_LCV_without_maintenance_Test.aquisition_quotes_FL_FL_quote_summary_values_verification_without_maintenance_test(Acquisition_Quotes_FL_FL_LCV_without_maintenance_Test.java:218)
at java.base/jdk.internal.reflect.DirectMethodHandleAccessor.invoke(DirectMethodHandleAccessor.java:104)
at java.base/java.lang.reflect.Method.invoke(Method.java:578)
at org.testng.internal.MethodInvocationHelper.invokeMethod(MethodInvocationHelper.java:133)
at org.testng.internal.TestInvoker.invokeMethod(TestInvoker.java:598)
at org.testng.internal.TestInvoker.invokeTestMethod(TestInvoker.java:173)
at org.testng.internal.MethodRunner.runInSequence(MethodRunner.java:46)
at org.testng.internal.TestInvoker$MethodInvocationAgent.invoke(TestInvoker.java:824)
at org.testng.internal.TestInvoker.invokeTestMethods(TestInvoker.java:146)
at org.testng.internal.TestMethodWorker.invokeTestMethods(TestMethodWorker.java:146)
at org.testng.internal.TestMethodWorker.run(TestMethodWorker.java:128)
at java.base/java.util.ArrayList.forEach(ArrayList.java:1511)
at org.testng.TestRunner.privateRun(TestRunner.java:794)
at org.testng.TestRunner.run(TestRunner.java:596)
at org.testng.SuiteRunner.runTest(SuiteRunner.java:377)
at org.testng.SuiteRunner.runSequentially(SuiteRunner.java:371)
at org.testng.SuiteRunner.privateRun(SuiteRunner.java:332)
at org.testng.SuiteRunner.run(SuiteRunner.java:276)
at org.testng.SuiteRunnerWorker.runSuite(SuiteRunnerWorker.java:53)
at org.testng.SuiteRunnerWorker.run(SuiteRunnerWorker.java:96)
at org.testng.TestNG.runSuitesSequentially(TestNG.java:1212)
at org.testng.TestNG.runSuitesLocally(TestNG.java:1134)
at org.testng.TestNG.runSuites(TestNG.java:1063)
at org.testng.TestNG.run(TestNG.java:1031)
at org.testng.remote.AbstractRemoteTestNG.run(AbstractRemoteTestNG.java:115)
at org.testng.remote.RemoteTestNG.initAndRun(RemoteTestNG.java:251)
at org.testng.remote.RemoteTestNG.main(RemoteTestNG.java:77)
]]>
    </error>
  </testcase> <!-- aquisition_quotes_FL_FL_quote_summary_values_verification_without_maintenance_test -->
  <system-out>
    <![CDATA[<b>*************OTR Calulation on quote summary page has been started************</b> <br />
<b>Reading values from OTR calculation -Quote Summary Page</b> <br />
<b></b> <br />
<b>Cost otr price from screen is 26673.0</b> <br />
<b>Cost price ex vat and rfl from screen is 21940.0</b> <br />
<b>Otr Vat from screen is 4388.0</b> <br />
<b>Otr rfl and frf from screen is 345.0</b> <br />
<b></b> <br />
<b>Cost otr price from excel is 26673.0</b> <br />
<b>Cost price ex vat and rfl from excel is 21940.0</b> <br />
<b>Otr Vat from excel is 4388.0</b> <br />
<b>Otr rfl and frf from excel is 345.0</b> <br />
<b></b> <br />
<b>OTR price compared</b> <br />
<b>Cost price ex vat and rfl compared</b> <br />
<b>VAT compared</b> <br />
<b>RFL & FRF compared</b> <br />
<b>*************Holding Cost Calulation on quote summary page has been started************</b> <br />
<b>Reading values from Holding Cost summary -Quote Summary Page</b> <br />
<b>holding_cost_terms_from_screen22.0</b> <br />
<b>holding_cost_miles_per_annum_from_screen22000.0</b> <br />
<b>holding_cost_monthly_finance_cost_from_screen712.79</b> <br />
<b>holding_cost_total_monthly_holding_cost_from_screen =712.79</b> <br />
<b>terms compared</b> <br />
<b>Miles per annum compared</b> <br />
<b>Finance cost compared</b> <br />
<b>Total Monthly Holding Cost compared</b> <br />
<b>*************Calculations for Customer Quote Summary on Quote Summary page has been started************</b> <br />
<b>Terms found OK</b> <br />
<b>miles found OK</b> <br />
<b>Monthly Finance Rental found OK</b> <br />
<b>Initial Finance Rental found OK</b> <br />
<b>Followed By months - found OK</b> <br />
<b>Part Exchange Value - found OK</b> <br />
<b>Pence per excess mile finance - found OK</b> <br />
<b>Document Fee - found OK</b> <br />
<b>Upsell - found OK</b> <br />
<b>Default Finance Commission - found OK</b> <br />
<b>Upsell Commission - found OK</b> <br />
<b>Document Fee Commission - found OK</b> <br />
<b>Total Commission - found OK</b> <br />
<b>Referrer Commission - found OK</b> <br />
<b>*************Configuration Values Verification on quote summary page has been started************</b> <br />
<br>----------Screenshot---------<br>
<img src="D:\Acquisition OTR\AMT_Acquisition_OTR\target\surefire-reports\html\failure_screenshots\aquisition_quotes_FL_FL_quote_summary_values_verification_without_maintenance_test_24_04_2025_10_28_49.png" height="800" width="1000">]]>
  </system-out>
</testsuite> <!-- newLCV.FL.Acquisition_Quotes_FL_FL_LCV_without_maintenance_Test -->
