<?xml version="1.0" encoding="UTF-8"?>
<!-- Generated by org.testng.reporters.JUnitReportReporter -->
<testsuite hostname="DSK-4052" failures="0" tests="4" name="newLCV.BROKER.Acquisition_Quotes_Broker_BCH_LCV_with_maintenance_Test" time="215.437" errors="0" timestamp="2024-06-27T09:39:30 IST" skipped="0">
  <testcase classname="newLCV.BROKER.Acquisition_Quotes_Broker_BCH_LCV_with_maintenance_Test" name="aquisition_quotes_user_flow_broker_bch_OTR_calculation_with_maintenance_test" time="144.768"/>
  <system-out>
    <![CDATA[<b>Clicked on Quote button </b> <br />
<b>Manufacture =FIAT has been selected</b> <br />
<b>Model range =FIORINO has been selected</b> <br />
<b>Vehicle has been selected</b> <br />
<b>Paint option has been selected</b> <br />
<b>Interior option has been selected</b> <br />
<b>Acquisition Contract type option selected = Broker </b> <br />
<b>Customer Contract type option selected = Business Contract Hire(BCH)</b> <br />
<b>Getting Basic Price- Vehicle value is  =17895.00</b> <br />
<b>Getting Basic Price - Paint  value is  =0.00</b> <br />
<b>Getting  Basic Price - Options value is   =0.00</b> <br />
<b>Getting Discount- Vehicle value is  =0.00</b> <br />
<b>Getting   Discount - Paint value is   =0.00</b> <br />
<b>Getting  Discount- Options value is   =0.00</b> <br />
<b>Getting Additional Discount- Vehicle value is  =0.00</b> <br />
<b>Getting  Additional Discount - paint value is  =0.00</b> <br />
<b>Getting  Additional Discount - Options value is  =0.00</b> <br />
<b>Writing OTR table values to excel sheet -Started </b> <br />
<b>Writing OTR table values to excel sheet -Completed </b> <br />
<b>Reading Subtotal After Discount from excel sheet -Started </b> <br />
<b>Reading Subtotal After Discount from excel sheet -Started </b> <br />
<b>Subtotal After Discount from excel sheet is =17895.0</b> <br />
<b>Subtotal after discount actual value from screen =Â£ 17,895.00</b> <br />]]>
  </system-out>
  <testcase classname="newLCV.BROKER.Acquisition_Quotes_Broker_BCH_LCV_with_maintenance_Test" name="aquisition_quotes_user_flow_broker_bch_after_discount_calculations_with_maintenance_test" time="4.015"/>
  <system-out>
    <![CDATA[<b>*********Calculations for On Road Price has been started***********</b> <br />
<b>Started getting On screen values from after discount table </b> <br />
<b>Manufacture_delivery_charges =695.0</b> <br />
<b>Road_tax_first_year =275.0</b> <br />
<b>First_registration_fee =65.0</b> <br />
<b>Rebate =0.0</b> <br />
<b>Writing After discount values to excel has been started</b> <br />
<b>Writing After discount values to excel has been completed</b> <br />
<b>Reading On Road Price for invoice from excel has been Started</b> <br />
<b>Reading On Road Price for invoice from excel has been completed</b> <br />
<b>Expected on the road price from excel is =22648.0</b> <br />
<b>Actual on the road price from screen is =22648.00</b> <br />]]>
  </system-out>
  <testcase classname="newLCV.BROKER.Acquisition_Quotes_Broker_BCH_LCV_with_maintenance_Test" name="aquisition_quotes_user_flow_broker_bch_funder_quote_addition_with_maintenance_test" time="32.360"/>
  <system-out>
    <![CDATA[<b>Funder quote added successfully</b> <br />
<b></b> <br />
<b>Started verifying Balance Due Value</b> <br />
<b>Balance Due Value Expected = 739.988</b> <br />
<b>Balance Due Value Actual from screen = 739.99</b> <br />
<b>Balance Due Value verified and found OK</b> <br />]]>
  </system-out>
  <testcase classname="newLCV.BROKER.Acquisition_Quotes_Broker_BCH_LCV_with_maintenance_Test" name="aquisition_quotes_user_flow_broker_bch_quote_summary_values_verification_with_maintenance_test" time="34.294"/>
  <system-out>
    <![CDATA[<b>*************Calculations for Quote Summary page has been started************</b> <br />
<b>Clicking on Save</b> <br />
<b>Reading values from sceen -Quote Summary Page</b> <br />
<b>Getting values from screen</b> <br />
<b>Quote_summary_cost_otr_price =22,648.00</b> <br />
<b>Customer contract_type =Business Contract Hire</b> <br />
<b>Customer Quote generated successfully and Quote_ref_no =YVQ62870</b> <br />
<b>Reading values from excel sheet to compare it with quote summary on screen values</b> <br />
<b>Comparing excel values with actual values on screen</b> <br />
<b>OTR price compared</b> <br />]]>
  </system-out>
</testsuite> <!-- newLCV.BROKER.Acquisition_Quotes_Broker_BCH_LCV_with_maintenance_Test -->
