<?xml version="1.0" encoding="UTF-8"?>
<!-- Generated by org.testng.reporters.JUnitReportReporter -->
<testsuite hostname="DSK-4052" failures="0" tests="5" name="usedCar.OP.Acquisition_Quotes_Outright_PCH_used_car_without_maintenance_Test" time="0.000" errors="0" timestamp="2025-07-02T05:29:53 IST" skipped="5">
  <testcase classname="usedCar.OP.Acquisition_Quotes_Outright_PCH_used_car_without_maintenance_Test" name="aquisition_quotes_used_car_OTR_calculation_without_maintenance_test" time="0.000">
    <skipped/>
  </testcase> <!-- aquisition_quotes_used_car_OTR_calculation_without_maintenance_test -->
  <system-out/>
  <testcase classname="usedCar.OP.Acquisition_Quotes_Outright_PCH_used_car_without_maintenance_Test" name="aquisition_quotes_used_car_edit_cost_price_and_check_OTR_without_maintenance_test" time="0.000">
    <skipped/>
  </testcase> <!-- aquisition_quotes_used_car_edit_cost_price_and_check_OTR_without_maintenance_test -->
  <system-out/>
  <testcase classname="usedCar.OP.Acquisition_Quotes_Outright_PCH_used_car_without_maintenance_Test" name="aquisition_quotes_used_car_holding_cost_calculations_without_maintenance_test" time="0.000">
    <skipped/>
  </testcase> <!-- aquisition_quotes_used_car_holding_cost_calculations_without_maintenance_test -->
  <system-out/>
  <testcase classname="usedCar.OP.Acquisition_Quotes_Outright_PCH_used_car_without_maintenance_Test" name="aquisition_quotes_customer_quote_payment_profile_calculations_without_maintenance_test" time="0.000">
    <skipped/>
  </testcase> <!-- aquisition_quotes_customer_quote_payment_profile_calculations_without_maintenance_test -->
  <system-out/>
  <testcase classname="usedCar.OP.Acquisition_Quotes_Outright_PCH_used_car_without_maintenance_Test" name="aquisition_quotes_quote_summary_values_verification_without_maintenance_test" time="0.000">
    <skipped/>
  </testcase> <!-- aquisition_quotes_quote_summary_values_verification_without_maintenance_test -->
  <system-out/>
</testsuite> <!-- usedCar.OP.Acquisition_Quotes_Outright_PCH_used_car_without_maintenance_Test -->
