<?xml version="1.0" encoding="UTF-8"?>
<!-- Generated by org.testng.reporters.JUnitReportReporter -->
<testsuite hostname="DSK-4052" failures="0" tests="7" name="newLCV.HPNR.Acquisition_Quotes_HPNR_HPR_LCV_with_funder_quote_addition_with_maintenance_Test" time="574.345" errors="0" timestamp="2024-07-20T10:35:00 IST" skipped="0">
  <testcase classname="newLCV.HPNR.Acquisition_Quotes_HPNR_HPR_LCV_with_funder_quote_addition_with_maintenance_Test" name="aquisition_quotes_HPNR_HPR_OTR_calculation_with_maintenance_test" time="146.844"/>
  <system-out>
    <![CDATA[<b>Clicked on Quote button </b> <br />
<b>Manufacture =FIAT has been selected</b> <br />
<b>Model range =FIORINO has been selected</b> <br />
<b>Vehicle has been selected</b> <br />
<b>Paint option has been selected</b> <br />
<b>Interior option has been selected</b> <br />
<b> Acquisition Contract type option = HPNR has been selected</b> <br />
<b> Customer Contract type option = Hire Purchase Regulated (HPR) has been selected</b> <br />
<b>Getting Basic Price- Vehicle value is  =17895.00</b> <br />
<b>Getting Basic Price - Paint  value is  =0.00</b> <br />
<b>Getting  Basic Price - Options value is   =0.00</b> <br />
<b>Getting Discount- Vehicle value is  =0.00</b> <br />
<b>Getting   Discount - Paint value is   =0.00</b> <br />
<b>Getting  Discount- Options value is   =0.00</b> <br />
<b>Getting Additional Discount- Vehicle value is  =0.00</b> <br />
<b>Getting  Additional Discount - paint value is  =0.00</b> <br />
<b>Getting  Additional Discount - Options value is  =0.00</b> <br />
<b>Writing OTR table values to excel sheet -Started </b> <br />
<b>Writing OTR table values to excel sheet -Completed </b> <br />
<b>Reading Subtotal After Discount from excel sheet -Started </b> <br />
<b>Reading Subtotal After Discount from excel sheet -Started </b> <br />
<b>Subtotal After Discount from excel sheet is =17895.0</b> <br />
<b>Subtotal after discount actual value from screen =Â£ 17,895.00</b> <br />]]>
  </system-out>
  <testcase classname="newLCV.HPNR.Acquisition_Quotes_HPNR_HPR_LCV_with_funder_quote_addition_with_maintenance_Test" name="aquisition_quotes_HPNR_HPR_after_discount_calculations_with_maintenance_test" time="3.865"/>
  <system-out>
    <![CDATA[<b>*********Calculations for On Road Price has been started***********</b> <br />
<b>Started getting On screen values from after discount table </b> <br />
<b>Manufacture_delivery_charges =695.00</b> <br />
<b>Road_tax_first_year =275.00</b> <br />
<b>First_registration_fee =65.00</b> <br />
<b>Rebate =0.00</b> <br />
<b>Writing After discount values to excel has been started</b> <br />
<b>Writing After discount values to excel has been completed</b> <br />
<b>Reading On Road Price for invoice from excel has been Started</b> <br />
<b>Reading On Road Price for invoice from excel has been completed</b> <br />
<b>Expected on the road price from excel is =22648.0</b> <br />
<b>Actual on the road price from screen is =22648.00</b> <br />]]>
  </system-out>
  <testcase classname="newLCV.HPNR.Acquisition_Quotes_HPNR_HPR_LCV_with_funder_quote_addition_with_maintenance_Test" name="aquisition_quotes_HPNR_HPR_holding_cost_calculations_with_maintenance_test" time="27.173"/>
  <system-out>
    <![CDATA[<b>***********Entered in holding cost page ***********</b> <br />
<b>***********Holding Cost Calculations has been Started*************</b> <br />
<b>Writing Holding Cost Summary values to excel has been completed</b> <br />
<b>Reading Monthly Holding Cost value from excel</b> <br />
<b>Total_monthly_holding_cost_from_screen =509.81</b> <br />
<b>Total_monthly_holding_cost_from_excel =509.8181818181818</b> <br />]]>
  </system-out>
  <testcase classname="newLCV.HPNR.Acquisition_Quotes_HPNR_HPR_LCV_with_funder_quote_addition_with_maintenance_Test" name="aquisition_quotes_HPNR_HPR_customer_quote_calculations_check_monthly_finance_payment_with_maintenance_test" time="81.631"/>
  <system-out>
    <![CDATA[<b>***********Entered in Customer Quote page ***********</b> <br />
<b>Matrix credit type Limited Credit has been selected</b> <br />
<b>Writing configuration values from property file to Excel for customer quote calculation -started</b> <br />
<b>Writing configuration values from property file to Excel for customer quote calculation -completed</b> <br />
<b>Actual Monthly Finance Payment from screen is 625.85</b> <br />
<b>Writing screen values to Excel for customer quote calculation -started</b> <br />
<b>Writing screen values to Excel for customer quote calculation -completed</b> <br />
<b>Expected Monthly Finannce Rental from excel is 625.8471121830687</b> <br />
<b>Actual Monthly Maintenance Payment from screen is 14.03</b> <br />
<b>Writing screen values to Excel for customer quote calculation -completed</b> <br />
<b>Expected Monthly Maintenance Rental from excel is 14.04</b> <br />]]>
  </system-out>
  <testcase classname="newLCV.HPNR.Acquisition_Quotes_HPNR_HPR_LCV_with_funder_quote_addition_with_maintenance_Test" name="aquisition_quotes_HPNR_HPR_customer_quote_monthly_total_payment_after_balloon_payment_off_with_maintenance_test" time="26.194"/>
  <system-out>
    <![CDATA[<b></b> <br />
<b>Monthly Total Payment Expected (with balloon payment toggle button off) is 804.6235996053</b> <br />
<b>Monthly Total Payment Actual (with balloon payment toggle button off) is 804.62</b> <br />
<b></b> <br />
<b>Monthly Total Payment verified after making balloon payment toggle button off</b> <br />]]>
  </system-out>
  <testcase classname="newLCV.HPNR.Acquisition_Quotes_HPNR_HPR_LCV_with_funder_quote_addition_with_maintenance_Test" name="aquisition_quotes_verify_customer_quote_monthly_finance_payment_after_adding_referrer_commission_test" time="21.768"/>
  <system-out>
    <![CDATA[<b>Referrer Commission 1420added to the referrer commission field</b> <br />
<b></b> <br />
<b>Monthly Total Payment Expected (after adding Referrer Commission) is 639.8871121830687</b> <br />
<b>Monthly Total Payment Actual (after adding Referrer Commission) is 639.88</b> <br />
<b></b> <br />
<b>Monthly Total Payment verified after adding Referrer Commission</b> <br />]]>
  </system-out>
  <testcase classname="newLCV.HPNR.Acquisition_Quotes_HPNR_HPR_LCV_with_funder_quote_addition_with_maintenance_Test" name="aquisition_quotes_HPNR_HPR_quote_summary_values_verification_with_maintenance_test" time="266.870"/>
  <system-out>
    <![CDATA[<b>*************OTR Calulation on quote summary page has been started************</b> <br />
<b>Reading values from OTR calculation -Quote Summary Page</b> <br />
<b></b> <br />
<b>Cost otr price from screen is 22648.0</b> <br />
<b>Cost price ex vat and rfl from screen is 18590.0</b> <br />
<b>Otr Vat from screen is 3718.0</b> <br />
<b>Otr rfl and frf from screen is 340.0</b> <br />
<b></b> <br />
<b></b> <br />
<b>Cost otr price from excel is 22648.0</b> <br />
<b>Cost price ex vat and rfl from excel is 18590.0</b> <br />
<b>Otr Vat from excel is 3718.0</b> <br />
<b>Otr rfl and frf from excel is 340.0</b> <br />
<b></b> <br />
<b>OTR price compared</b> <br />
<b>Cost price ex vat and rfl compared</b> <br />
<b>VAT compared</b> <br />
<b>RFL & FRF compared</b> <br />
<b>*************Holding Cost Calulation on quote summary page has been started************</b> <br />
<b>Reading values from Holding Cost summary -Quote Summary Page</b> <br />
<b>holding_cost_terms_from_screen33.0</b> <br />
<b>holding_cost_miles_per_annum_from_screen5000.0</b> <br />
<b>holding_cost_monthly_finance_cost_from_screen500.36</b> <br />
<b>holding_cost_monthly_maint_cost_used_from_screen9.45</b> <br />
<b>holding_cost_CAP_monthly_maint_cost_from_screen9.45</b> <br />
<b>holding_cost_total_monthly_holding_cost_from_screen =509.81</b> <br />
<b>terms compared</b> <br />
<b>Miles per annum compared</b> <br />
<b>Finance cost compared</b> <br />
<b>Maint cost used  compared</b> <br />
<b>CAP monthly cost compared</b> <br />
<b>Total Monthly Holding Cost compared</b> <br />
<b>*************Customer Quote Calulation on quote summary page has been started************</b> <br />
<b>Terms found OK</b> <br />
<b>miles found OK</b> <br />
<b>Basic Cash Price found OK</b> <br />
<b>VAT found OK</b> <br />
<b>Non VAT Items Value found OK</b> <br />
<b>Total Cash Price found OK</b> <br />
<b>Order Deposit found OK</b> <br />
<b>Finance Deposit found OK</b> <br />
<b>Total Deposit found OK</b> <br />
<b>Balance to Finance found OK</b> <br />
<b>Finance Charges - found OK</b> <br />
<b>Document Fee - found OK</b> <br />
<b>Balance Payable - found OK</b> <br />
<b>Option To Purchase Fee - found OK</b> <br />
<b>Initial Cash Payment - found OK</b> <br />
<b>Followed By months - found OK</b> <br />
<b>Monthly Finance Payment - found OK</b> <br />
<b>Monthly Maint Payment - found OK</b> <br />
<b>Monthly Total Payment - found OK</b> <br />
<b>Balloon Value - found OK</b> <br />
<b>Final Payment - found OK</b> <br />
<b>Pence Per Excess Mile Maintenance - found OK</b> <br />
<b>Vehicle Commission - found OK</b> <br />
<b>Default Finance Commission - found OK</b> <br />
<b>Maintenance Commission - found OK</b> <br />
<b>Document Fee Commission - found OK</b> <br />
<b>Total Commission - found OK</b> <br />
<b>*************Configuration Values Verification on quote summary page has been started************</b> <br />
<b>Base Interest Rate found OK</b> <br />
<b>Finance Margin found OK</b> <br />
<b>Deductions found OK</b> <br />
<b>Additional Margin found OK</b> <br />
<b>Total Margin found OK</b> <br />
<b>Default Broker Margin percentage found OK</b> <br />
<b>Customer Interest Rate found OK</b> <br />
<b>Maintenance Margin found OK</b> <br />
<b>Document Fee Margin found OK</b> <br />
<b>Default Broker Margin found OK</b> <br />
<b>*********Customer Quote generated successfully and Quote_ref_no is=FFE03479</b> <br />
<b>*************OTR Calulation on quote summary page has been started************</b> <br />
<b>Reading values from OTR calculation -Quote Summary Page</b> <br />
<b></b> <br />
<b>Cost otr price from screen is 22648.0</b> <br />
<b>Cost price ex vat and rfl from screen is 18590.0</b> <br />
<b>Otr Vat from screen is 3718.0</b> <br />
<b>Otr rfl and frf from screen is 340.0</b> <br />
<b></b> <br />
<b></b> <br />
<b>Cost otr price from excel is 22648.0</b> <br />
<b>Cost price ex vat and rfl from excel is 18590.0</b> <br />
<b>Otr Vat from excel is 3718.0</b> <br />
<b>Otr rfl and frf from excel is 340.0</b> <br />
<b></b> <br />
<b>OTR price compared</b> <br />
<b>Cost price ex vat and rfl compared</b> <br />
<b>VAT compared</b> <br />
<b>RFL & FRF compared</b> <br />
<b>*************Holding Cost Calulation on quote summary page has been started************</b> <br />
<b>Reading values from Holding Cost summary -Quote Summary Page</b> <br />
<b>holding_cost_terms_from_screen33.0</b> <br />
<b>holding_cost_miles_per_annum_from_screen5000.0</b> <br />
<b>holding_cost_monthly_finance_cost_from_screen500.36</b> <br />
<b>holding_cost_monthly_maint_cost_used_from_screen9.45</b> <br />
<b>holding_cost_CAP_monthly_maint_cost_from_screen9.45</b> <br />
<b>holding_cost_total_monthly_holding_cost_from_screen =509.81</b> <br />
<b>terms compared</b> <br />
<b>Miles per annum compared</b> <br />
<b>Finance cost compared</b> <br />
<b>Maint cost used  compared</b> <br />
<b>CAP monthly cost compared</b> <br />
<b>Total Monthly Holding Cost compared</b> <br />
<b>*************Customer Quote Calulation on quote summary page has been started************</b> <br />
<b>Terms found OK</b> <br />
<b>miles found OK</b> <br />
<b>Basic Cash Price found OK</b> <br />
<b>VAT found OK</b> <br />
<b>Non VAT Items Value found OK</b> <br />
<b>Total Cash Price found OK</b> <br />
<b>Order Deposit found OK</b> <br />
<b>Finance Deposit found OK</b> <br />
<b>Total Deposit found OK</b> <br />
<b>Balance to Finance found OK</b> <br />
<b>Finance Charges - found OK</b> <br />
<b>Document Fee - found OK</b> <br />
<b>Balance Payable - found OK</b> <br />
<b>Option To Purchase Fee - found OK</b> <br />
<b>Initial Cash Payment - found OK</b> <br />
<b>Followed By months - found OK</b> <br />
<b>Monthly Finance Payment - found OK</b> <br />
<b>Monthly Maint Payment - found OK</b> <br />
<b>Monthly Total Payment - found OK</b> <br />
<b>Balloon Value - found OK</b> <br />
<b>Final Payment - found OK</b> <br />
<b>Pence Per Excess Mile Maintenance - found OK</b> <br />
<b>Vehicle Commission - found OK</b> <br />
<b>Default Finance Commission - found OK</b> <br />
<b>Maintenance Commission - found OK</b> <br />
<b>Document Fee Commission - found OK</b> <br />
<b>Total Commission - found OK</b> <br />
<b>*************Configuration Values Verification on quote summary page has been started************</b> <br />
<b>Base Interest Rate found OK</b> <br />
<b>Finance Margin found OK</b> <br />
<b>Deductions found OK</b> <br />
<b>Additional Margin found OK</b> <br />
<b>Total Margin found OK</b> <br />
<b>Default Broker Margin percentage found OK</b> <br />
<b>Customer Interest Rate found OK</b> <br />
<b>Maintenance Margin found OK</b> <br />
<b>Document Fee Margin found OK</b> <br />
<b>Default Broker Margin found OK</b> <br />
<b>*************Editing Base Interest Rate and Verifying  Values on quote summary page has been started************</b> <br />
<b>Base Interest Rate changed to 7.0 %</b> <br />
<b>Holding Cost after changing Base Int. Rate -  found OK</b> <br />
<b>Monthly Finance Rental after changing Base Int. Rate -  found OK</b> <br />
<b>Monthly Maint Rental after changing Base Int. Rate -  found OK</b> <br />
<b>Finance Charges - found OK</b> <br />
<b>Balance Payable - found OK</b> <br />
<b>Base Interest Rate changed to default</b> <br />
<b>*************Editing Customer Rate Over Base and Verifying Values on quote summary page has been started************</b> <br />
<b>Customer Base Over Rate changed to 5.0 %</b> <br />
<b>Monthly Finance Rental after changing Customer Base Over Rate -  found OK</b> <br />
<b>Finance Charges - found OK</b> <br />
<b>Balance Payable - found OK</b> <br />
<b>*************Editing Maintenance Margin and Verifying Values on quote summary page has been started************</b> <br />
<b>Maintenance margin changed to 30 %</b> <br />
<b>Monthly Maint Rental after changing Maintenance margin -  found OK</b> <br />]]>
  </system-out>
</testsuite> <!-- newLCV.HPNR.Acquisition_Quotes_HPNR_HPR_LCV_with_funder_quote_addition_with_maintenance_Test -->
