<?xml version="1.0" encoding="UTF-8"?>
<!-- Generated by org.testng.reporters.JUnitReportReporter -->
<testsuite hostname="DSK-4052" failures="0" tests="8" name="newCar.OP.Acquisition_Quotes_Outright_PCP_with_maintenance_Test" time="628.909" errors="0" timestamp="2025-08-05T08:26:33 IST" skipped="0">
  <testcase classname="newCar.OP.Acquisition_Quotes_Outright_PCP_with_maintenance_Test" name="aquisition_quotes_outright_PCP_OTR_calculation_with_maintenance_test" time="157.702"/>
  <system-out>
    <![CDATA[<b>Clicked on Quote button </b> <br />
<b>Manufacture =AUDI has been selected</b> <br />
<b>Model range =A6 has been selected</b> <br />
<b>Vehicle has been selected</b> <br />
<b>Paint option has been selected</b> <br />
<b>Interior option has been selected</b> <br />
<b> Acquisition Contract type option = Outright has been selected</b> <br />
<b> Customer Contract type option = Personal Contract Purchase (PCP) has been selected</b> <br />
<b>Getting Basic Price- Vehicle value is  =44008.33</b> <br />
<b>Getting Basic Price - Paint  value is  =0.00</b> <br />
<b>Getting  Basic Price - Options value is   =0.00</b> <br />
<b>Getting Discount- Vehicle value is  =2.00</b> <br />
<b>Getting   Discount - Paint value is   =0.00</b> <br />
<b>Getting  Discount- Options value is   =0.00</b> <br />
<b>Getting Additional Discount- Vehicle value is  =0.00</b> <br />
<b>Getting  Additional Discount - paint value is  =0.00</b> <br />
<b>Getting  Additional Discount - Options value is  =0.00</b> <br />
<b>Writing OTR table values to excel sheet -Started </b> <br />
<b>Writing OTR table values to excel sheet -Completed </b> <br />
<b>Reading Subtotal After Discount from excel sheet -Started </b> <br />
<b>Reading Subtotal After Discount from excel sheet -Started </b> <br />
<b>Subtotal After Discount from excel sheet is =43128.163400000005</b> <br />
<b>Subtotal after discount actual value from screen =Â£ 43,128.16</b> <br />]]>
  </system-out>
  <testcase classname="newCar.OP.Acquisition_Quotes_Outright_PCP_with_maintenance_Test" name="aquisition_quotes_outright_PCP_after_discount_calculations_with_maintenance_test" time="3.922"/>
  <system-out>
    <![CDATA[<b>*********Calculations for On Road Price has been started***********</b> <br />
<b>Started getting On screen values from after discount table </b> <br />
<b>Manufacture_delivery_charges =150.00</b> <br />
<b>Road_tax_first_year =1,040.00</b> <br />
<b>First_registration_fee =55.00</b> <br />
<b>Rebate =0.00</b> <br />
<b>Writing After discount values to excel has been started</b> <br />
<b>Writing After discount values to excel has been completed</b> <br />
<b>Reading On Road Price for invoice from excel has been Started</b> <br />
<b>Reading On Road Price for invoice from excel has been completed</b> <br />
<b>Expected on the road price from excel is =53028.8</b> <br />
<b>Actual on the road price from screen is =53028.79</b> <br />]]>
  </system-out>
  <testcase classname="newCar.OP.Acquisition_Quotes_Outright_PCP_with_maintenance_Test" name="aquisition_quotes_outright_PCP_holding_cost_calculations_with_maintenance_test" time="53.034"/>
  <system-out>
    <![CDATA[<b>***********Entered in holding cost page ***********</b> <br />
<b>Clicked on holding cost summary</b> <br />
<b>Clicked on holding_cost_maintenance_toggle_button</b> <br />
<b></b> <br />
<b>***Verifying Holding Cost before editing CAP data*** </b> <br />
<b>Getting on screen values from Holding Cost Page</b> <br />
<b>Duration(Terms) =24.0</b> <br />
<b>Annual_mileage =8000.0</b> <br />
<b>Residual_value_from_screen =25825.0</b> <br />
<b>Total_cap_maintenance_value_annual =493.44</b> <br />
<b>Writing Holding Cost Summary values to excel has been started</b> <br />
<b>Writing Holding Cost Summary values to excel has been completed</b> <br />
<b>Reading Monthly Holding Cost value from excel has been started</b> <br />
<b>Reading Monthly Holding Cost value from excel has been completed</b> <br />
<b>Total_monthly_holding_cost_from_screen =1,246.60</b> <br />
<b>Total_monthly_holding_cost_from_excel =1246.609377732062</b> <br />
<b>Total Monthly Holding Cost based on CAP data is Verified and Found OK</b> <br />
<b></b> <br />
<b>Editing % CAP Residual Value and % CAP Maintenance cost used</b> <br />
<b>Changing % CAP Residual Value (from test  data) to 50</b> <br />
<b>Changing % CAP Maintenance cost (from test  data) to 50</b> <br />
<b>Writing Holding Cost Summary values to excel has been started</b> <br />
<b>Writing Holding Cost Summary values to excel has been completed</b> <br />
<b>Reading Monthly Holding Cost value from excel has been started</b> <br />
<b>Reading Monthly Holding Cost value from excel has been completed</b> <br />
<b>Total_monthly_holding_cost_from_screen =1,641.99</b> <br />
<b>Total_monthly_holding_cost_from_excel =1641.9903387789177</b> <br />
<b>Total Monthly Holding Cost After Editing % Residual Value and % Maintenance Cost is Verified and Found OK</b> <br />
<b></b> <br />
<b>Editing Residual value and Maintenance cost used</b> <br />
<b>Changing Residual Value (from test data) to  =20000</b> <br />
<b>Changing Maintenance Cost used (from test data) to =20</b> <br />
<b>Writing Holding Cost Summary values to excel has been started</b> <br />
<b>Writing Holding Cost Summary values to excel has been completed</b> <br />
<b>Reading Monthly Holding Cost value from excel has been started</b> <br />
<b>Reading Monthly Holding Cost value from excel has been completed</b> <br />
<b>Total_monthly_holding_cost_from_screen =1,429.05</b> <br />
<b>Total_monthly_holding_cost_from_excel =1429.0484172749757</b> <br />
<b>Total Monthly Holding Cost After Editing Residual Value and Maintenance Cost is Verified and Found OK</b> <br />
<b></b> <br />
<b>Editing additional terms and mileage</b> <br />
<b>Updated Residual Value from screen  (to be sent to calculation excel) is =7375.00</b> <br />
<b>Updated Maintenance Cost from screen  (to be sent to calculation excel) is =75.01</b> <br />
<b>Writing Holding Cost Summary values to excel has been started</b> <br />
<b>Writing Holding Cost Summary values to excel has been completed</b> <br />
<b>Reading Monthly Holding Cost value from excel has been started</b> <br />
<b>Reading Monthly Holding Cost value from excel has been completed</b> <br />
<b>Total_monthly_holding_cost_from_screen =1,379.66</b> <br />
<b>Total_monthly_holding_cost_from_excel =1379.6620139196148</b> <br />
<b>Total Monthly Holding Cost After Editing Additional terms and mileage is Verified and Found OK</b> <br />]]>
  </system-out>
  <testcase classname="newCar.OP.Acquisition_Quotes_Outright_PCP_with_maintenance_Test" name="aquisition_quotes_outright_PCP_customer_quote_calculations_check_monthly_finance_payment_with_maintenance_test" time="154.530"/>
  <system-out>
    <![CDATA[<b>***********Entered in Customer Quote page ***********</b> <br />
<b>Matrix credit type A1 Credit has been selected</b> <br />
<b>Writing configuration values from property file to Excel for customer quote calculation -started</b> <br />
<b>Writing configuration values from property file to Excel for customer quote calculation -completed</b> <br />
<b>Actual Monthly total Payment from screen is 1826.56</b> <br />
<b>Writing screen values to Excel for customer quote calculation -started</b> <br />
<b>Writing screen values to Excel for customer quote calculation -completed</b> <br />
<b>Expected Monthly Total Rental from excel is 1826.5596827538882</b> <br />
<b></b> <br />
<b>Started Verifying Sales price discount not to be greater than cost price discount</b> <br />
<b>Sales discount price entered greater than Cost discount prices and verified that sales discount input field doesn't accept greater values than cost discount prices</b> <br />
<b></b> <br />
<b>Started Updating Sales price discount</b> <br />
<b>Actual Sales Total Price from screen (on updating sales discount prices) is 53556.9</b> <br />
<b>Expected Sales Total Price from excel (on updating sales discount prices) is 53556.89604000001</b> <br />
<b>Actual Vehicle Profit from screen (on updating sales discount prices) is 440.09</b> <br />
<b>Expected Vehicle Profit from excel (on updating sales discount prices) is 440.08330000000024</b> <br />
<b>Actual Monthly Finance Payment from screen is 1734.21</b> <br />
<b>Expected Monthly Finance Payment from excel is 1734.2099799033706</b> <br />
<b>Actual Monthly Maintenance Payment from screen is 111.19</b> <br />
<b>Expected Monthly Maintenance Payment from excel is 111.191294117647</b> <br />
<b>1. Sales Total Price , 2.Vehicel Profit , 3.Monthly Finance Rental , 4.Monthly Maintenance Rental , Verified on updating sales discount and found OK</b> <br />]]>
  </system-out>
  <testcase classname="newCar.OP.Acquisition_Quotes_Outright_PCP_with_maintenance_Test" name="aquisition_quotes_outright_PCP_customer_quote_vehicle_profit_edit_check_with_maintenance_test" time="43.108"/>
  <system-out>
    <![CDATA[<b>Monthly Total Payment verified after editing vehicle profit</b> <br />
<b></b> <br />
<b>Verifying Vehicle profit and Total Monthly Payment on editing Vehicle Sales Price</b> <br />
<b>Sending 63634.548 to sales total input field</b> <br />
<b>Vehicle profit Expected is = 8838.131666666668</b> <br />
<b>Vehicle profit Actual is = 8838.12</b> <br />
<b>Monthly Total Payment Expected is = 2204.9519516067676</b> <br />
<b>Monthly Total Payment Actual is = 2204.95</b> <br />
<b>Vehicle profit and Total Monthly Payment verified on editing Vehicle Sales Price</b> <br />]]>
  </system-out>
  <testcase classname="newCar.OP.Acquisition_Quotes_Outright_PCP_with_maintenance_Test" name="aquisition_quotes_outright_PCP_customer_quote_part_exchange_value_edit_check_with_maintenance_test" time="48.044"/>
  <system-out>
    <![CDATA[<b>Entering the deposit Values</b> <br />
<b></b> <br />
<b>Actual Balance to finance after editing part exchange values and deposit values is = 63234.54</b> <br />
<b>Expected Balance to finance after editing part exchange values and deposit values is = 63234.532040000006</b> <br />
<b></b> <br />
<b>Actual Monthly total Payment after editing part exchange values and deposit values is = 2190.68</b> <br />
<b>Expected Monthly total Payment after editing part exchange values and deposit values is = 2190.6807206321264</b> <br />
<b></b> <br />
<b>Monthly total Payment verified after editing part exchange values and deposit values</b> <br />]]>
  </system-out>
  <testcase classname="newCar.OP.Acquisition_Quotes_Outright_PCP_with_maintenance_Test" name="aquisition_quotes_verify_customer_quote_monthly_finance_payment_after_adding_referrer_commission_test" time="18.955"/>
  <system-out>
    <![CDATA[<b>Referrer Commission 1500added to the referrer commission field</b> <br />
<b></b> <br />
<b>Monthly Total Payment Expected (after adding Referrer Commission) is 2244.1978367870056</b> <br />
<b>Monthly Total Payment Actual (after adding Referrer Commission) is 2244.2</b> <br />
<b></b> <br />
<b>Monthly Total Payment verified after adding Referrer Commission</b> <br />]]>
  </system-out>
  <testcase classname="newCar.OP.Acquisition_Quotes_Outright_PCP_with_maintenance_Test" name="aquisition_quotes_outright_PCP_quote_summary_values_verification_with_maintenance_test" time="149.614"/>
  <system-out>
    <![CDATA[<b>*************OTR Calulation on quote summary page has been started************</b> <br />
<b>Reading values from OTR calculation -Quote Summary Page</b> <br />
<b>OTR_calculation_cost_otr_price_from_screen =53028.79</b> <br />
<b>OTR_calculation_cost_price_ex_vat_and_rfl_from_screen =43278.16</b> <br />
<b>OTR_calculation_otr_vat_from_screen =8655.63</b> <br />
<b>OTR_calculation_otr_rfl_and_frf_from_screen =1095.0</b> <br />
<b>OTR price compared</b> <br />
<b>Cost price ex vat and rfl compared</b> <br />
<b>VAT compared</b> <br />
<b>RFL & FRF compared</b> <br />
<b>*************Holding Cost Calulation on quote summary page has been started************</b> <br />
<b>Reading values from Holding Cost summary -Quote Summary Page</b> <br />
<b>holding_cost_terms_from_screen35.0</b> <br />
<b>holding_cost_miles_per_annum_from_screen35000.0</b> <br />
<b>holding_cost_monthly_finance_cost_from_screen1304.65</b> <br />
<b>holding_cost_monthly_maint_cost_used_from_screen75.01</b> <br />
<b>holding_cost_total_monthly_holding_cost_from_screen =1379.66</b> <br />
<b>terms compared</b> <br />
<b>Miles per annum compared</b> <br />
<b>Finance cost compared</b> <br />
<b>Maint cost used  compared</b> <br />
<b>Total Monthly Holding Cost compared</b> <br />
<b>*************Customer Quote Calulation on quote summary page has been started************</b> <br />
<b>Terms found OK</b> <br />
<b>miles found OK</b> <br />
<b>Basic Cash Price found OK</b> <br />
<b>VAT found OK</b> <br />
<b>Non VAT Items Value found OK</b> <br />
<b>Total Cash Price found OK</b> <br />
<b>Order Deposit found OK</b> <br />
<b>Finance Deposit found OK</b> <br />
<b>Total Deposit found OK</b> <br />
<b>Part Exchange Value - found OK</b> <br />
<b>Balance to Finance found OK</b> <br />
<b>Finance Charges - found OK</b> <br />
<b>Document Fee - found OK</b> <br />
<b>Balance Payable - found OK</b> <br />
<b>Option To Purchase Fee - found OK</b> <br />
<b>Initial Cash Payment - found OK</b> <br />
<b>Followed By months - found OK</b> <br />
<b>Monthly Finance Payment - found OK</b> <br />
<b>Monthly Maint Payment - found OK</b> <br />
<b>Monthly Total Payment - found OK</b> <br />
<b>Guaranteed Future Value - found OK</b> <br />
<b>Optional Final Payment - found OK</b> <br />
<b>Pence Per Excess Mile Finance - found OK</b> <br />
<b>Pence Per Excess Mile Maintenance - found OK</b> <br />
<b>Pence Per Excess Mile Total - found OK</b> <br />
<b>Vehicle Commission - found OK</b> <br />
<b>Default Finance Commission - found OK</b> <br />
<b>Maintenance Commission - found OK</b> <br />
<b>Document Fee Commission - found OK</b> <br />
<b>Total Commission - found OK</b> <br />
<b>*************Configuration Values Verification on quote summary page has been started************</b> <br />
<b>Base Interest Rate found OK</b> <br />
<b>Finance Margin found OK</b> <br />
<b>Deductions found wrong</b> <br />
<b>Additional Margin found OK</b> <br />
<b>Total Margin found wrong</b> <br />
<b>Default Broker Margin percentage found OK</b> <br />
<b>Customer Interest Rate found OK</b> <br />
<b>Maintenance Margin found OK</b> <br />
<b>Document Fee Margin found OK</b> <br />
<b>Default Broker Margin found OK</b> <br />
<b>*************Editing Base Interest Rate and Verifying  Values on quote summary page has been started************</b> <br />
<b>Base Interest Rate changed to 7.0 %</b> <br />
<b>Holding Cost after changing Base Int. Rate -  found OK</b> <br />
<b>Monthly Finance Rental after changing Base Int. Rate -  found OK</b> <br />
<b>Monthly Maint Rental after changing Base Int. Rate -  found OK</b> <br />
<b>Finance Charges - found OK</b> <br />
<b>Balance Payable - found OK</b> <br />
<b>*************Editing Customer Rate Over Base and Verifying Values on quote summary page has been started************</b> <br />
<b>Customer Base Over Rate changed to 5.0 %</b> <br />
<b>Monthly Finance Rental after changing Customer Base Over Rate -  found OK</b> <br />
<b>Finance Charges - found OK</b> <br />
<b>Balance Payable - found OK</b> <br />
<b>*************Editing Maintenance Margin and Verifying Values on quote summary page has been started************</b> <br />
<b>Maintenance margin changed to 30 %</b> <br />
<b>Monthly Maint Rental after changing Maintenance margin -  found OK</b> <br />]]>
  </system-out>
</testsuite> <!-- newCar.OP.Acquisition_Quotes_Outright_PCP_with_maintenance_Test -->
