<?xml version="1.0" encoding="UTF-8"?>
<!-- Generated by org.testng.reporters.JUnitReportReporter -->
<testsuite hostname="DSK-4052" failures="0" tests="5" name="usedLCV.OP.Acquisition_Quotes_OP_OP_used_LCV_Test" time="136.349" errors="0" timestamp="2024-07-19T20:08:34 IST" skipped="0">
  <testcase classname="usedLCV.OP.Acquisition_Quotes_OP_OP_used_LCV_Test" name="aquisition_quotes_OP_OP_OTR_calculation_test" time="94.150"/>
  <system-out>
    <![CDATA[<b>Clicked on Quote button </b> <br />
<b>Selecting used vehicle with registration no. = HK21YPJ and mileage = 15000</b> <br />
<b>Vehicle selected</b> <br />
<b>Paint option has been selected</b> <br />
<b>Interior option has been selected</b> <br />
<b> Acquisition Contract type option = Outright Purchase has been selected</b> <br />
<b> Customer Contract type option = Outright Purchase has been selected</b> <br />
<b>Cost Price ex VAT and RFL from screen is 15083.33</b> <br />
<b>VAT from screen is 3016.67</b> <br />
<b>Cost Price ex VAT and RFL calculated is 15083.33</b> <br />
<b>Cost Price ex VAT and RFL verified and found OK</b> <br />]]>
  </system-out>
  <testcase classname="usedLCV.OP.Acquisition_Quotes_OP_OP_used_LCV_Test" name="aquisition_quotes_OP_OP_customer_quote_vehicle_profit_edit_test" time="5.348"/>
  <system-out>
    <![CDATA[<b>***********Entered in Customer Quote page ***********</b> <br />
<b>Vehicle profit 1000.0 added to OTR price 18100.0and sales price updated is 19300.0 i.e. true</b> <br />]]>
  </system-out>
  <testcase classname="usedLCV.OP.Acquisition_Quotes_OP_OP_used_LCV_Test" name="aquisition_quotes_OP_OP_customer_quote_referrer_commission_edit_test" time="2.370"/>
  <system-out>
    <![CDATA[<b></b> <br />
<b>Adding the referrer commission</b> <br />
<b>Actual total profit 0.0 equals to the Expected total profit 0.0 i.e. true</b> <br />]]>
  </system-out>
  <testcase classname="usedLCV.OP.Acquisition_Quotes_OP_OP_used_LCV_Test" name="aquisition_quotes_OP_OP_customer_quote_part_exchange_value_edit_test" time="10.523"/>
  <system-out>
    <![CDATA[<b>Pending Amount from screen 18540.0 Verified Successfully with applied formula 18540.0 i.e. true</b> <br />]]>
  </system-out>
  <testcase classname="usedLCV.OP.Acquisition_Quotes_OP_OP_used_LCV_Test" name="aquisition_quotes_OP_OP_quote_summary_values_verification_with_maintenance_test" time="23.958"/>
  <system-out>
    <![CDATA[<b>*************OTR Calulation on quote summary page has been started************</b> <br />
<b>Reading values from OTR calculation -Quote Summary Page</b> <br />
<b>Cost otr price from screen =18100.0</b> <br />
<b>Cost price ex vat and rfl from screen =15083.33</b> <br />
<b>OTR vat from screen =3016.67</b> <br />
<b>Cost price compared</b> <br />
<b>Quote no. FBD80414 generated successfully after saving the quote </b> <br />]]>
  </system-out>
</testsuite> <!-- usedLCV.OP.Acquisition_Quotes_OP_OP_used_LCV_Test -->
