<?xml version="1.0" encoding="UTF-8"?>
<!-- Generated by org.testng.reporters.JUnitReportReporter -->
<testsuite hostname="DSK-4052" failures="0" tests="6" name="newCar.OP.Acquisition_Quotes_OP_OP_Test" time="212.550" errors="0" timestamp="2025-04-29T16:42:52 IST" skipped="0">
  <testcase classname="newCar.OP.Acquisition_Quotes_OP_OP_Test" name="aquisition_quotes_OP_OP_OTR_calculation_test" time="170.970"/>
  <system-out>
    <![CDATA[<b>Clicked on Quote button </b> <br />
<b>Manufacture =AUDI has been selected</b> <br />
<b>Model range =A6 has been selected</b> <br />
<b>Vehicle has been selected</b> <br />
<b>Paint option has been selected</b> <br />
<b>Interior option has been selected</b> <br />
<b> Acquisition Contract type option = Outright Purchase has been selected</b> <br />
<b> Customer Contract type option = Outright Purchase has been selected</b> <br />
<b>Getting Basic Price- Vehicle value is  =44008.33</b> <br />
<b>Getting Basic Price - Paint  value is  =0.00</b> <br />
<b>Getting  Basic Price - Options value is   =0.00</b> <br />
<b>Getting Discount- Vehicle value is  =2.00</b> <br />
<b>Getting   Discount - Paint value is   =0.00</b> <br />
<b>Getting  Discount- Options value is   =0.00</b> <br />
<b>Getting Additional Discount- Vehicle value is  =0.00</b> <br />
<b>Getting  Additional Discount - paint value is  =0.00</b> <br />
<b>Getting  Additional Discount - Options value is  =0.00</b> <br />
<b>Writing OTR table values to excel sheet -Started </b> <br />
<b>Writing OTR table values to excel sheet -Completed </b> <br />
<b>Reading Subtotal After Discount from excel sheet -Started </b> <br />
<b>Reading Subtotal After Discount from excel sheet -Started </b> <br />
<b>Subtotal After Discount from excel sheet is =43128.163400000005</b> <br />
<b>Subtotal after discount actual value from screen =Â£ 43,128.16</b> <br />]]>
  </system-out>
  <testcase classname="newCar.OP.Acquisition_Quotes_OP_OP_Test" name="aquisition_quotes_OP_OP_after_discount_calculations_test" time="5.348"/>
  <system-out>
    <![CDATA[<b>*********Calculations for On Road Price has been started***********</b> <br />
<b>Started getting On screen values from after discount table </b> <br />
<b>Manufacture_delivery_charges =150.00</b> <br />
<b>Road_tax_first_year =1,040.00</b> <br />
<b>First_registration_fee =55.00</b> <br />
<b>Rebate =0.00</b> <br />
<b>Writing After discount values to excel has been started</b> <br />
<b>Writing After discount values to excel has been completed</b> <br />
<b>Reading On Road Price for invoice from excel has been Started</b> <br />
<b>Reading On Road Price for invoice from excel has been completed</b> <br />
<b>Expected on the road price from excel is =53028.8</b> <br />
<b>Actual on the road price from screen is =53028.79</b> <br />]]>
  </system-out>
  <testcase classname="newCar.OP.Acquisition_Quotes_OP_OP_Test" name="aquisition_quotes_OP_OP_customer_quote_vehicle_profit_edit_test" time="5.653"/>
  <system-out>
    <![CDATA[<b>***********Entered in Customer Quote page ***********</b> <br />
<b></b> <br />
<b>Adding the Vehicle Profit</b> <br />
<b>Vehicle profit 1000.0 added to OTR price 53028.79and sales price updated is 54228.79 i.e. true</b> <br />]]>
  </system-out>
  <testcase classname="newCar.OP.Acquisition_Quotes_OP_OP_Test" name="aquisition_quotes_OP_OP_customer_quote_referrer_commission_edit_test" time="2.410"/>
  <system-out>
    <![CDATA[<b></b> <br />
<b>Adding the referrer commission</b> <br />
<b>Actual total profit -100.0 equals to the Expected total profit -100.0 i.e. true</b> <br />]]>
  </system-out>
  <testcase classname="newCar.OP.Acquisition_Quotes_OP_OP_Test" name="aquisition_quotes_OP_OP_customer_quote_part_exchange_value_edit_test" time="15.601"/>
  <system-out>
    <![CDATA[<b></b> <br />
<b>Adding deposit values</b> <br />
<b>Pending Amount from screen 53468.78 Verified Successfully with applied formula 53468.778 i.e. true</b> <br />]]>
  </system-out>
  <testcase classname="newCar.OP.Acquisition_Quotes_OP_OP_Test" name="aquisition_quotes_OP_OP_quote_summary_values_verification_with_maintenance_test" time="12.568"/>
  <system-out>
    <![CDATA[<b>*************OTR Calulation on quote summary page has been started************</b> <br />
<b>Reading values from OTR calculation -Quote Summary Page</b> <br />
<b>Cost otr price from screen =53028.79</b> <br />
<b>Cost price ex vat and rfl from screen =43278.16</b> <br />
<b>OTR vat from screen =8655.63</b> <br />
<b>Cost price compared</b> <br />]]>
  </system-out>
</testsuite> <!-- newCar.OP.Acquisition_Quotes_OP_OP_Test -->
